-------------------------------------------------------------------------------
Test set: com.framework.resources.services.AttachmentsServiceTest
-------------------------------------------------------------------------------
Tests run: 3, Failures: 0, Errors: 3, Skipped: 0, Time elapsed: 1.532 sec <<< FAILURE! - in com.framework.resources.services.AttachmentsServiceTest
testSave(com.framework.resources.services.AttachmentsServiceTest)  Time elapsed: 0 sec  <<< ERROR!
java.lang.IllegalStateException: Failed to load ApplicationContext
Caused by: org.springframework.beans.factory.BeanCreationException: Error creating bean with name 'sqlSessionFactory' defined in class path resource [config/application-core.xml]: Invocation of init method failed; nested exception is org.springframework.core.NestedIOException: Failed to parse mapping resource: 'file [D:\workspace\framework-root\framework-resources\target\classes\context\mapper\AttachmentsMapper.xml]'; nested exception is org.apache.ibatis.builder.BuilderException: Error parsing Mapper XML. Cause: java.lang.IllegalArgumentException: Result Maps collection already contains value for com.resources.dao.AttachmentsMapper.BaseResultMap
Caused by: org.springframework.core.NestedIOException: Failed to parse mapping resource: 'file [D:\workspace\framework-root\framework-resources\target\classes\context\mapper\AttachmentsMapper.xml]'; nested exception is org.apache.ibatis.builder.BuilderException: Error parsing Mapper XML. Cause: java.lang.IllegalArgumentException: Result Maps collection already contains value for com.resources.dao.AttachmentsMapper.BaseResultMap
Caused by: org.apache.ibatis.builder.BuilderException: Error parsing Mapper XML. Cause: java.lang.IllegalArgumentException: Result Maps collection already contains value for com.resources.dao.AttachmentsMapper.BaseResultMap
Caused by: java.lang.IllegalArgumentException: Result Maps collection already contains value for com.resources.dao.AttachmentsMapper.BaseResultMap

testDeleteString(com.framework.resources.services.AttachmentsServiceTest)  Time elapsed: 0.001 sec  <<< ERROR!
java.lang.IllegalStateException: Failed to load ApplicationContext
Caused by: org.springframework.beans.factory.BeanCreationException: Error creating bean with name 'sqlSessionFactory' defined in class path resource [config/application-core.xml]: Invocation of init method failed; nested exception is org.springframework.core.NestedIOException: Failed to parse mapping resource: 'file [D:\workspace\framework-root\framework-resources\target\classes\context\mapper\AttachmentsMapper.xml]'; nested exception is org.apache.ibatis.builder.BuilderException: Error parsing Mapper XML. Cause: java.lang.IllegalArgumentException: Result Maps collection already contains value for com.resources.dao.AttachmentsMapper.BaseResultMap
Caused by: org.springframework.core.NestedIOException: Failed to parse mapping resource: 'file [D:\workspace\framework-root\framework-resources\target\classes\context\mapper\AttachmentsMapper.xml]'; nested exception is org.apache.ibatis.builder.BuilderException: Error parsing Mapper XML. Cause: java.lang.IllegalArgumentException: Result Maps collection already contains value for com.resources.dao.AttachmentsMapper.BaseResultMap
Caused by: org.apache.ibatis.builder.BuilderException: Error parsing Mapper XML. Cause: java.lang.IllegalArgumentException: Result Maps collection already contains value for com.resources.dao.AttachmentsMapper.BaseResultMap
Caused by: java.lang.IllegalArgumentException: Result Maps collection already contains value for com.resources.dao.AttachmentsMapper.BaseResultMap

testDeleteStringArray(com.framework.resources.services.AttachmentsServiceTest)  Time elapsed: 0.001 sec  <<< ERROR!
java.lang.IllegalStateException: Failed to load ApplicationContext
Caused by: org.springframework.beans.factory.BeanCreationException: Error creating bean with name 'sqlSessionFactory' defined in class path resource [config/application-core.xml]: Invocation of init method failed; nested exception is org.springframework.core.NestedIOException: Failed to parse mapping resource: 'file [D:\workspace\framework-root\framework-resources\target\classes\context\mapper\AttachmentsMapper.xml]'; nested exception is org.apache.ibatis.builder.BuilderException: Error parsing Mapper XML. Cause: java.lang.IllegalArgumentException: Result Maps collection already contains value for com.resources.dao.AttachmentsMapper.BaseResultMap
Caused by: org.springframework.core.NestedIOException: Failed to parse mapping resource: 'file [D:\workspace\framework-root\framework-resources\target\classes\context\mapper\AttachmentsMapper.xml]'; nested exception is org.apache.ibatis.builder.BuilderException: Error parsing Mapper XML. Cause: java.lang.IllegalArgumentException: Result Maps collection already contains value for com.resources.dao.AttachmentsMapper.BaseResultMap
Caused by: org.apache.ibatis.builder.BuilderException: Error parsing Mapper XML. Cause: java.lang.IllegalArgumentException: Result Maps collection already contains value for com.resources.dao.AttachmentsMapper.BaseResultMap
Caused by: java.lang.IllegalArgumentException: Result Maps collection already contains value for com.resources.dao.AttachmentsMapper.BaseResultMap

