<?xml version="1.0" encoding="UTF-8"?>
<testsuite xmlns:xsi="http://www.w3.org/2001/XMLSchema-instance" xsi:schemaLocation="https://maven.apache.org/surefire/maven-surefire-plugin/xsd/surefire-test-report.xsd" name="com.framework.resources.services.AttachmentsServiceTest" time="1.532" tests="3" errors="3" skipped="0" failures="0">
  <properties>
[...]
</properties>
  <testcase name="testSave" classname="com.framework.resources.services.AttachmentsServiceTest" time="0">
    <error message="Failed to load ApplicationContext" type="java.lang.IllegalStateException">java.lang.IllegalStateException: Failed to load ApplicationContext
Caused by: org.springframework.beans.factory.BeanCreationException: Error creating bean with name 'sqlSessionFactory' defined in class path resource [config/application-core.xml]: Invocation of init method failed; nested exception is org.springframework.core.NestedIOException: Failed to parse mapping resource: 'file [D:\workspace\framework-root\framework-resources\target\classes\context\mapper\AttachmentsMapper.xml]'; nested exception is org.apache.ibatis.builder.BuilderException: Error parsing Mapper XML. Cause: java.lang.IllegalArgumentException: Result Maps collection already contains value for com.resources.dao.AttachmentsMapper.BaseResultMap
Caused by: org.springframework.core.NestedIOException: Failed to parse mapping resource: 'file [D:\workspace\framework-root\framework-resources\target\classes\context\mapper\AttachmentsMapper.xml]'; nested exception is org.apache.ibatis.builder.BuilderException: Error parsing Mapper XML. Cause: java.lang.IllegalArgumentException: Result Maps collection already contains value for com.resources.dao.AttachmentsMapper.BaseResultMap
Caused by: org.apache.ibatis.builder.BuilderException: Error parsing Mapper XML. Cause: java.lang.IllegalArgumentException: Result Maps collection already contains value for com.resources.dao.AttachmentsMapper.BaseResultMap
Caused by: java.lang.IllegalArgumentException: Result Maps collection already contains value for com.resources.dao.AttachmentsMapper.BaseResultMap
</error>
    <system-out><![CDATA[16:07:38,499 DEBUG DirtiesContextTestExecutionListener:117 - After test class: context [DefaultTestContext@7a0eab2e testClass = AttachmentsMapperTest, testInstance = [null], testMethod = [null], testException = [null], mergedContextConfiguration = [MergedContextConfiguration@4319b06e testClass = AttachmentsMapperTest, locations = '{classpath:config/application-resources.xml}', classes = '{}', contextInitializerClasses = '[]', activeProfiles = '{mybatis}', propertySourceLocations = '{}', propertySourceProperties = '{}', contextLoader = 'org.springframework.test.context.support.DelegatingSmartContextLoader', parent = [null]]], dirtiesContext [false].
16:07:38,500 DEBUG SpringJUnit4ClassRunner:112 - SpringJUnit4ClassRunner constructor called with [class com.framework.resources.services.AttachmentsServiceTest].
16:07:38,500 DEBUG BootstrapUtils:77 - Instantiating TestContextBootstrapper from class [org.springframework.test.context.support.DefaultTestContextBootstrapper]
16:07:38,500 DEBUG AbstractDelegatingSmartContextLoader:96 - Delegating to GenericXmlContextLoader to process context configuration [ContextConfigurationAttributes@1db12a55 declaringClass = 'com.framework.resources.BaseMybatisTest', classes = '{}', locations = '{classpath:config/application-resources.xml}', inheritLocations = true, initializers = '{}', inheritInitializers = true, name = [null], contextLoaderClass = 'org.springframework.test.context.ContextLoader'].
16:07:38,501 DEBUG DefaultTestContextBootstrapper:112 - @TestExecutionListeners is not present for class [com.framework.resources.services.AttachmentsServiceTest]: using defaults.
16:07:38,503  INFO DefaultTestContextBootstrapper:255 - Loaded default TestExecutionListener class names from location [META-INF/spring.factories]: [org.springframework.test.context.web.ServletTestExecutionListener, org.springframework.test.context.support.DependencyInjectionTestExecutionListener, org.springframework.test.context.support.DirtiesContextTestExecutionListener, org.springframework.test.context.transaction.TransactionalTestExecutionListener, org.springframework.test.context.jdbc.SqlScriptsTestExecutionListener]
16:07:38,503  INFO DefaultTestContextBootstrapper:181 - Using TestExecutionListeners: [org.springframework.test.context.web.ServletTestExecutionListener@260575c2, org.springframework.test.context.support.DependencyInjectionTestExecutionListener@3076270e, org.springframework.test.context.support.DirtiesContextTestExecutionListener@1cfe20fd, org.springframework.test.context.transaction.TransactionalTestExecutionListener@7027d0e9, org.springframework.test.context.jdbc.SqlScriptsTestExecutionListener@4604aa85]
16:07:38,503 DEBUG ProfileValueUtils:70 - Retrieved @ProfileValueSourceConfiguration [null] for test class [com.framework.resources.services.AttachmentsServiceTest]
16:07:38,503 DEBUG ProfileValueUtils:82 - Retrieved ProfileValueSource type [class org.springframework.test.annotation.SystemProfileValueSource] for class [com.framework.resources.services.AttachmentsServiceTest]
16:07:38,504 DEBUG ProfileValueUtils:70 - Retrieved @ProfileValueSourceConfiguration [null] for test class [com.framework.resources.services.AttachmentsServiceTest]
16:07:38,504 DEBUG ProfileValueUtils:82 - Retrieved ProfileValueSource type [class org.springframework.test.annotation.SystemProfileValueSource] for class [com.framework.resources.services.AttachmentsServiceTest]
16:07:38,504 DEBUG ProfileValueUtils:70 - Retrieved @ProfileValueSourceConfiguration [null] for test class [com.framework.resources.services.AttachmentsServiceTest]
16:07:38,504 DEBUG ProfileValueUtils:82 - Retrieved ProfileValueSource type [class org.springframework.test.annotation.SystemProfileValueSource] for class [com.framework.resources.services.AttachmentsServiceTest]
16:07:38,504 DEBUG ProfileValueUtils:70 - Retrieved @ProfileValueSourceConfiguration [null] for test class [com.framework.resources.services.AttachmentsServiceTest]
16:07:38,504 DEBUG ProfileValueUtils:82 - Retrieved ProfileValueSource type [class org.springframework.test.annotation.SystemProfileValueSource] for class [com.framework.resources.services.AttachmentsServiceTest]
16:07:38,505 DEBUG DependencyInjectionTestExecutionListener:80 - Performing dependency injection for test context [[DefaultTestContext@5c5725ac testClass = AttachmentsServiceTest, testInstance = com.framework.resources.services.AttachmentsServiceTest@5d6a6e90, testMethod = [null], testException = [null], mergedContextConfiguration = [MergedContextConfiguration@7680dfd9 testClass = AttachmentsServiceTest, locations = '{classpath:config/application-resources.xml}', classes = '{}', contextInitializerClasses = '[]', activeProfiles = '{mybatis}', propertySourceLocations = '{}', propertySourceProperties = '{}', contextLoader = 'org.springframework.test.context.support.DelegatingSmartContextLoader', parent = [null]]]].
16:07:38,505 DEBUG AbstractDelegatingSmartContextLoader:106 - Delegating to GenericXmlContextLoader to load context from [MergedContextConfiguration@7680dfd9 testClass = AttachmentsServiceTest, locations = '{classpath:config/application-resources.xml}', classes = '{}', contextInitializerClasses = '[]', activeProfiles = '{mybatis}', propertySourceLocations = '{}', propertySourceProperties = '{}', contextLoader = 'org.springframework.test.context.support.DelegatingSmartContextLoader', parent = [null]].
16:07:38,505 DEBUG AbstractGenericContextLoader:107 - Loading ApplicationContext for merged context configuration [[MergedContextConfiguration@7680dfd9 testClass = AttachmentsServiceTest, locations = '{classpath:config/application-resources.xml}', classes = '{}', contextInitializerClasses = '[]', activeProfiles = '{mybatis}', propertySourceLocations = '{}', propertySourceProperties = '{}', contextLoader = 'org.springframework.test.context.support.DelegatingSmartContextLoader', parent = [null]]].
16:07:38,506  INFO XmlBeanDefinitionReader:316 - Loading XML bean definitions from class path resource [config/application-resources.xml]
16:07:38,507 DEBUG DefaultDocumentLoader:73 - Using JAXP provider [com.sun.org.apache.xerces.internal.jaxp.DocumentBuilderFactoryImpl]
16:07:38,508 DEBUG PluggableSchemaResolver:141 - Loading schema mappings from [META-INF/spring.schemas]
16:07:38,510 DEBUG PluggableSchemaResolver:147 - Loaded schema mappings: {http://www.springframework.org/schema/tx/spring-tx-2.5.xsd=org/springframework/transaction/config/spring-tx-2.5.xsd, http://www.springframework.org/schema/aop/spring-aop-4.1.xsd=org/springframework/aop/config/spring-aop-4.1.xsd, http://www.springframework.org/schema/context/spring-context-3.1.xsd=org/springframework/context/config/spring-context-3.1.xsd, http://www.springframework.org/schema/data/repository/spring-repository-1.4.xsd=org/springframework/data/repository/config/spring-repository-1.4.xsd, http://www.springframework.org/schema/jdbc/spring-jdbc-4.1.xsd=org/springframework/jdbc/config/spring-jdbc-4.1.xsd, http://www.springframework.org/schema/mvc/spring-mvc-4.1.xsd=org/springframework/web/servlet/config/spring-mvc-4.1.xsd, http://www.springframework.org/schema/util/spring-util-3.0.xsd=org/springframework/beans/factory/xml/spring-util-3.0.xsd, http://mybatis.org/schema/mybatis-spring-1.2.xsd=org/mybatis/spring/config/mybatis-spring-1.2.xsd, http://www.springframework.org/schema/tool/spring-tool.xsd=org/springframework/beans/factory/xml/spring-tool-4.1.xsd, http://www.springframework.org/schema/aop/spring-aop-3.2.xsd=org/springframework/aop/config/spring-aop-3.2.xsd, http://www.springframework.org/schema/lang/spring-lang-4.1.xsd=org/springframework/scripting/config/spring-lang-4.1.xsd, http://www.springframework.org/schema/context/spring-context-4.0.xsd=org/springframework/context/config/spring-context-4.0.xsd, http://www.springframework.org/schema/mvc/spring-mvc-3.2.xsd=org/springframework/web/servlet/config/spring-mvc-3.2.xsd, http://www.springframework.org/schema/tool/spring-tool-4.1.xsd=org/springframework/beans/factory/xml/spring-tool-4.1.xsd, http://www.springframework.org/schema/lang/spring-lang-3.2.xsd=org/springframework/scripting/config/spring-lang-3.2.xsd, http://www.springframework.org/schema/cache/spring-cache-3.2.xsd=org/springframework/cache/config/spring-cache-3.2.xsd, http://www.springframework.org/schema/jee/spring-jee-4.1.xsd=org/springframework/ejb/config/spring-jee-4.1.xsd, http://www.springframework.org/schema/jdbc/spring-jdbc-3.1.xsd=org/springframework/jdbc/config/spring-jdbc-3.1.xsd, http://www.springframework.org/schema/util/spring-util-2.0.xsd=org/springframework/beans/factory/xml/spring-util-2.0.xsd, http://www.springframework.org/schema/tool/spring-tool-3.2.xsd=org/springframework/beans/factory/xml/spring-tool-3.2.xsd, http://www.springframework.org/schema/context/spring-context.xsd=org/springframework/context/config/spring-context-4.1.xsd, http://www.springframework.org/schema/cache/spring-cache-4.1.xsd=org/springframework/cache/config/spring-cache-4.1.xsd, http://www.springframework.org/schema/aop/spring-aop-4.0.xsd=org/springframework/aop/config/spring-aop-4.0.xsd, http://www.springframework.org/schema/jee/spring-jee-3.2.xsd=org/springframework/ejb/config/spring-jee-3.2.xsd, http://www.springframework.org/schema/context/spring-context-3.0.xsd=org/springframework/context/config/spring-context-3.0.xsd, http://www.springframework.org/schema/jdbc/spring-jdbc-4.0.xsd=org/springframework/jdbc/config/spring-jdbc-4.0.xsd, http://www.springframework.org/schema/mvc/spring-mvc-4.0.xsd=org/springframework/web/servlet/config/spring-mvc-4.0.xsd, http://www.springframework.org/schema/util/spring-util-2.5.xsd=org/springframework/beans/factory/xml/spring-util-2.5.xsd, http://www.springframework.org/schema/beans/spring-beans-3.2.xsd=org/springframework/beans/factory/xml/spring-beans-3.2.xsd, http://www.springframework.org/schema/aop/spring-aop-3.1.xsd=org/springframework/aop/config/spring-aop-3.1.xsd, http://www.springframework.org/schema/lang/spring-lang-4.0.xsd=org/springframework/scripting/config/spring-lang-4.0.xsd, http://www.springframework.org/schema/mvc/spring-mvc.xsd=org/springframework/web/servlet/config/spring-mvc-4.1.xsd, http://www.springframework.org/schema/mvc/spring-mvc-3.1.xsd=org/springframework/web/servlet/config/spring-mvc-3.1.xsd, http://www.springframework.org/schema/beans/spring-beans-4.1.xsd=org/springframework/beans/factory/xml/spring-beans-4.1.xsd, http://www.springframework.org/schema/tool/spring-tool-4.0.xsd=org/springframework/beans/factory/xml/spring-tool-4.0.xsd, http://www.springframework.org/schema/tx/spring-tx-3.2.xsd=org/springframework/transaction/config/spring-tx-3.2.xsd, http://www.springframework.org/schema/lang/spring-lang-3.1.xsd=org/springframework/scripting/config/spring-lang-3.1.xsd, http://www.springframework.org/schema/cache/spring-cache-3.1.xsd=org/springframework/cache/config/spring-cache-3.1.xsd, http://www.springframework.org/schema/jee/spring-jee-4.0.xsd=org/springframework/ejb/config/spring-jee-4.0.xsd, http://www.springframework.org/schema/jdbc/spring-jdbc-3.0.xsd=org/springframework/jdbc/config/spring-jdbc-3.0.xsd, http://www.springframework.org/schema/task/spring-task-4.1.xsd=org/springframework/scheduling/config/spring-task-4.1.xsd, http://www.springframework.org/schema/jdbc/spring-jdbc.xsd=org/springframework/jdbc/config/spring-jdbc-4.1.xsd, http://www.springframework.org/schema/tool/spring-tool-3.1.xsd=org/springframework/beans/factory/xml/spring-tool-3.1.xsd, http://www.springframework.org/schema/tx/spring-tx-4.1.xsd=org/springframework/transaction/config/spring-tx-4.1.xsd, http://www.springframework.org/schema/cache/spring-cache-4.0.xsd=org/springframework/cache/config/spring-cache-4.0.xsd, http://www.springframework.org/schema/jee/spring-jee-3.1.xsd=org/springframework/ejb/config/spring-jee-3.1.xsd, http://www.springframework.org/schema/task/spring-task-3.2.xsd=org/springframework/scheduling/config/spring-task-3.2.xsd, http://www.springframework.org/schema/beans/spring-beans-3.1.xsd=org/springframework/beans/factory/xml/spring-beans-3.1.xsd, http://www.springframework.org/schema/util/spring-util.xsd=org/springframework/beans/factory/xml/spring-util-4.1.xsd, http://www.springframework.org/schema/aop/spring-aop-3.0.xsd=org/springframework/aop/config/spring-aop-3.0.xsd, http://www.springframework.org/schema/data/repository/spring-repository.xsd=org/springframework/data/repository/config/spring-repository-1.7.xsd, http://www.springframework.org/schema/data/repository/spring-repository-1.7.xsd=org/springframework/data/repository/config/spring-repository-1.7.xsd, http://www.springframework.org/schema/mvc/spring-mvc-3.0.xsd=org/springframework/web/servlet/config/spring-mvc-3.0.xsd, http://www.springframework.org/schema/beans/spring-beans-4.0.xsd=org/springframework/beans/factory/xml/spring-beans-4.0.xsd, http://www.springframework.org/schema/beans/spring-beans.xsd=org/springframework/beans/factory/xml/spring-beans-4.1.xsd, http://mybatis.org/schema/mybatis-spring.xsd=org/mybatis/spring/config/mybatis-spring-1.2.xsd, http://www.springframework.org/schema/tx/spring-tx-3.1.xsd=org/springframework/transaction/config/spring-tx-3.1.xsd, http://www.springframework.org/schema/lang/spring-lang-3.0.xsd=org/springframework/scripting/config/spring-lang-3.0.xsd, http://www.springframework.org/schema/context/spring-context-2.5.xsd=org/springframework/context/config/spring-context-2.5.xsd, http://www.springframework.org/schema/task/spring-task-4.0.xsd=org/springframework/scheduling/config/spring-task-4.0.xsd, http://www.springframework.org/schema/tool/spring-tool-3.0.xsd=org/springframework/beans/factory/xml/spring-tool-3.0.xsd, http://www.springframework.org/schema/tx/spring-tx-4.0.xsd=org/springframework/transaction/config/spring-tx-4.0.xsd, http://ehcache-spring-annotations.googlecode.com/svn/schema/ehcache-spring/ehcache-spring-1.2.xsd=com/googlecode/ehcache/annotations/ehcache-spring-1.2.xsd, http://www.springframework.org/schema/aop/spring-aop-2.0.xsd=org/springframework/aop/config/spring-aop-2.0.xsd, http://www.springframework.org/schema/jee/spring-jee-3.0.xsd=org/springframework/ejb/config/spring-jee-3.0.xsd, http://www.springframework.org/schema/util/spring-util-4.1.xsd=org/springframework/beans/factory/xml/spring-util-4.1.xsd, http://www.springframework.org/schema/task/spring-task-3.1.xsd=org/springframework/scheduling/config/spring-task-3.1.xsd, http://www.springframework.org/schema/beans/spring-beans-3.0.xsd=org/springframework/beans/factory/xml/spring-beans-3.0.xsd, http://www.springframework.org/schema/jee/spring-jee.xsd=org/springframework/ejb/config/spring-jee-4.1.xsd, http://www.springframework.org/schema/aop/spring-aop-2.5.xsd=org/springframework/aop/config/spring-aop-2.5.xsd, http://www.springframework.org/schema/lang/spring-lang-2.0.xsd=org/springframework/scripting/config/spring-lang-2.0.xsd, http://www.springframework.org/schema/data/repository/spring-repository-1.6.xsd=org/springframework/data/repository/config/spring-repository-1.6.xsd, http://www.springframework.org/schema/util/spring-util-3.2.xsd=org/springframework/beans/factory/xml/spring-util-3.2.xsd, http://www.springframework.org/schema/task/spring-task.xsd=org/springframework/scheduling/config/spring-task-4.1.xsd, http://www.springframework.org/schema/tool/spring-tool-2.0.xsd=org/springframework/beans/factory/xml/spring-tool-2.0.xsd, http://www.springframework.org/schema/tx/spring-tx-3.0.xsd=org/springframework/transaction/config/spring-tx-3.0.xsd, http://www.springframework.org/schema/lang/spring-lang-2.5.xsd=org/springframework/scripting/config/spring-lang-2.5.xsd, http://www.springframework.org/schema/jee/spring-jee-2.0.xsd=org/springframework/ejb/config/spring-jee-2.0.xsd, http://www.springframework.org/schema/tool/spring-tool-2.5.xsd=org/springframework/beans/factory/xml/spring-tool-2.5.xsd, http://ehcache-spring-annotations.googlecode.com/svn/schema/ehcache-spring/ehcache-spring-1.1.xsd=com/googlecode/ehcache/annotations/ehcache-spring-1.1.xsd, http://www.springframework.org/schema/jee/spring-jee-2.5.xsd=org/springframework/ejb/config/spring-jee-2.5.xsd, http://www.springframework.org/schema/data/repository/spring-repository-1.0.xsd=org/springframework/data/repository/config/spring-repository-1.0.xsd, http://www.springframework.org/schema/util/spring-util-4.0.xsd=org/springframework/beans/factory/xml/spring-util-4.0.xsd, http://www.springframework.org/schema/task/spring-task-3.0.xsd=org/springframework/scheduling/config/spring-task-3.0.xsd, http://www.springframework.org/schema/lang/spring-lang.xsd=org/springframework/scripting/config/spring-lang-4.1.xsd, http://www.springframework.org/schema/context/spring-context-3.2.xsd=org/springframework/context/config/spring-context-3.2.xsd, http://www.springframework.org/schema/data/repository/spring-repository-1.5.xsd=org/springframework/data/repository/config/spring-repository-1.5.xsd, http://www.springframework.org/schema/util/spring-util-3.1.xsd=org/springframework/beans/factory/xml/spring-util-3.1.xsd, http://www.springframework.org/schema/beans/spring-beans-2.0.xsd=org/springframework/beans/factory/xml/spring-beans-2.0.xsd, http://www.springframework.org/schema/cache/spring-cache.xsd=org/springframework/cache/config/spring-cache-4.1.xsd, http://www.springframework.org/schema/tx/spring-tx.xsd=org/springframework/transaction/config/spring-tx-4.1.xsd, http://www.springframework.org/schema/context/spring-context-4.1.xsd=org/springframework/context/config/spring-context-4.1.xsd, http://www.springframework.org/schema/beans/spring-beans-2.5.xsd=org/springframework/beans/factory/xml/spring-beans-2.5.xsd, http://www.springframework.org/schema/tx/spring-tx-2.0.xsd=org/springframework/transaction/config/spring-tx-2.0.xsd, http://ehcache-spring-annotations.googlecode.com/svn/schema/ehcache-spring/ehcache-spring-1.0.xsd=com/googlecode/ehcache/annotations/ehcache-spring-1.0.xsd, http://www.springframework.org/schema/jdbc/spring-jdbc-3.2.xsd=org/springframework/jdbc/config/spring-jdbc-3.2.xsd, http://www.springframework.org/schema/aop/spring-aop.xsd=org/springframework/aop/config/spring-aop-4.1.xsd}
16:07:38,511 DEBUG PluggableSchemaResolver:119 - Found XML schema [http://www.springframework.org/schema/beans/spring-beans.xsd] in classpath: org/springframework/beans/factory/xml/spring-beans-4.1.xsd
16:07:38,517 DEBUG PluggableSchemaResolver:119 - Found XML schema [http://www.springframework.org/schema/context/spring-context.xsd] in classpath: org/springframework/context/config/spring-context-4.1.xsd
16:07:38,518 DEBUG PluggableSchemaResolver:119 - Found XML schema [http://www.springframework.org/schema/tool/spring-tool-4.1.xsd] in classpath: org/springframework/beans/factory/xml/spring-tool-4.1.xsd
16:07:38,520 DEBUG DefaultBeanDefinitionDocumentReader:108 - Loading bean definitions
16:07:38,520  INFO XmlBeanDefinitionReader:316 - Loading XML bean definitions from class path resource [config/application-core.xml]
16:07:38,521 DEBUG DefaultDocumentLoader:73 - Using JAXP provider [com.sun.org.apache.xerces.internal.jaxp.DocumentBuilderFactoryImpl]
16:07:38,523 DEBUG PluggableSchemaResolver:119 - Found XML schema [http://www.springframework.org/schema/beans/spring-beans.xsd] in classpath: org/springframework/beans/factory/xml/spring-beans-4.1.xsd
16:07:38,529 DEBUG PluggableSchemaResolver:119 - Found XML schema [http://www.springframework.org/schema/context/spring-context.xsd] in classpath: org/springframework/context/config/spring-context-4.1.xsd
16:07:38,530 DEBUG PluggableSchemaResolver:119 - Found XML schema [http://www.springframework.org/schema/tool/spring-tool-4.1.xsd] in classpath: org/springframework/beans/factory/xml/spring-tool-4.1.xsd
16:07:38,534 DEBUG PluggableSchemaResolver:119 - Found XML schema [http://www.springframework.org/schema/tx/spring-tx.xsd] in classpath: org/springframework/transaction/config/spring-tx-4.1.xsd
16:07:38,537 DEBUG PluggableSchemaResolver:119 - Found XML schema [http://www.springframework.org/schema/aop/spring-aop.xsd] in classpath: org/springframework/aop/config/spring-aop-4.1.xsd
16:07:38,540 DEBUG DefaultBeanDefinitionDocumentReader:108 - Loading bean definitions
16:07:38,541  INFO XmlBeanDefinitionReader:316 - Loading XML bean definitions from class path resource [config/datasource-config.xml]
16:07:38,542 DEBUG DefaultDocumentLoader:73 - Using JAXP provider [com.sun.org.apache.xerces.internal.jaxp.DocumentBuilderFactoryImpl]
16:07:38,544 DEBUG PluggableSchemaResolver:119 - Found XML schema [http://www.springframework.org/schema/beans/spring-beans.xsd] in classpath: org/springframework/beans/factory/xml/spring-beans-4.1.xsd
16:07:38,550 DEBUG PluggableSchemaResolver:119 - Found XML schema [http://www.springframework.org/schema/context/spring-context.xsd] in classpath: org/springframework/context/config/spring-context-4.1.xsd
16:07:38,552 DEBUG PluggableSchemaResolver:119 - Found XML schema [http://www.springframework.org/schema/tool/spring-tool-4.1.xsd] in classpath: org/springframework/beans/factory/xml/spring-tool-4.1.xsd
16:07:38,555 DEBUG DefaultBeanDefinitionDocumentReader:108 - Loading bean definitions
16:07:38,556 DEBUG DefaultNamespaceHandlerResolver:157 - Loaded NamespaceHandler mappings: {http://www.springframework.org/schema/p=org.springframework.beans.factory.xml.SimplePropertyNamespaceHandler, http://www.springframework.org/schema/mvc=org.springframework.web.servlet.config.MvcNamespaceHandler, http://www.springframework.org/schema/util=org.springframework.beans.factory.xml.UtilNamespaceHandler, http://www.springframework.org/schema/jee=org.springframework.ejb.config.JeeNamespaceHandler, http://www.springframework.org/schema/aop=org.springframework.aop.config.AopNamespaceHandler, http://www.springframework.org/schema/data/repository=org.springframework.data.repository.config.RepositoryNameSpaceHandler, http://www.springframework.org/schema/jdbc=org.springframework.jdbc.config.JdbcNamespaceHandler, http://ehcache-spring-annotations.googlecode.com/svn/schema/ehcache-spring=com.googlecode.ehcache.annotations.config.AnnotationDrivenEhCacheNamespaceHandler, http://www.springframework.org/schema/cache=org.springframework.cache.config.CacheNamespaceHandler, http://mybatis.org/schema/mybatis-spring=org.mybatis.spring.config.NamespaceHandler, http://www.springframework.org/schema/c=org.springframework.beans.factory.xml.SimpleConstructorNamespaceHandler, http://www.springframework.org/schema/tx=org.springframework.transaction.config.TxNamespaceHandler, http://www.springframework.org/schema/task=org.springframework.scheduling.config.TaskNamespaceHandler, http://www.springframework.org/schema/lang=org.springframework.scripting.config.LangNamespaceHandler, http://www.springframework.org/schema/data/keyvalue=org.springframework.data.keyvalue.repository.config.KeyValueRepositoryNameSpaceHandler, http://www.springframework.org/schema/context=org.springframework.context.config.ContextNamespaceHandler}
16:07:38,557 DEBUG DefaultBeanDefinitionDocumentReader:269 - Imported 2 bean definitions from relative location [datasource-config.xml]
16:07:38,557  INFO XmlBeanDefinitionReader:316 - Loading XML bean definitions from class path resource [config/bean-defined.xml]
16:07:38,558 DEBUG DefaultDocumentLoader:73 - Using JAXP provider [com.sun.org.apache.xerces.internal.jaxp.DocumentBuilderFactoryImpl]
16:07:38,559 DEBUG PluggableSchemaResolver:119 - Found XML schema [http://www.springframework.org/schema/beans/spring-beans.xsd] in classpath: org/springframework/beans/factory/xml/spring-beans-4.1.xsd
16:07:38,564 DEBUG DefaultBeanDefinitionDocumentReader:108 - Loading bean definitions
16:07:38,565 DEBUG DefaultBeanDefinitionDocumentReader:269 - Imported 1 bean definitions from relative location [bean-defined.xml]
16:07:38,566 DEBUG ClassPathBeanDefinitionScanner:250 - JSR-330 'javax.inject.Named' annotation found and supported for component scanning
16:07:38,570 DEBUG ClassPathBeanDefinitionScanner:284 - Identified candidate component class: URL [jar:file:/d:/maven/repository/com/framework/framework-core/0.0.1-SNAPSHOT/framework-core-0.0.1-SNAPSHOT.jar!/com/framework/web/advice/ControlAdvice.class]
16:07:38,573 DEBUG ClassPathBeanDefinitionScanner:284 - Identified candidate component class: URL [jar:file:/d:/maven/repository/com/framework/framework-core/0.0.1-SNAPSHOT/framework-core-0.0.1-SNAPSHOT.jar!/com/framework/web/util/SessionManager.class]
16:07:38,575 DEBUG ClassPathBeanDefinitionScanner:250 - JSR-330 'javax.inject.Named' annotation found and supported for component scanning
16:07:38,577 DEBUG ClassPathBeanDefinitionScanner:284 - Identified candidate component class: URL [jar:file:/d:/maven/repository/com/framework/framework-core/0.0.1-SNAPSHOT/framework-core-0.0.1-SNAPSHOT.jar!/com/framework/common/aspect/QueryParamAop.class]
16:07:38,578 DEBUG BeanDefinitionParserDelegate:495 - Neither XML 'id' nor 'name' specified - using generated bean name [org.mybatis.spring.mapper.MapperScannerConfigurer#0]
16:07:38,579 DEBUG ClassPathBeanDefinitionScanner:250 - JSR-330 'javax.inject.Named' annotation found and supported for component scanning
16:07:38,581 DEBUG ClassPathBeanDefinitionScanner:290 - Ignored because not a concrete top-level class: URL [jar:file:/d:/maven/repository/com/framework/framework-core/0.0.1-SNAPSHOT/framework-core-0.0.1-SNAPSHOT.jar!/com/system/mybatis/dao/SysDeptMapper.class]
16:07:38,582 DEBUG ClassPathBeanDefinitionScanner:290 - Ignored because not a concrete top-level class: URL [jar:file:/d:/maven/repository/com/framework/framework-core/0.0.1-SNAPSHOT/framework-core-0.0.1-SNAPSHOT.jar!/com/system/mybatis/dao/SysLogMapper.class]
16:07:38,583 DEBUG ClassPathBeanDefinitionScanner:290 - Ignored because not a concrete top-level class: URL [jar:file:/d:/maven/repository/com/framework/framework-core/0.0.1-SNAPSHOT/framework-core-0.0.1-SNAPSHOT.jar!/com/system/mybatis/service/IIndexItemService.class]
16:07:38,584 DEBUG ClassPathBeanDefinitionScanner:284 - Identified candidate component class: URL [jar:file:/d:/maven/repository/com/framework/framework-core/0.0.1-SNAPSHOT/framework-core-0.0.1-SNAPSHOT.jar!/com/system/mybatis/service/impl/IndexItemService.class]
16:07:38,585 DEBUG ClassPathBeanDefinitionScanner:284 - Identified candidate component class: URL [jar:file:/d:/maven/repository/com/framework/framework-core/0.0.1-SNAPSHOT/framework-core-0.0.1-SNAPSHOT.jar!/com/system/mybatis/service/impl/SysCodeService.class]
16:07:38,586 DEBUG ClassPathBeanDefinitionScanner:284 - Identified candidate component class: URL [jar:file:/d:/maven/repository/com/framework/framework-core/0.0.1-SNAPSHOT/framework-core-0.0.1-SNAPSHOT.jar!/com/system/mybatis/service/impl/SysDeptServiceImpl.class]
16:07:38,586 DEBUG ClassPathBeanDefinitionScanner:284 - Identified candidate component class: URL [jar:file:/d:/maven/repository/com/framework/framework-core/0.0.1-SNAPSHOT/framework-core-0.0.1-SNAPSHOT.jar!/com/system/mybatis/service/impl/SysModuleServiceImpl.class]
16:07:38,587 DEBUG ClassPathBeanDefinitionScanner:284 - Identified candidate component class: URL [jar:file:/d:/maven/repository/com/framework/framework-core/0.0.1-SNAPSHOT/framework-core-0.0.1-SNAPSHOT.jar!/com/system/mybatis/service/impl/SystemLogServiceImpl.class]
16:07:38,588 DEBUG ClassPathBeanDefinitionScanner:284 - Identified candidate component class: URL [jar:file:/d:/maven/repository/com/framework/framework-core/0.0.1-SNAPSHOT/framework-core-0.0.1-SNAPSHOT.jar!/com/system/mybatis/service/impl/SystemRoleServiceImpl.class]
16:07:38,588 DEBUG ClassPathBeanDefinitionScanner:284 - Identified candidate component class: URL [jar:file:/d:/maven/repository/com/framework/framework-core/0.0.1-SNAPSHOT/framework-core-0.0.1-SNAPSHOT.jar!/com/system/mybatis/service/impl/SystemUserServiceImpl.class]
16:07:38,589 DEBUG ClassPathBeanDefinitionScanner:290 - Ignored because not a concrete top-level class: URL [jar:file:/d:/maven/repository/com/framework/framework-core/0.0.1-SNAPSHOT/framework-core-0.0.1-SNAPSHOT.jar!/com/system/mybatis/service/ISysCodeService.class]
16:07:38,589 DEBUG ClassPathBeanDefinitionScanner:290 - Ignored because not a concrete top-level class: URL [jar:file:/d:/maven/repository/com/framework/framework-core/0.0.1-SNAPSHOT/framework-core-0.0.1-SNAPSHOT.jar!/com/system/mybatis/service/ISysModuleService.class]
16:07:38,590 DEBUG ClassPathBeanDefinitionScanner:290 - Ignored because not a concrete top-level class: URL [jar:file:/d:/maven/repository/com/framework/framework-core/0.0.1-SNAPSHOT/framework-core-0.0.1-SNAPSHOT.jar!/com/system/mybatis/service/ISystemLogService.class]
16:07:38,590 DEBUG ClassPathBeanDefinitionScanner:290 - Ignored because not a concrete top-level class: URL [jar:file:/d:/maven/repository/com/framework/framework-core/0.0.1-SNAPSHOT/framework-core-0.0.1-SNAPSHOT.jar!/com/system/mybatis/service/ISystemRoleService.class]
16:07:38,591 DEBUG ClassPathBeanDefinitionScanner:290 - Ignored because not a concrete top-level class: URL [jar:file:/d:/maven/repository/com/framework/framework-core/0.0.1-SNAPSHOT/framework-core-0.0.1-SNAPSHOT.jar!/com/system/mybatis/service/ISystemUserService.class]
16:07:38,592 DEBUG ClassPathBeanDefinitionScanner:250 - JSR-330 'javax.inject.Named' annotation found and supported for component scanning
16:07:38,594 DEBUG ClassPathBeanDefinitionScanner:284 - Identified candidate component class: URL [jar:file:/d:/maven/repository/com/framework/framework-core/0.0.1-SNAPSHOT/framework-core-0.0.1-SNAPSHOT.jar!/com/framework/mybatis/aspect/SystemLogAOP.class]
16:07:38,598 DEBUG ClassPathBeanDefinitionScanner:290 - Ignored because not a concrete top-level class: URL [jar:file:/d:/maven/repository/com/framework/framework-core/0.0.1-SNAPSHOT/framework-core-0.0.1-SNAPSHOT.jar!/com/framework/mybatis/service/ICommonService.class]
16:07:38,598 DEBUG ClassPathBeanDefinitionScanner:284 - Identified candidate component class: URL [jar:file:/d:/maven/repository/com/framework/framework-core/0.0.1-SNAPSHOT/framework-core-0.0.1-SNAPSHOT.jar!/com/framework/mybatis/service/impl/CommonServiceImpl.class]
16:07:38,599 DEBUG DefaultBeanDefinitionDocumentReader:269 - Imported 28 bean definitions from relative location [application-core.xml]
16:07:38,600 DEBUG ClassPathBeanDefinitionScanner:250 - JSR-330 'javax.inject.Named' annotation found and supported for component scanning
16:07:38,604 DEBUG ClassPathBeanDefinitionScanner:284 - Identified candidate component class: file [D:\workspace\framework-root\framework-resources\target\classes\com\resources\services\impl\AttachmentsServiceImpl.class]
16:07:38,604 DEBUG ClassPathBeanDefinitionScanner:284 - Identified candidate component class: file [D:\workspace\framework-root\framework-resources\target\classes\com\resources\web\AttachmentsController.class]
16:07:38,605 DEBUG ClassPathBeanDefinitionScanner:284 - Identified candidate component class: file [D:\workspace\framework-root\framework-resources\target\classes\com\resources\web\ShareResources.class]
16:07:38,606 DEBUG ClassPathBeanDefinitionScanner:250 - JSR-330 'javax.inject.Named' annotation found and supported for component scanning
16:07:38,609 DEBUG ClassPathBeanDefinitionScanner:284 - Identified candidate component class: file [D:\workspace\framework-root\framework-resources\target\classes\com\framework\image\handler\impl\IM4ImageHandler.class]
16:07:38,610 DEBUG ClassPathBeanDefinitionScanner:284 - Identified candidate component class: file [D:\workspace\framework-root\framework-resources\target\classes\com\framework\image\ImageService.class]
16:07:38,611 DEBUG BeanDefinitionParserDelegate:495 - Neither XML 'id' nor 'name' specified - using generated bean name [org.mybatis.spring.mapper.MapperScannerConfigurer#1]
16:07:38,611 DEBUG XmlBeanDefinitionReader:223 - Loaded 35 bean definitions from location pattern [classpath:config/application-resources.xml]
16:07:38,612  INFO GenericApplicationContext:510 - Refreshing org.springframework.context.support.GenericApplicationContext@6e85c57: startup date [Mon Sep 18 16:07:38 CST 2017]; root of context hierarchy
16:07:38,612 DEBUG GenericApplicationContext:540 - Bean factory for org.springframework.context.support.GenericApplicationContext@6e85c57: org.springframework.beans.factory.support.DefaultListableBeanFactory@60d9df2b: defining beans [org.springframework.beans.factory.config.PropertyPlaceholderConfigurer#0,dataSource,validator,controlAdvice,sessionManager,org.springframework.context.annotation.internalConfigurationAnnotationProcessor,org.springframework.context.annotation.internalAutowiredAnnotationProcessor,org.springframework.context.annotation.internalRequiredAnnotationProcessor,org.springframework.context.annotation.internalCommonAnnotationProcessor,org.springframework.context.annotation.internalPersistenceAnnotationProcessor,queryParamAop,org.springframework.aop.config.internalAutoProxyCreator,org.springframework.transaction.annotation.AnnotationTransactionAttributeSource#0,org.springframework.transaction.interceptor.TransactionInterceptor#0,org.springframework.transaction.config.internalTransactionAdvisor,sqlSessionFactory,myBatisExceptionTranslator,org.mybatis.spring.mapper.MapperScannerConfigurer#0,transactionManager,indexItemService,sysCodeService,sysDeptServiceImpl,sysModuleServiceImpl,systemLogServiceImpl,systemRoleServiceImpl,systemUserServiceImpl,systemLogAOP,commonServiceImpl,configProperties,attachmentsServiceImpl,attachmentsController,shareResources,iM4ImageHandler,imageService,org.mybatis.spring.mapper.MapperScannerConfigurer#1]; root of factory hierarchy
16:07:38,613 DEBUG DefaultListableBeanFactory:220 - Creating shared instance of singleton bean 'org.springframework.context.annotation.internalConfigurationAnnotationProcessor'
16:07:38,613 DEBUG DefaultListableBeanFactory:450 - Creating instance of bean 'org.springframework.context.annotation.internalConfigurationAnnotationProcessor'
16:07:38,614 DEBUG DefaultListableBeanFactory:524 - Eagerly caching bean 'org.springframework.context.annotation.internalConfigurationAnnotationProcessor' to allow for resolving potential circular references
16:07:38,614 DEBUG DefaultListableBeanFactory:478 - Finished creating instance of bean 'org.springframework.context.annotation.internalConfigurationAnnotationProcessor'
16:07:38,628 DEBUG DefaultListableBeanFactory:220 - Creating shared instance of singleton bean 'org.mybatis.spring.mapper.MapperScannerConfigurer#0'
16:07:38,629 DEBUG DefaultListableBeanFactory:450 - Creating instance of bean 'org.mybatis.spring.mapper.MapperScannerConfigurer#0'
16:07:38,629 DEBUG DefaultListableBeanFactory:524 - Eagerly caching bean 'org.mybatis.spring.mapper.MapperScannerConfigurer#0' to allow for resolving potential circular references
16:07:38,629 DEBUG DefaultListableBeanFactory:1610 - Invoking afterPropertiesSet() on bean with name 'org.mybatis.spring.mapper.MapperScannerConfigurer#0'
16:07:38,629 DEBUG DefaultListableBeanFactory:478 - Finished creating instance of bean 'org.mybatis.spring.mapper.MapperScannerConfigurer#0'
16:07:38,632 DEBUG ClassPathMapperScanner:284 - Identified candidate component class: URL [jar:file:/d:/maven/repository/com/framework/framework-core/0.0.1-SNAPSHOT/framework-core-0.0.1-SNAPSHOT.jar!/com/system/common/SysConstant.class]
16:07:38,632 DEBUG ClassPathMapperScanner:284 - Identified candidate component class: URL [jar:file:/d:/maven/repository/com/framework/framework-core/0.0.1-SNAPSHOT/framework-core-0.0.1-SNAPSHOT.jar!/com/system/jpa/repository/ISysDeptDao.class]
16:07:38,633 DEBUG ClassPathMapperScanner:290 - Ignored because not a concrete top-level class: URL [jar:file:/d:/maven/repository/com/framework/framework-core/0.0.1-SNAPSHOT/framework-core-0.0.1-SNAPSHOT.jar!/com/system/jpa/repository/jpa/SysDeptDaoImpl.class]
16:07:38,633 DEBUG ClassPathMapperScanner:290 - Ignored because not a concrete top-level class: URL [jar:file:/d:/maven/repository/com/framework/framework-core/0.0.1-SNAPSHOT/framework-core-0.0.1-SNAPSHOT.jar!/com/system/model/DataIndexTree.class]
16:07:38,634 DEBUG ClassPathMapperScanner:290 - Ignored because not a concrete top-level class: URL [jar:file:/d:/maven/repository/com/framework/framework-core/0.0.1-SNAPSHOT/framework-core-0.0.1-SNAPSHOT.jar!/com/system/model/SysCode.class]
16:07:38,634 DEBUG ClassPathMapperScanner:290 - Ignored because not a concrete top-level class: URL [jar:file:/d:/maven/repository/com/framework/framework-core/0.0.1-SNAPSHOT/framework-core-0.0.1-SNAPSHOT.jar!/com/system/model/SysCodeTree.class]
16:07:38,634 DEBUG ClassPathMapperScanner:290 - Ignored because not a concrete top-level class: URL [jar:file:/d:/maven/repository/com/framework/framework-core/0.0.1-SNAPSHOT/framework-core-0.0.1-SNAPSHOT.jar!/com/system/model/SysDepartmentTree.class]
16:07:38,635 DEBUG ClassPathMapperScanner:290 - Ignored because not a concrete top-level class: URL [jar:file:/d:/maven/repository/com/framework/framework-core/0.0.1-SNAPSHOT/framework-core-0.0.1-SNAPSHOT.jar!/com/system/model/SysDept.class]
16:07:38,635 DEBUG ClassPathMapperScanner:290 - Ignored because not a concrete top-level class: URL [jar:file:/d:/maven/repository/com/framework/framework-core/0.0.1-SNAPSHOT/framework-core-0.0.1-SNAPSHOT.jar!/com/system/model/SysDeptUser.class]
16:07:38,636 DEBUG ClassPathMapperScanner:290 - Ignored because not a concrete top-level class: URL [jar:file:/d:/maven/repository/com/framework/framework-core/0.0.1-SNAPSHOT/framework-core-0.0.1-SNAPSHOT.jar!/com/system/model/SysIndexitem.class]
16:07:38,636 DEBUG ClassPathMapperScanner:290 - Ignored because not a concrete top-level class: URL [jar:file:/d:/maven/repository/com/framework/framework-core/0.0.1-SNAPSHOT/framework-core-0.0.1-SNAPSHOT.jar!/com/system/model/SysLog.class]
16:07:38,637 DEBUG ClassPathMapperScanner:290 - Ignored because not a concrete top-level class: URL [jar:file:/d:/maven/repository/com/framework/framework-core/0.0.1-SNAPSHOT/framework-core-0.0.1-SNAPSHOT.jar!/com/system/model/SysModule.class]
16:07:38,637 DEBUG ClassPathMapperScanner:290 - Ignored because not a concrete top-level class: URL [jar:file:/d:/maven/repository/com/framework/framework-core/0.0.1-SNAPSHOT/framework-core-0.0.1-SNAPSHOT.jar!/com/system/model/SysRole.class]
16:07:38,637 DEBUG ClassPathMapperScanner:290 - Ignored because not a concrete top-level class: URL [jar:file:/d:/maven/repository/com/framework/framework-core/0.0.1-SNAPSHOT/framework-core-0.0.1-SNAPSHOT.jar!/com/system/model/SysRoleFuncKey.class]
16:07:38,638 DEBUG ClassPathMapperScanner:290 - Ignored because not a concrete top-level class: URL [jar:file:/d:/maven/repository/com/framework/framework-core/0.0.1-SNAPSHOT/framework-core-0.0.1-SNAPSHOT.jar!/com/system/model/SysRoleUser.class]
16:07:38,638 DEBUG ClassPathMapperScanner:290 - Ignored because not a concrete top-level class: URL [jar:file:/d:/maven/repository/com/framework/framework-core/0.0.1-SNAPSHOT/framework-core-0.0.1-SNAPSHOT.jar!/com/system/model/SysUser.class]
16:07:38,638 DEBUG ClassPathMapperScanner:284 - Identified candidate component class: URL [jar:file:/d:/maven/repository/com/framework/framework-core/0.0.1-SNAPSHOT/framework-core-0.0.1-SNAPSHOT.jar!/com/system/mybatis/dao/CommSeqMapper.class]
16:07:38,639 DEBUG ClassPathMapperScanner:284 - Identified candidate component class: URL [jar:file:/d:/maven/repository/com/framework/framework-core/0.0.1-SNAPSHOT/framework-core-0.0.1-SNAPSHOT.jar!/com/system/mybatis/dao/SysCodeMapper.class]
16:07:38,639 DEBUG ClassPathMapperScanner:284 - Identified candidate component class: URL [jar:file:/d:/maven/repository/com/framework/framework-core/0.0.1-SNAPSHOT/framework-core-0.0.1-SNAPSHOT.jar!/com/system/mybatis/dao/SysDeptMapper.class]
16:07:38,639 DEBUG ClassPathMapperScanner:284 - Identified candidate component class: URL [jar:file:/d:/maven/repository/com/framework/framework-core/0.0.1-SNAPSHOT/framework-core-0.0.1-SNAPSHOT.jar!/com/system/mybatis/dao/SysDeptUserMapper.class]
16:07:38,640 DEBUG ClassPathMapperScanner:284 - Identified candidate component class: URL [jar:file:/d:/maven/repository/com/framework/framework-core/0.0.1-SNAPSHOT/framework-core-0.0.1-SNAPSHOT.jar!/com/system/mybatis/dao/SysIndexitemMapper.class]
16:07:38,640 DEBUG ClassPathMapperScanner:284 - Identified candidate component class: URL [jar:file:/d:/maven/repository/com/framework/framework-core/0.0.1-SNAPSHOT/framework-core-0.0.1-SNAPSHOT.jar!/com/system/mybatis/dao/SysLogMapper.class]
16:07:38,641 DEBUG ClassPathMapperScanner:284 - Identified candidate component class: URL [jar:file:/d:/maven/repository/com/framework/framework-core/0.0.1-SNAPSHOT/framework-core-0.0.1-SNAPSHOT.jar!/com/system/mybatis/dao/SysModuleMapper.class]
16:07:38,641 DEBUG ClassPathMapperScanner:284 - Identified candidate component class: URL [jar:file:/d:/maven/repository/com/framework/framework-core/0.0.1-SNAPSHOT/framework-core-0.0.1-SNAPSHOT.jar!/com/system/mybatis/dao/SysRoleFuncMapper.class]
16:07:38,641 DEBUG ClassPathMapperScanner:284 - Identified candidate component class: URL [jar:file:/d:/maven/repository/com/framework/framework-core/0.0.1-SNAPSHOT/framework-core-0.0.1-SNAPSHOT.jar!/com/system/mybatis/dao/SysRoleMapper.class]
16:07:38,642 DEBUG ClassPathMapperScanner:284 - Identified candidate component class: URL [jar:file:/d:/maven/repository/com/framework/framework-core/0.0.1-SNAPSHOT/framework-core-0.0.1-SNAPSHOT.jar!/com/system/mybatis/dao/SysRoleUserMapper.class]
16:07:38,642 DEBUG ClassPathMapperScanner:284 - Identified candidate component class: URL [jar:file:/d:/maven/repository/com/framework/framework-core/0.0.1-SNAPSHOT/framework-core-0.0.1-SNAPSHOT.jar!/com/system/mybatis/dao/SysUserMapper.class]
16:07:38,642 DEBUG ClassPathMapperScanner:284 - Identified candidate component class: URL [jar:file:/d:/maven/repository/com/framework/framework-core/0.0.1-SNAPSHOT/framework-core-0.0.1-SNAPSHOT.jar!/com/system/mybatis/service/IIndexItemService.class]
16:07:38,643 DEBUG ClassPathMapperScanner:290 - Ignored because not a concrete top-level class: URL [jar:file:/d:/maven/repository/com/framework/framework-core/0.0.1-SNAPSHOT/framework-core-0.0.1-SNAPSHOT.jar!/com/system/mybatis/service/impl/IndexItemService.class]
16:07:38,644 DEBUG ClassPathMapperScanner:290 - Ignored because not a concrete top-level class: URL [jar:file:/d:/maven/repository/com/framework/framework-core/0.0.1-SNAPSHOT/framework-core-0.0.1-SNAPSHOT.jar!/com/system/mybatis/service/impl/SysCodeService.class]
16:07:38,645 DEBUG ClassPathMapperScanner:290 - Ignored because not a concrete top-level class: URL [jar:file:/d:/maven/repository/com/framework/framework-core/0.0.1-SNAPSHOT/framework-core-0.0.1-SNAPSHOT.jar!/com/system/mybatis/service/impl/SysDeptServiceImpl.class]
16:07:38,645 DEBUG ClassPathMapperScanner:290 - Ignored because not a concrete top-level class: URL [jar:file:/d:/maven/repository/com/framework/framework-core/0.0.1-SNAPSHOT/framework-core-0.0.1-SNAPSHOT.jar!/com/system/mybatis/service/impl/SysModuleServiceImpl.class]
16:07:38,645 DEBUG ClassPathMapperScanner:290 - Ignored because not a concrete top-level class: URL [jar:file:/d:/maven/repository/com/framework/framework-core/0.0.1-SNAPSHOT/framework-core-0.0.1-SNAPSHOT.jar!/com/system/mybatis/service/impl/SystemLogServiceImpl.class]
16:07:38,646 DEBUG ClassPathMapperScanner:290 - Ignored because not a concrete top-level class: URL [jar:file:/d:/maven/repository/com/framework/framework-core/0.0.1-SNAPSHOT/framework-core-0.0.1-SNAPSHOT.jar!/com/system/mybatis/service/impl/SystemRoleServiceImpl.class]
16:07:38,647 DEBUG ClassPathMapperScanner:290 - Ignored because not a concrete top-level class: URL [jar:file:/d:/maven/repository/com/framework/framework-core/0.0.1-SNAPSHOT/framework-core-0.0.1-SNAPSHOT.jar!/com/system/mybatis/service/impl/SystemUserServiceImpl.class]
16:07:38,647 DEBUG ClassPathMapperScanner:284 - Identified candidate component class: URL [jar:file:/d:/maven/repository/com/framework/framework-core/0.0.1-SNAPSHOT/framework-core-0.0.1-SNAPSHOT.jar!/com/system/mybatis/service/ISysCodeService.class]
16:07:38,648 DEBUG ClassPathMapperScanner:284 - Identified candidate component class: URL [jar:file:/d:/maven/repository/com/framework/framework-core/0.0.1-SNAPSHOT/framework-core-0.0.1-SNAPSHOT.jar!/com/system/mybatis/service/ISysDeptService.class]
16:07:38,648 DEBUG ClassPathMapperScanner:284 - Identified candidate component class: URL [jar:file:/d:/maven/repository/com/framework/framework-core/0.0.1-SNAPSHOT/framework-core-0.0.1-SNAPSHOT.jar!/com/system/mybatis/service/ISysModuleService.class]
16:07:38,649 DEBUG ClassPathMapperScanner:284 - Identified candidate component class: URL [jar:file:/d:/maven/repository/com/framework/framework-core/0.0.1-SNAPSHOT/framework-core-0.0.1-SNAPSHOT.jar!/com/system/mybatis/service/ISystemLogService.class]
16:07:38,649 DEBUG ClassPathMapperScanner:284 - Identified candidate component class: URL [jar:file:/d:/maven/repository/com/framework/framework-core/0.0.1-SNAPSHOT/framework-core-0.0.1-SNAPSHOT.jar!/com/system/mybatis/service/ISystemRoleService.class]
16:07:38,650 DEBUG ClassPathMapperScanner:284 - Identified candidate component class: URL [jar:file:/d:/maven/repository/com/framework/framework-core/0.0.1-SNAPSHOT/framework-core-0.0.1-SNAPSHOT.jar!/com/system/mybatis/service/ISystemUserService.class]
16:07:38,651 DEBUG ClassPathMapperScanner:290 - Ignored because not a concrete top-level class: URL [jar:file:/d:/maven/repository/com/framework/framework-core/0.0.1-SNAPSHOT/framework-core-0.0.1-SNAPSHOT.jar!/com/system/web/code/CodeController.class]
16:07:38,652 DEBUG ClassPathMapperScanner:290 - Ignored because not a concrete top-level class: URL [jar:file:/d:/maven/repository/com/framework/framework-core/0.0.1-SNAPSHOT/framework-core-0.0.1-SNAPSHOT.jar!/com/system/web/custom/CustomController.class]
16:07:38,653 DEBUG ClassPathMapperScanner:290 - Ignored because not a concrete top-level class: URL [jar:file:/d:/maven/repository/com/framework/framework-core/0.0.1-SNAPSHOT/framework-core-0.0.1-SNAPSHOT.jar!/com/system/web/dataindex/IndexItemController.class]
16:07:38,653 DEBUG ClassPathMapperScanner:290 - Ignored because not a concrete top-level class: URL [jar:file:/d:/maven/repository/com/framework/framework-core/0.0.1-SNAPSHOT/framework-core-0.0.1-SNAPSHOT.jar!/com/system/web/DepartmentController.class]
16:07:38,654 DEBUG ClassPathMapperScanner:290 - Ignored because not a concrete top-level class: URL [jar:file:/d:/maven/repository/com/framework/framework-core/0.0.1-SNAPSHOT/framework-core-0.0.1-SNAPSHOT.jar!/com/system/web/RoleController.class]
16:07:38,655 DEBUG ClassPathMapperScanner:290 - Ignored because not a concrete top-level class: URL [jar:file:/d:/maven/repository/com/framework/framework-core/0.0.1-SNAPSHOT/framework-core-0.0.1-SNAPSHOT.jar!/com/system/web/user/UserController.class]
16:07:38,656 DEBUG ClassPathMapperScanner:161 - Creating MapperFactoryBean with name 'sysConstant' and 'com.system.common.SysConstant' mapperInterface
16:07:38,656 DEBUG ClassPathMapperScanner:161 - Creating MapperFactoryBean with name 'ISysDeptDao' and 'com.system.jpa.repository.ISysDeptDao' mapperInterface
16:07:38,656 DEBUG ClassPathMapperScanner:161 - Creating MapperFactoryBean with name 'commSeqMapper' and 'com.system.mybatis.dao.CommSeqMapper' mapperInterface
16:07:38,656 DEBUG ClassPathMapperScanner:161 - Creating MapperFactoryBean with name 'sysCodeMapper' and 'com.system.mybatis.dao.SysCodeMapper' mapperInterface
16:07:38,657 DEBUG ClassPathMapperScanner:161 - Creating MapperFactoryBean with name 'sysDeptMapper' and 'com.system.mybatis.dao.SysDeptMapper' mapperInterface
16:07:38,657 DEBUG ClassPathMapperScanner:161 - Creating MapperFactoryBean with name 'sysDeptUserMapper' and 'com.system.mybatis.dao.SysDeptUserMapper' mapperInterface
16:07:38,657 DEBUG ClassPathMapperScanner:161 - Creating MapperFactoryBean with name 'sysIndexitemMapper' and 'com.system.mybatis.dao.SysIndexitemMapper' mapperInterface
16:07:38,657 DEBUG ClassPathMapperScanner:161 - Creating MapperFactoryBean with name 'sysLogMapper' and 'com.system.mybatis.dao.SysLogMapper' mapperInterface
16:07:38,657 DEBUG ClassPathMapperScanner:161 - Creating MapperFactoryBean with name 'sysModuleMapper' and 'com.system.mybatis.dao.SysModuleMapper' mapperInterface
16:07:38,657 DEBUG ClassPathMapperScanner:161 - Creating MapperFactoryBean with name 'sysRoleFuncMapper' and 'com.system.mybatis.dao.SysRoleFuncMapper' mapperInterface
16:07:38,657 DEBUG ClassPathMapperScanner:161 - Creating MapperFactoryBean with name 'sysRoleMapper' and 'com.system.mybatis.dao.SysRoleMapper' mapperInterface
16:07:38,657 DEBUG ClassPathMapperScanner:161 - Creating MapperFactoryBean with name 'sysRoleUserMapper' and 'com.system.mybatis.dao.SysRoleUserMapper' mapperInterface
16:07:38,657 DEBUG ClassPathMapperScanner:161 - Creating MapperFactoryBean with name 'sysUserMapper' and 'com.system.mybatis.dao.SysUserMapper' mapperInterface
16:07:38,658 DEBUG ClassPathMapperScanner:161 - Creating MapperFactoryBean with name 'IIndexItemService' and 'com.system.mybatis.service.IIndexItemService' mapperInterface
16:07:38,658 DEBUG ClassPathMapperScanner:161 - Creating MapperFactoryBean with name 'ISysCodeService' and 'com.system.mybatis.service.ISysCodeService' mapperInterface
16:07:38,658 DEBUG ClassPathMapperScanner:161 - Creating MapperFactoryBean with name 'ISysDeptService' and 'com.system.mybatis.service.ISysDeptService' mapperInterface
16:07:38,658 DEBUG ClassPathMapperScanner:161 - Creating MapperFactoryBean with name 'ISysModuleService' and 'com.system.mybatis.service.ISysModuleService' mapperInterface
16:07:38,658 DEBUG ClassPathMapperScanner:161 - Creating MapperFactoryBean with name 'ISystemLogService' and 'com.system.mybatis.service.ISystemLogService' mapperInterface
16:07:38,658 DEBUG ClassPathMapperScanner:161 - Creating MapperFactoryBean with name 'ISystemRoleService' and 'com.system.mybatis.service.ISystemRoleService' mapperInterface
16:07:38,658 DEBUG ClassPathMapperScanner:161 - Creating MapperFactoryBean with name 'ISystemUserService' and 'com.system.mybatis.service.ISystemUserService' mapperInterface
16:07:38,659 DEBUG DefaultListableBeanFactory:220 - Creating shared instance of singleton bean 'org.mybatis.spring.mapper.MapperScannerConfigurer#1'
16:07:38,659 DEBUG DefaultListableBeanFactory:450 - Creating instance of bean 'org.mybatis.spring.mapper.MapperScannerConfigurer#1'
16:07:38,659 DEBUG DefaultListableBeanFactory:524 - Eagerly caching bean 'org.mybatis.spring.mapper.MapperScannerConfigurer#1' to allow for resolving potential circular references
16:07:38,659 DEBUG DefaultListableBeanFactory:1610 - Invoking afterPropertiesSet() on bean with name 'org.mybatis.spring.mapper.MapperScannerConfigurer#1'
16:07:38,659 DEBUG DefaultListableBeanFactory:478 - Finished creating instance of bean 'org.mybatis.spring.mapper.MapperScannerConfigurer#1'
16:07:38,663 DEBUG ClassPathMapperScanner:284 - Identified candidate component class: URL [jar:file:/d:/maven/repository/com/framework/framework-core/0.0.1-SNAPSHOT/framework-core-0.0.1-SNAPSHOT.jar!/com/system/common/SysConstant.class]
16:07:38,663 DEBUG ClassPathMapperScanner:284 - Identified candidate component class: URL [jar:file:/d:/maven/repository/com/framework/framework-core/0.0.1-SNAPSHOT/framework-core-0.0.1-SNAPSHOT.jar!/com/system/jpa/repository/ISysDeptDao.class]
16:07:38,664 DEBUG ClassPathMapperScanner:290 - Ignored because not a concrete top-level class: URL [jar:file:/d:/maven/repository/com/framework/framework-core/0.0.1-SNAPSHOT/framework-core-0.0.1-SNAPSHOT.jar!/com/system/jpa/repository/jpa/SysDeptDaoImpl.class]
16:07:38,664 DEBUG ClassPathMapperScanner:290 - Ignored because not a concrete top-level class: URL [jar:file:/d:/maven/repository/com/framework/framework-core/0.0.1-SNAPSHOT/framework-core-0.0.1-SNAPSHOT.jar!/com/system/model/DataIndexTree.class]
16:07:38,664 DEBUG ClassPathMapperScanner:290 - Ignored because not a concrete top-level class: URL [jar:file:/d:/maven/repository/com/framework/framework-core/0.0.1-SNAPSHOT/framework-core-0.0.1-SNAPSHOT.jar!/com/system/model/SysCode.class]
16:07:38,665 DEBUG ClassPathMapperScanner:290 - Ignored because not a concrete top-level class: URL [jar:file:/d:/maven/repository/com/framework/framework-core/0.0.1-SNAPSHOT/framework-core-0.0.1-SNAPSHOT.jar!/com/system/model/SysCodeTree.class]
16:07:38,665 DEBUG ClassPathMapperScanner:290 - Ignored because not a concrete top-level class: URL [jar:file:/d:/maven/repository/com/framework/framework-core/0.0.1-SNAPSHOT/framework-core-0.0.1-SNAPSHOT.jar!/com/system/model/SysDepartmentTree.class]
16:07:38,666 DEBUG ClassPathMapperScanner:290 - Ignored because not a concrete top-level class: URL [jar:file:/d:/maven/repository/com/framework/framework-core/0.0.1-SNAPSHOT/framework-core-0.0.1-SNAPSHOT.jar!/com/system/model/SysDept.class]
16:07:38,666 DEBUG ClassPathMapperScanner:290 - Ignored because not a concrete top-level class: URL [jar:file:/d:/maven/repository/com/framework/framework-core/0.0.1-SNAPSHOT/framework-core-0.0.1-SNAPSHOT.jar!/com/system/model/SysDeptUser.class]
16:07:38,666 DEBUG ClassPathMapperScanner:290 - Ignored because not a concrete top-level class: URL [jar:file:/d:/maven/repository/com/framework/framework-core/0.0.1-SNAPSHOT/framework-core-0.0.1-SNAPSHOT.jar!/com/system/model/SysIndexitem.class]
16:07:38,667 DEBUG ClassPathMapperScanner:290 - Ignored because not a concrete top-level class: URL [jar:file:/d:/maven/repository/com/framework/framework-core/0.0.1-SNAPSHOT/framework-core-0.0.1-SNAPSHOT.jar!/com/system/model/SysLog.class]
16:07:38,667 DEBUG ClassPathMapperScanner:290 - Ignored because not a concrete top-level class: URL [jar:file:/d:/maven/repository/com/framework/framework-core/0.0.1-SNAPSHOT/framework-core-0.0.1-SNAPSHOT.jar!/com/system/model/SysModule.class]
16:07:38,667 DEBUG ClassPathMapperScanner:290 - Ignored because not a concrete top-level class: URL [jar:file:/d:/maven/repository/com/framework/framework-core/0.0.1-SNAPSHOT/framework-core-0.0.1-SNAPSHOT.jar!/com/system/model/SysRole.class]
16:07:38,668 DEBUG ClassPathMapperScanner:290 - Ignored because not a concrete top-level class: URL [jar:file:/d:/maven/repository/com/framework/framework-core/0.0.1-SNAPSHOT/framework-core-0.0.1-SNAPSHOT.jar!/com/system/model/SysRoleFuncKey.class]
16:07:38,668 DEBUG ClassPathMapperScanner:290 - Ignored because not a concrete top-level class: URL [jar:file:/d:/maven/repository/com/framework/framework-core/0.0.1-SNAPSHOT/framework-core-0.0.1-SNAPSHOT.jar!/com/system/model/SysRoleUser.class]
16:07:38,668 DEBUG ClassPathMapperScanner:290 - Ignored because not a concrete top-level class: URL [jar:file:/d:/maven/repository/com/framework/framework-core/0.0.1-SNAPSHOT/framework-core-0.0.1-SNAPSHOT.jar!/com/system/model/SysUser.class]
16:07:38,669 DEBUG ClassPathMapperScanner:284 - Identified candidate component class: URL [jar:file:/d:/maven/repository/com/framework/framework-core/0.0.1-SNAPSHOT/framework-core-0.0.1-SNAPSHOT.jar!/com/system/mybatis/dao/CommSeqMapper.class]
16:07:38,669 DEBUG ClassPathMapperScanner:284 - Identified candidate component class: URL [jar:file:/d:/maven/repository/com/framework/framework-core/0.0.1-SNAPSHOT/framework-core-0.0.1-SNAPSHOT.jar!/com/system/mybatis/dao/SysCodeMapper.class]
16:07:38,669 DEBUG ClassPathMapperScanner:284 - Identified candidate component class: URL [jar:file:/d:/maven/repository/com/framework/framework-core/0.0.1-SNAPSHOT/framework-core-0.0.1-SNAPSHOT.jar!/com/system/mybatis/dao/SysDeptMapper.class]
16:07:38,670 DEBUG ClassPathMapperScanner:284 - Identified candidate component class: URL [jar:file:/d:/maven/repository/com/framework/framework-core/0.0.1-SNAPSHOT/framework-core-0.0.1-SNAPSHOT.jar!/com/system/mybatis/dao/SysDeptUserMapper.class]
16:07:38,670 DEBUG ClassPathMapperScanner:284 - Identified candidate component class: URL [jar:file:/d:/maven/repository/com/framework/framework-core/0.0.1-SNAPSHOT/framework-core-0.0.1-SNAPSHOT.jar!/com/system/mybatis/dao/SysIndexitemMapper.class]
16:07:38,671 DEBUG ClassPathMapperScanner:284 - Identified candidate component class: URL [jar:file:/d:/maven/repository/com/framework/framework-core/0.0.1-SNAPSHOT/framework-core-0.0.1-SNAPSHOT.jar!/com/system/mybatis/dao/SysLogMapper.class]
16:07:38,671 DEBUG ClassPathMapperScanner:284 - Identified candidate component class: URL [jar:file:/d:/maven/repository/com/framework/framework-core/0.0.1-SNAPSHOT/framework-core-0.0.1-SNAPSHOT.jar!/com/system/mybatis/dao/SysModuleMapper.class]
16:07:38,671 DEBUG ClassPathMapperScanner:284 - Identified candidate component class: URL [jar:file:/d:/maven/repository/com/framework/framework-core/0.0.1-SNAPSHOT/framework-core-0.0.1-SNAPSHOT.jar!/com/system/mybatis/dao/SysRoleFuncMapper.class]
16:07:38,672 DEBUG ClassPathMapperScanner:284 - Identified candidate component class: URL [jar:file:/d:/maven/repository/com/framework/framework-core/0.0.1-SNAPSHOT/framework-core-0.0.1-SNAPSHOT.jar!/com/system/mybatis/dao/SysRoleMapper.class]
16:07:38,672 DEBUG ClassPathMapperScanner:284 - Identified candidate component class: URL [jar:file:/d:/maven/repository/com/framework/framework-core/0.0.1-SNAPSHOT/framework-core-0.0.1-SNAPSHOT.jar!/com/system/mybatis/dao/SysRoleUserMapper.class]
16:07:38,672 DEBUG ClassPathMapperScanner:284 - Identified candidate component class: URL [jar:file:/d:/maven/repository/com/framework/framework-core/0.0.1-SNAPSHOT/framework-core-0.0.1-SNAPSHOT.jar!/com/system/mybatis/dao/SysUserMapper.class]
16:07:38,673 DEBUG ClassPathMapperScanner:284 - Identified candidate component class: URL [jar:file:/d:/maven/repository/com/framework/framework-core/0.0.1-SNAPSHOT/framework-core-0.0.1-SNAPSHOT.jar!/com/system/mybatis/service/IIndexItemService.class]
16:07:38,673 DEBUG ClassPathMapperScanner:290 - Ignored because not a concrete top-level class: URL [jar:file:/d:/maven/repository/com/framework/framework-core/0.0.1-SNAPSHOT/framework-core-0.0.1-SNAPSHOT.jar!/com/system/mybatis/service/impl/IndexItemService.class]
16:07:38,674 DEBUG ClassPathMapperScanner:290 - Ignored because not a concrete top-level class: URL [jar:file:/d:/maven/repository/com/framework/framework-core/0.0.1-SNAPSHOT/framework-core-0.0.1-SNAPSHOT.jar!/com/system/mybatis/service/impl/SysCodeService.class]
16:07:38,674 DEBUG ClassPathMapperScanner:290 - Ignored because not a concrete top-level class: URL [jar:file:/d:/maven/repository/com/framework/framework-core/0.0.1-SNAPSHOT/framework-core-0.0.1-SNAPSHOT.jar!/com/system/mybatis/service/impl/SysDeptServiceImpl.class]
16:07:38,675 DEBUG ClassPathMapperScanner:290 - Ignored because not a concrete top-level class: URL [jar:file:/d:/maven/repository/com/framework/framework-core/0.0.1-SNAPSHOT/framework-core-0.0.1-SNAPSHOT.jar!/com/system/mybatis/service/impl/SysModuleServiceImpl.class]
16:07:38,675 DEBUG ClassPathMapperScanner:290 - Ignored because not a concrete top-level class: URL [jar:file:/d:/maven/repository/com/framework/framework-core/0.0.1-SNAPSHOT/framework-core-0.0.1-SNAPSHOT.jar!/com/system/mybatis/service/impl/SystemLogServiceImpl.class]
16:07:38,676 DEBUG ClassPathMapperScanner:290 - Ignored because not a concrete top-level class: URL [jar:file:/d:/maven/repository/com/framework/framework-core/0.0.1-SNAPSHOT/framework-core-0.0.1-SNAPSHOT.jar!/com/system/mybatis/service/impl/SystemRoleServiceImpl.class]
16:07:38,677 DEBUG ClassPathMapperScanner:290 - Ignored because not a concrete top-level class: URL [jar:file:/d:/maven/repository/com/framework/framework-core/0.0.1-SNAPSHOT/framework-core-0.0.1-SNAPSHOT.jar!/com/system/mybatis/service/impl/SystemUserServiceImpl.class]
16:07:38,677 DEBUG ClassPathMapperScanner:284 - Identified candidate component class: URL [jar:file:/d:/maven/repository/com/framework/framework-core/0.0.1-SNAPSHOT/framework-core-0.0.1-SNAPSHOT.jar!/com/system/mybatis/service/ISysCodeService.class]
16:07:38,677 DEBUG ClassPathMapperScanner:284 - Identified candidate component class: URL [jar:file:/d:/maven/repository/com/framework/framework-core/0.0.1-SNAPSHOT/framework-core-0.0.1-SNAPSHOT.jar!/com/system/mybatis/service/ISysDeptService.class]
16:07:38,678 DEBUG ClassPathMapperScanner:284 - Identified candidate component class: URL [jar:file:/d:/maven/repository/com/framework/framework-core/0.0.1-SNAPSHOT/framework-core-0.0.1-SNAPSHOT.jar!/com/system/mybatis/service/ISysModuleService.class]
16:07:38,678 DEBUG ClassPathMapperScanner:284 - Identified candidate component class: URL [jar:file:/d:/maven/repository/com/framework/framework-core/0.0.1-SNAPSHOT/framework-core-0.0.1-SNAPSHOT.jar!/com/system/mybatis/service/ISystemLogService.class]
16:07:38,678 DEBUG ClassPathMapperScanner:284 - Identified candidate component class: URL [jar:file:/d:/maven/repository/com/framework/framework-core/0.0.1-SNAPSHOT/framework-core-0.0.1-SNAPSHOT.jar!/com/system/mybatis/service/ISystemRoleService.class]
16:07:38,679 DEBUG ClassPathMapperScanner:284 - Identified candidate component class: URL [jar:file:/d:/maven/repository/com/framework/framework-core/0.0.1-SNAPSHOT/framework-core-0.0.1-SNAPSHOT.jar!/com/system/mybatis/service/ISystemUserService.class]
16:07:38,680 DEBUG ClassPathMapperScanner:290 - Ignored because not a concrete top-level class: URL [jar:file:/d:/maven/repository/com/framework/framework-core/0.0.1-SNAPSHOT/framework-core-0.0.1-SNAPSHOT.jar!/com/system/web/code/CodeController.class]
16:07:38,680 DEBUG ClassPathMapperScanner:290 - Ignored because not a concrete top-level class: URL [jar:file:/d:/maven/repository/com/framework/framework-core/0.0.1-SNAPSHOT/framework-core-0.0.1-SNAPSHOT.jar!/com/system/web/custom/CustomController.class]
16:07:38,681 DEBUG ClassPathMapperScanner:290 - Ignored because not a concrete top-level class: URL [jar:file:/d:/maven/repository/com/framework/framework-core/0.0.1-SNAPSHOT/framework-core-0.0.1-SNAPSHOT.jar!/com/system/web/dataindex/IndexItemController.class]
16:07:38,682 DEBUG ClassPathMapperScanner:290 - Ignored because not a concrete top-level class: URL [jar:file:/d:/maven/repository/com/framework/framework-core/0.0.1-SNAPSHOT/framework-core-0.0.1-SNAPSHOT.jar!/com/system/web/DepartmentController.class]
16:07:38,682 DEBUG ClassPathMapperScanner:290 - Ignored because not a concrete top-level class: URL [jar:file:/d:/maven/repository/com/framework/framework-core/0.0.1-SNAPSHOT/framework-core-0.0.1-SNAPSHOT.jar!/com/system/web/RoleController.class]
16:07:38,683 DEBUG ClassPathMapperScanner:290 - Ignored because not a concrete top-level class: URL [jar:file:/d:/maven/repository/com/framework/framework-core/0.0.1-SNAPSHOT/framework-core-0.0.1-SNAPSHOT.jar!/com/system/web/user/UserController.class]
16:07:38,684  WARN ClassPathMapperScanner:223 - Skipping MapperFactoryBean with name 'sysConstant' and 'com.system.common.SysConstant' mapperInterface. Bean already defined with the same name!
16:07:38,684  WARN ClassPathMapperScanner:223 - Skipping MapperFactoryBean with name 'ISysDeptDao' and 'com.system.jpa.repository.ISysDeptDao' mapperInterface. Bean already defined with the same name!
16:07:38,684  WARN ClassPathMapperScanner:223 - Skipping MapperFactoryBean with name 'commSeqMapper' and 'com.system.mybatis.dao.CommSeqMapper' mapperInterface. Bean already defined with the same name!
16:07:38,684  WARN ClassPathMapperScanner:223 - Skipping MapperFactoryBean with name 'sysCodeMapper' and 'com.system.mybatis.dao.SysCodeMapper' mapperInterface. Bean already defined with the same name!
16:07:38,684  WARN ClassPathMapperScanner:223 - Skipping MapperFactoryBean with name 'sysDeptMapper' and 'com.system.mybatis.dao.SysDeptMapper' mapperInterface. Bean already defined with the same name!
16:07:38,685  WARN ClassPathMapperScanner:223 - Skipping MapperFactoryBean with name 'sysDeptUserMapper' and 'com.system.mybatis.dao.SysDeptUserMapper' mapperInterface. Bean already defined with the same name!
16:07:38,685  WARN ClassPathMapperScanner:223 - Skipping MapperFactoryBean with name 'sysIndexitemMapper' and 'com.system.mybatis.dao.SysIndexitemMapper' mapperInterface. Bean already defined with the same name!
16:07:38,685  WARN ClassPathMapperScanner:223 - Skipping MapperFactoryBean with name 'sysLogMapper' and 'com.system.mybatis.dao.SysLogMapper' mapperInterface. Bean already defined with the same name!
16:07:38,685  WARN ClassPathMapperScanner:223 - Skipping MapperFactoryBean with name 'sysModuleMapper' and 'com.system.mybatis.dao.SysModuleMapper' mapperInterface. Bean already defined with the same name!
16:07:38,685  WARN ClassPathMapperScanner:223 - Skipping MapperFactoryBean with name 'sysRoleFuncMapper' and 'com.system.mybatis.dao.SysRoleFuncMapper' mapperInterface. Bean already defined with the same name!
16:07:38,685  WARN ClassPathMapperScanner:223 - Skipping MapperFactoryBean with name 'sysRoleMapper' and 'com.system.mybatis.dao.SysRoleMapper' mapperInterface. Bean already defined with the same name!
16:07:38,686  WARN ClassPathMapperScanner:223 - Skipping MapperFactoryBean with name 'sysRoleUserMapper' and 'com.system.mybatis.dao.SysRoleUserMapper' mapperInterface. Bean already defined with the same name!
16:07:38,686  WARN ClassPathMapperScanner:223 - Skipping MapperFactoryBean with name 'sysUserMapper' and 'com.system.mybatis.dao.SysUserMapper' mapperInterface. Bean already defined with the same name!
16:07:38,686  WARN ClassPathMapperScanner:223 - Skipping MapperFactoryBean with name 'IIndexItemService' and 'com.system.mybatis.service.IIndexItemService' mapperInterface. Bean already defined with the same name!
16:07:38,686  WARN ClassPathMapperScanner:223 - Skipping MapperFactoryBean with name 'ISysCodeService' and 'com.system.mybatis.service.ISysCodeService' mapperInterface. Bean already defined with the same name!
16:07:38,686  WARN ClassPathMapperScanner:223 - Skipping MapperFactoryBean with name 'ISysDeptService' and 'com.system.mybatis.service.ISysDeptService' mapperInterface. Bean already defined with the same name!
16:07:38,686  WARN ClassPathMapperScanner:223 - Skipping MapperFactoryBean with name 'ISysModuleService' and 'com.system.mybatis.service.ISysModuleService' mapperInterface. Bean already defined with the same name!
16:07:38,686  WARN ClassPathMapperScanner:223 - Skipping MapperFactoryBean with name 'ISystemLogService' and 'com.system.mybatis.service.ISystemLogService' mapperInterface. Bean already defined with the same name!
16:07:38,687  WARN ClassPathMapperScanner:223 - Skipping MapperFactoryBean with name 'ISystemRoleService' and 'com.system.mybatis.service.ISystemRoleService' mapperInterface. Bean already defined with the same name!
16:07:38,687  WARN ClassPathMapperScanner:223 - Skipping MapperFactoryBean with name 'ISystemUserService' and 'com.system.mybatis.service.ISystemUserService' mapperInterface. Bean already defined with the same name!
16:07:38,688 DEBUG ClassPathMapperScanner:284 - Identified candidate component class: file [D:\workspace\framework-root\framework-resources\target\classes\com\resources\dao\AttachmentsMapper.class]
16:07:38,688 DEBUG ClassPathMapperScanner:284 - Identified candidate component class: file [D:\workspace\framework-root\framework-resources\target\classes\com\resources\dao\AttaThumbnailMapper.class]
16:07:38,689 DEBUG ClassPathMapperScanner:290 - Ignored because not a concrete top-level class: file [D:\workspace\framework-root\framework-resources\target\classes\com\resources\model\CommAttachments.class]
16:07:38,689 DEBUG ClassPathMapperScanner:290 - Ignored because not a concrete top-level class: file [D:\workspace\framework-root\framework-resources\target\classes\com\resources\model\CommAttaThumbnail.class]
16:07:38,689 DEBUG ClassPathMapperScanner:284 - Identified candidate component class: file [D:\workspace\framework-root\framework-resources\target\classes\com\resources\ResConstant.class]
16:07:38,689 DEBUG ClassPathMapperScanner:284 - Identified candidate component class: file [D:\workspace\framework-root\framework-resources\target\classes\com\resources\services\AttachmentsService.class]
16:07:38,690 DEBUG ClassPathMapperScanner:290 - Ignored because not a concrete top-level class: file [D:\workspace\framework-root\framework-resources\target\classes\com\resources\services\impl\AttachmentsServiceImpl$1.class]
16:07:38,691 DEBUG ClassPathMapperScanner:290 - Ignored because not a concrete top-level class: file [D:\workspace\framework-root\framework-resources\target\classes\com\resources\services\impl\AttachmentsServiceImpl.class]
16:07:38,691 DEBUG ClassPathMapperScanner:290 - Ignored because not a concrete top-level class: file [D:\workspace\framework-root\framework-resources\target\classes\com\resources\web\AttachmentsController.class]
16:07:38,692 DEBUG ClassPathMapperScanner:290 - Ignored because not a concrete top-level class: file [D:\workspace\framework-root\framework-resources\target\classes\com\resources\web\ShareResources.class]
16:07:38,692 DEBUG ClassPathMapperScanner:161 - Creating MapperFactoryBean with name 'attachmentsMapper' and 'com.resources.dao.AttachmentsMapper' mapperInterface
16:07:38,692 DEBUG ClassPathMapperScanner:161 - Creating MapperFactoryBean with name 'attaThumbnailMapper' and 'com.resources.dao.AttaThumbnailMapper' mapperInterface
16:07:38,693 DEBUG ClassPathMapperScanner:161 - Creating MapperFactoryBean with name 'resConstant' and 'com.resources.ResConstant' mapperInterface
16:07:38,693 DEBUG ClassPathMapperScanner:161 - Creating MapperFactoryBean with name 'attachmentsService' and 'com.resources.services.AttachmentsService' mapperInterface
16:07:38,697 DEBUG DefaultListableBeanFactory:220 - Creating shared instance of singleton bean 'org.springframework.beans.factory.config.PropertyPlaceholderConfigurer#0'
16:07:38,697 DEBUG DefaultListableBeanFactory:450 - Creating instance of bean 'org.springframework.beans.factory.config.PropertyPlaceholderConfigurer#0'
16:07:38,698 DEBUG DefaultListableBeanFactory:524 - Eagerly caching bean 'org.springframework.beans.factory.config.PropertyPlaceholderConfigurer#0' to allow for resolving potential circular references
16:07:38,698 DEBUG DefaultListableBeanFactory:478 - Finished creating instance of bean 'org.springframework.beans.factory.config.PropertyPlaceholderConfigurer#0'
16:07:38,698  INFO PropertyPlaceholderConfigurer:172 - Loading properties file from class path resource [config/db.properties]
16:07:38,701 DEBUG DefaultListableBeanFactory:220 - Creating shared instance of singleton bean 'org.springframework.context.annotation.internalAutowiredAnnotationProcessor'
16:07:38,701 DEBUG DefaultListableBeanFactory:450 - Creating instance of bean 'org.springframework.context.annotation.internalAutowiredAnnotationProcessor'
16:07:38,702  INFO AutowiredAnnotationBeanPostProcessor:153 - JSR-330 'javax.inject.Inject' annotation found and supported for autowiring
16:07:38,702 DEBUG DefaultListableBeanFactory:524 - Eagerly caching bean 'org.springframework.context.annotation.internalAutowiredAnnotationProcessor' to allow for resolving potential circular references
16:07:38,702 DEBUG DefaultListableBeanFactory:478 - Finished creating instance of bean 'org.springframework.context.annotation.internalAutowiredAnnotationProcessor'
16:07:38,702 DEBUG DefaultListableBeanFactory:220 - Creating shared instance of singleton bean 'org.springframework.context.annotation.internalRequiredAnnotationProcessor'
16:07:38,702 DEBUG DefaultListableBeanFactory:450 - Creating instance of bean 'org.springframework.context.annotation.internalRequiredAnnotationProcessor'
16:07:38,702 DEBUG DefaultListableBeanFactory:524 - Eagerly caching bean 'org.springframework.context.annotation.internalRequiredAnnotationProcessor' to allow for resolving potential circular references
16:07:38,703 DEBUG DefaultListableBeanFactory:478 - Finished creating instance of bean 'org.springframework.context.annotation.internalRequiredAnnotationProcessor'
16:07:38,703 DEBUG DefaultListableBeanFactory:220 - Creating shared instance of singleton bean 'org.springframework.context.annotation.internalCommonAnnotationProcessor'
16:07:38,703 DEBUG DefaultListableBeanFactory:450 - Creating instance of bean 'org.springframework.context.annotation.internalCommonAnnotationProcessor'
16:07:38,703 DEBUG DefaultListableBeanFactory:524 - Eagerly caching bean 'org.springframework.context.annotation.internalCommonAnnotationProcessor' to allow for resolving potential circular references
16:07:38,703 DEBUG DefaultListableBeanFactory:478 - Finished creating instance of bean 'org.springframework.context.annotation.internalCommonAnnotationProcessor'
16:07:38,704 DEBUG DefaultListableBeanFactory:220 - Creating shared instance of singleton bean 'org.springframework.context.annotation.internalPersistenceAnnotationProcessor'
16:07:38,704 DEBUG DefaultListableBeanFactory:450 - Creating instance of bean 'org.springframework.context.annotation.internalPersistenceAnnotationProcessor'
16:07:38,704 DEBUG DefaultListableBeanFactory:524 - Eagerly caching bean 'org.springframework.context.annotation.internalPersistenceAnnotationProcessor' to allow for resolving potential circular references
16:07:38,704 DEBUG DefaultListableBeanFactory:478 - Finished creating instance of bean 'org.springframework.context.annotation.internalPersistenceAnnotationProcessor'
16:07:38,704 DEBUG DefaultListableBeanFactory:220 - Creating shared instance of singleton bean 'org.springframework.context.annotation.ConfigurationClassPostProcessor.importAwareProcessor'
16:07:38,704 DEBUG DefaultListableBeanFactory:450 - Creating instance of bean 'org.springframework.context.annotation.ConfigurationClassPostProcessor.importAwareProcessor'
16:07:38,705 DEBUG DefaultListableBeanFactory:524 - Eagerly caching bean 'org.springframework.context.annotation.ConfigurationClassPostProcessor.importAwareProcessor' to allow for resolving potential circular references
16:07:38,705 DEBUG DefaultListableBeanFactory:478 - Finished creating instance of bean 'org.springframework.context.annotation.ConfigurationClassPostProcessor.importAwareProcessor'
16:07:38,705 DEBUG DefaultListableBeanFactory:220 - Creating shared instance of singleton bean 'org.springframework.context.annotation.ConfigurationClassPostProcessor.enhancedConfigurationProcessor'
16:07:38,705 DEBUG DefaultListableBeanFactory:450 - Creating instance of bean 'org.springframework.context.annotation.ConfigurationClassPostProcessor.enhancedConfigurationProcessor'
16:07:38,705 DEBUG DefaultListableBeanFactory:524 - Eagerly caching bean 'org.springframework.context.annotation.ConfigurationClassPostProcessor.enhancedConfigurationProcessor' to allow for resolving potential circular references
16:07:38,705 DEBUG DefaultListableBeanFactory:478 - Finished creating instance of bean 'org.springframework.context.annotation.ConfigurationClassPostProcessor.enhancedConfigurationProcessor'
16:07:38,706 DEBUG DefaultListableBeanFactory:220 - Creating shared instance of singleton bean 'org.springframework.aop.config.internalAutoProxyCreator'
16:07:38,706 DEBUG DefaultListableBeanFactory:450 - Creating instance of bean 'org.springframework.aop.config.internalAutoProxyCreator'
16:07:38,707 DEBUG DefaultListableBeanFactory:524 - Eagerly caching bean 'org.springframework.aop.config.internalAutoProxyCreator' to allow for resolving potential circular references
16:07:38,707 DEBUG DefaultListableBeanFactory:478 - Finished creating instance of bean 'org.springframework.aop.config.internalAutoProxyCreator'
16:07:38,707 DEBUG GenericApplicationContext:646 - Unable to locate MessageSource with name 'messageSource': using default [org.springframework.context.support.DelegatingMessageSource@21535faa]
16:07:38,707 DEBUG GenericApplicationContext:670 - Unable to locate ApplicationEventMulticaster with name 'applicationEventMulticaster': using default [org.springframework.context.event.SimpleApplicationEventMulticaster@68ada2fd]
[...]
16:07:41,184 DEBUG SqlSessionFactoryBean:468 - Parsed mapper file: 'file [D:\workspace\framework-root\framework-resources\target\test-classes\context\mapper\SysDeptUserMapper.xml]'
16:07:41,211 DEBUG SqlSessionFactoryBean:468 - Parsed mapper file: 'file [D:\workspace\framework-root\framework-resources\target\test-classes\context\mapper\SysIndexitemMapper.xml]'
16:07:41,249 DEBUG SqlSessionFactoryBean:468 - Parsed mapper file: 'file [D:\workspace\framework-root\framework-resources\target\test-classes\context\mapper\SysLogMapper.xml]'
16:07:41,277 DEBUG SqlSessionFactoryBean:468 - Parsed mapper file: 'file [D:\workspace\framework-root\framework-resources\target\test-classes\context\mapper\SysModuleMapper.xml]'
16:07:41,292 DEBUG SqlSessionFactoryBean:468 - Parsed mapper file: 'file [D:\workspace\framework-root\framework-resources\target\test-classes\context\mapper\SysRoleFuncMapper.xml]'
16:07:41,316 DEBUG SqlSessionFactoryBean:468 - Parsed mapper file: 'file [D:\workspace\framework-root\framework-resources\target\test-classes\context\mapper\SysRoleMapper.xml]'
16:07:41,330 DEBUG SqlSessionFactoryBean:468 - Parsed mapper file: 'file [D:\workspace\framework-root\framework-resources\target\test-classes\context\mapper\SysRoleUserMapper.xml]'
16:07:41,357 DEBUG SqlSessionFactoryBean:468 - Parsed mapper file: 'file [D:\workspace\framework-root\framework-resources\target\test-classes\context\mapper\SysUserMapper.xml]'
16:07:41,366  WARN GenericApplicationContext:487 - Exception encountered during context initialization - cancelling refresh attempt
org.springframework.beans.factory.BeanCreationException: Error creating bean with name 'sqlSessionFactory' defined in class path resource [config/application-core.xml]: Invocation of init method failed; nested exception is org.springframework.core.NestedIOException: Failed to parse mapping resource: 'file [D:\workspace\framework-root\framework-resources\target\classes\context\mapper\AttachmentsMapper.xml]'; nested exception is org.apache.ibatis.builder.BuilderException: Error parsing Mapper XML. Cause: java.lang.IllegalArgumentException: Result Maps collection already contains value for com.resources.dao.AttachmentsMapper.BaseResultMap
	at org.springframework.beans.factory.support.AbstractAutowireCapableBeanFactory.initializeBean(AbstractAutowireCapableBeanFactory.java:1568)
	at org.springframework.beans.factory.support.AbstractAutowireCapableBeanFactory.doCreateBean(AbstractAutowireCapableBeanFactory.java:540)
	at org.springframework.beans.factory.support.AbstractAutowireCapableBeanFactory.createBean(AbstractAutowireCapableBeanFactory.java:476)
	at org.springframework.beans.factory.support.AbstractBeanFactory$1.getObject(AbstractBeanFactory.java:302)
	at org.springframework.beans.factory.support.DefaultSingletonBeanRegistry.getSingleton(DefaultSingletonBeanRegistry.java:229)
	at org.springframework.beans.factory.support.AbstractBeanFactory.doGetBean(AbstractBeanFactory.java:298)
	at org.springframework.beans.factory.support.AbstractBeanFactory.getBean(AbstractBeanFactory.java:193)
	at org.springframework.beans.factory.support.DefaultListableBeanFactory.preInstantiateSingletons(DefaultListableBeanFactory.java:706)
	at org.springframework.context.support.AbstractApplicationContext.finishBeanFactoryInitialization(AbstractApplicationContext.java:757)
	at org.springframework.context.support.AbstractApplicationContext.refresh(AbstractApplicationContext.java:480)
	at org.springframework.test.context.support.AbstractGenericContextLoader.loadContext(AbstractGenericContextLoader.java:125)
	at org.springframework.test.context.support.AbstractGenericContextLoader.loadContext(AbstractGenericContextLoader.java:60)
	at org.springframework.test.context.support.AbstractDelegatingSmartContextLoader.delegateLoading(AbstractDelegatingSmartContextLoader.java:108)
	at org.springframework.test.context.support.AbstractDelegatingSmartContextLoader.loadContext(AbstractDelegatingSmartContextLoader.java:260)
	at org.springframework.test.context.DefaultCacheAwareContextLoaderDelegate.loadContextInternal(DefaultCacheAwareContextLoaderDelegate.java:63)
	at org.springframework.test.context.DefaultCacheAwareContextLoaderDelegate.loadContext(DefaultCacheAwareContextLoaderDelegate.java:83)
	at org.springframework.test.context.DefaultTestContext.getApplicationContext(DefaultTestContext.java:74)
	at org.springframework.test.context.support.DependencyInjectionTestExecutionListener.injectDependencies(DependencyInjectionTestExecutionListener.java:116)
	at org.springframework.test.context.support.DependencyInjectionTestExecutionListener.prepareTestInstance(DependencyInjectionTestExecutionListener.java:82)
	at org.springframework.test.context.TestContextManager.prepareTestInstance(TestContextManager.java:212)
	at org.springframework.test.context.junit4.SpringJUnit4ClassRunner.createTest(SpringJUnit4ClassRunner.java:199)
	at org.springframework.test.context.junit4.SpringJUnit4ClassRunner$1.runReflectiveCall(SpringJUnit4ClassRunner.java:251)
	at org.junit.internal.runners.model.ReflectiveCallable.run(ReflectiveCallable.java:12)
	at org.springframework.test.context.junit4.SpringJUnit4ClassRunner.methodBlock(SpringJUnit4ClassRunner.java:253)
	at org.springframework.test.context.junit4.SpringJUnit4ClassRunner.runChild(SpringJUnit4ClassRunner.java:216)
	at org.springframework.test.context.junit4.SpringJUnit4ClassRunner.runChild(SpringJUnit4ClassRunner.java:82)
	at org.junit.runners.ParentRunner$3.run(ParentRunner.java:238)
	at org.junit.runners.ParentRunner$1.schedule(ParentRunner.java:63)
	at org.junit.runners.ParentRunner.runChildren(ParentRunner.java:236)
	at org.junit.runners.ParentRunner.access$000(ParentRunner.java:53)
	at org.junit.runners.ParentRunner$2.evaluate(ParentRunner.java:229)
	at org.springframework.test.context.junit4.statements.RunBeforeTestClassCallbacks.evaluate(RunBeforeTestClassCallbacks.java:60)
	at org.springframework.test.context.junit4.statements.RunAfterTestClassCallbacks.evaluate(RunAfterTestClassCallbacks.java:67)
	at org.junit.runners.ParentRunner.run(ParentRunner.java:309)
	at org.springframework.test.context.junit4.SpringJUnit4ClassRunner.run(SpringJUnit4ClassRunner.java:162)
	at org.apache.maven.surefire.junit4.JUnit4Provider.execute(JUnit4Provider.java:344)
	at org.apache.maven.surefire.junit4.JUnit4Provider.executeWithRerun(JUnit4Provider.java:269)
	at org.apache.maven.surefire.junit4.JUnit4Provider.executeTestSet(JUnit4Provider.java:240)
	at org.apache.maven.surefire.junit4.JUnit4Provider.invoke(JUnit4Provider.java:184)
	at org.apache.maven.surefire.booter.ForkedBooter.invokeProviderInSameClassLoader(ForkedBooter.java:286)
	at org.apache.maven.surefire.booter.ForkedBooter.runSuitesInProcess(ForkedBooter.java:240)
	at org.apache.maven.surefire.booter.ForkedBooter.main(ForkedBooter.java:121)
Caused by: org.springframework.core.NestedIOException: Failed to parse mapping resource: 'file [D:\workspace\framework-root\framework-resources\target\classes\context\mapper\AttachmentsMapper.xml]'; nested exception is org.apache.ibatis.builder.BuilderException: Error parsing Mapper XML. Cause: java.lang.IllegalArgumentException: Result Maps collection already contains value for com.resources.dao.AttachmentsMapper.BaseResultMap
	at org.mybatis.spring.SqlSessionFactoryBean.buildSqlSessionFactory(SqlSessionFactoryBean.java:462)
	at org.mybatis.spring.SqlSessionFactoryBean.afterPropertiesSet(SqlSessionFactoryBean.java:336)
	at org.springframework.beans.factory.support.AbstractAutowireCapableBeanFactory.invokeInitMethods(AbstractAutowireCapableBeanFactory.java:1627)
	at org.springframework.beans.factory.support.AbstractAutowireCapableBeanFactory.initializeBean(AbstractAutowireCapableBeanFactory.java:1564)
	... 41 more
Caused by: org.apache.ibatis.builder.BuilderException: Error parsing Mapper XML. Cause: java.lang.IllegalArgumentException: Result Maps collection already contains value for com.resources.dao.AttachmentsMapper.BaseResultMap
	at org.apache.ibatis.builder.xml.XMLMapperBuilder.configurationElement(XMLMapperBuilder.java:117)
	at org.apache.ibatis.builder.xml.XMLMapperBuilder.parse(XMLMapperBuilder.java:89)
	at org.mybatis.spring.SqlSessionFactoryBean.buildSqlSessionFactory(SqlSessionFactoryBean.java:460)
	... 44 more
Caused by: java.lang.IllegalArgumentException: Result Maps collection already contains value for com.resources.dao.AttachmentsMapper.BaseResultMap
	at org.apache.ibatis.session.Configuration$StrictMap.put(Configuration.java:782)
	at org.apache.ibatis.session.Configuration$StrictMap.put(Configuration.java:754)
	at org.apache.ibatis.session.Configuration.addResultMap(Configuration.java:536)
	at org.apache.ibatis.builder.MapperBuilderAssistant.addResultMap(MapperBuilderAssistant.java:204)
	at org.apache.ibatis.builder.ResultMapResolver.resolve(ResultMapResolver.java:44)
	at org.apache.ibatis.builder.xml.XMLMapperBuilder.resultMapElement(XMLMapperBuilder.java:281)
	at org.apache.ibatis.builder.xml.XMLMapperBuilder.resultMapElement(XMLMapperBuilder.java:248)
	at org.apache.ibatis.builder.xml.XMLMapperBuilder.resultMapElements(XMLMapperBuilder.java:240)
	at org.apache.ibatis.builder.xml.XMLMapperBuilder.configurationElement(XMLMapperBuilder.java:113)
	... 46 more
16:07:41,368 DEBUG DefaultListableBeanFactory:499 - Destroying singletons in org.springframework.beans.factory.support.DefaultListableBeanFactory@170b69b2: defining beans [org.springframework.beans.factory.config.PropertyPlaceholderConfigurer#0,dataSource,validator,controlAdvice,sessionManager,org.springframework.context.annotation.internalConfigurationAnnotationProcessor,org.springframework.context.annotation.internalAutowiredAnnotationProcessor,org.springframework.context.annotation.internalRequiredAnnotationProcessor,org.springframework.context.annotation.internalCommonAnnotationProcessor,org.springframework.context.annotation.internalPersistenceAnnotationProcessor,queryParamAop,org.springframework.aop.config.internalAutoProxyCreator,org.springframework.transaction.annotation.AnnotationTransactionAttributeSource#0,org.springframework.transaction.interceptor.TransactionInterceptor#0,org.springframework.transaction.config.internalTransactionAdvisor,sqlSessionFactory,myBatisExceptionTranslator,org.mybatis.spring.mapper.MapperScannerConfigurer#0,transactionManager,indexItemService,sysCodeService,sysDeptServiceImpl,sysModuleServiceImpl,systemLogServiceImpl,systemRoleServiceImpl,systemUserServiceImpl,systemLogAOP,commonServiceImpl,configProperties,attachmentsServiceImpl,attachmentsController,shareResources,iM4ImageHandler,imageService,org.mybatis.spring.mapper.MapperScannerConfigurer#1,org.springframework.context.annotation.ConfigurationClassPostProcessor.importAwareProcessor,org.springframework.context.annotation.ConfigurationClassPostProcessor.enhancedConfigurationProcessor,sysConstant,ISysDeptDao,commSeqMapper,sysCodeMapper,sysDeptMapper,sysDeptUserMapper,sysIndexitemMapper,sysLogMapper,sysModuleMapper,sysRoleFuncMapper,sysRoleMapper,sysRoleUserMapper,sysUserMapper,IIndexItemService,ISysCodeService,ISysDeptService,ISysModuleService,ISystemLogService,ISystemRoleService,ISystemUserService,attachmentsMapper,attaThumbnailMapper,resConstant,attachmentsService]; root of factory hierarchy
16:07:41,368 DEBUG DisposableBeanAdapter:245 - Invoking destroy() on bean with name 'validator'
16:07:41,368 DEBUG DisposableBeanAdapter:323 - Invoking destroy method 'close' on bean with name 'dataSource'
16:07:41,369 ERROR TestContextManager:215 - Caught exception while allowing TestExecutionListener [org.springframework.test.context.support.DependencyInjectionTestExecutionListener@3076270e] to prepare test instance [com.framework.resources.services.AttachmentsServiceTest@807ff95]
java.lang.IllegalStateException: Failed to load ApplicationContext
	at org.springframework.test.context.DefaultCacheAwareContextLoaderDelegate.loadContext(DefaultCacheAwareContextLoaderDelegate.java:91)
	at org.springframework.test.context.DefaultTestContext.getApplicationContext(DefaultTestContext.java:74)
	at org.springframework.test.context.support.DependencyInjectionTestExecutionListener.injectDependencies(DependencyInjectionTestExecutionListener.java:116)
	at org.springframework.test.context.support.DependencyInjectionTestExecutionListener.prepareTestInstance(DependencyInjectionTestExecutionListener.java:82)
	at org.springframework.test.context.TestContextManager.prepareTestInstance(TestContextManager.java:212)
	at org.springframework.test.context.junit4.SpringJUnit4ClassRunner.createTest(SpringJUnit4ClassRunner.java:199)
	at org.springframework.test.context.junit4.SpringJUnit4ClassRunner$1.runReflectiveCall(SpringJUnit4ClassRunner.java:251)
	at org.junit.internal.runners.model.ReflectiveCallable.run(ReflectiveCallable.java:12)
	at org.springframework.test.context.junit4.SpringJUnit4ClassRunner.methodBlock(SpringJUnit4ClassRunner.java:253)
	at org.springframework.test.context.junit4.SpringJUnit4ClassRunner.runChild(SpringJUnit4ClassRunner.java:216)
	at org.springframework.test.context.junit4.SpringJUnit4ClassRunner.runChild(SpringJUnit4ClassRunner.java:82)
	at org.junit.runners.ParentRunner$3.run(ParentRunner.java:238)
	at org.junit.runners.ParentRunner$1.schedule(ParentRunner.java:63)
	at org.junit.runners.ParentRunner.runChildren(ParentRunner.java:236)
	at org.junit.runners.ParentRunner.access$000(ParentRunner.java:53)
	at org.junit.runners.ParentRunner$2.evaluate(ParentRunner.java:229)
	at org.springframework.test.context.junit4.statements.RunBeforeTestClassCallbacks.evaluate(RunBeforeTestClassCallbacks.java:60)
	at org.springframework.test.context.junit4.statements.RunAfterTestClassCallbacks.evaluate(RunAfterTestClassCallbacks.java:67)
	at org.junit.runners.ParentRunner.run(ParentRunner.java:309)
	at org.springframework.test.context.junit4.SpringJUnit4ClassRunner.run(SpringJUnit4ClassRunner.java:162)
	at org.apache.maven.surefire.junit4.JUnit4Provider.execute(JUnit4Provider.java:344)
	at org.apache.maven.surefire.junit4.JUnit4Provider.executeWithRerun(JUnit4Provider.java:269)
	at org.apache.maven.surefire.junit4.JUnit4Provider.executeTestSet(JUnit4Provider.java:240)
	at org.apache.maven.surefire.junit4.JUnit4Provider.invoke(JUnit4Provider.java:184)
	at org.apache.maven.surefire.booter.ForkedBooter.invokeProviderInSameClassLoader(ForkedBooter.java:286)
	at org.apache.maven.surefire.booter.ForkedBooter.runSuitesInProcess(ForkedBooter.java:240)
	at org.apache.maven.surefire.booter.ForkedBooter.main(ForkedBooter.java:121)
Caused by: org.springframework.beans.factory.BeanCreationException: Error creating bean with name 'sqlSessionFactory' defined in class path resource [config/application-core.xml]: Invocation of init method failed; nested exception is org.springframework.core.NestedIOException: Failed to parse mapping resource: 'file [D:\workspace\framework-root\framework-resources\target\classes\context\mapper\AttachmentsMapper.xml]'; nested exception is org.apache.ibatis.builder.BuilderException: Error parsing Mapper XML. Cause: java.lang.IllegalArgumentException: Result Maps collection already contains value for com.resources.dao.AttachmentsMapper.BaseResultMap
	at org.springframework.beans.factory.support.AbstractAutowireCapableBeanFactory.initializeBean(AbstractAutowireCapableBeanFactory.java:1568)
	at org.springframework.beans.factory.support.AbstractAutowireCapableBeanFactory.doCreateBean(AbstractAutowireCapableBeanFactory.java:540)
	at org.springframework.beans.factory.support.AbstractAutowireCapableBeanFactory.createBean(AbstractAutowireCapableBeanFactory.java:476)
	at org.springframework.beans.factory.support.AbstractBeanFactory$1.getObject(AbstractBeanFactory.java:302)
	at org.springframework.beans.factory.support.DefaultSingletonBeanRegistry.getSingleton(DefaultSingletonBeanRegistry.java:229)
	at org.springframework.beans.factory.support.AbstractBeanFactory.doGetBean(AbstractBeanFactory.java:298)
	at org.springframework.beans.factory.support.AbstractBeanFactory.getBean(AbstractBeanFactory.java:193)
	at org.springframework.beans.factory.support.DefaultListableBeanFactory.preInstantiateSingletons(DefaultListableBeanFactory.java:706)
	at org.springframework.context.support.AbstractApplicationContext.finishBeanFactoryInitialization(AbstractApplicationContext.java:757)
	at org.springframework.context.support.AbstractApplicationContext.refresh(AbstractApplicationContext.java:480)
	at org.springframework.test.context.support.AbstractGenericContextLoader.loadContext(AbstractGenericContextLoader.java:125)
	at org.springframework.test.context.support.AbstractGenericContextLoader.loadContext(AbstractGenericContextLoader.java:60)
	at org.springframework.test.context.support.AbstractDelegatingSmartContextLoader.delegateLoading(AbstractDelegatingSmartContextLoader.java:108)
	at org.springframework.test.context.support.AbstractDelegatingSmartContextLoader.loadContext(AbstractDelegatingSmartContextLoader.java:260)
	at org.springframework.test.context.DefaultCacheAwareContextLoaderDelegate.loadContextInternal(DefaultCacheAwareContextLoaderDelegate.java:63)
	at org.springframework.test.context.DefaultCacheAwareContextLoaderDelegate.loadContext(DefaultCacheAwareContextLoaderDelegate.java:83)
	... 26 more
Caused by: org.springframework.core.NestedIOException: Failed to parse mapping resource: 'file [D:\workspace\framework-root\framework-resources\target\classes\context\mapper\AttachmentsMapper.xml]'; nested exception is org.apache.ibatis.builder.BuilderException: Error parsing Mapper XML. Cause: java.lang.IllegalArgumentException: Result Maps collection already contains value for com.resources.dao.AttachmentsMapper.BaseResultMap
	at org.mybatis.spring.SqlSessionFactoryBean.buildSqlSessionFactory(SqlSessionFactoryBean.java:462)
	at org.mybatis.spring.SqlSessionFactoryBean.afterPropertiesSet(SqlSessionFactoryBean.java:336)
	at org.springframework.beans.factory.support.AbstractAutowireCapableBeanFactory.invokeInitMethods(AbstractAutowireCapableBeanFactory.java:1627)
	at org.springframework.beans.factory.support.AbstractAutowireCapableBeanFactory.initializeBean(AbstractAutowireCapableBeanFactory.java:1564)
	... 41 more
Caused by: org.apache.ibatis.builder.BuilderException: Error parsing Mapper XML. Cause: java.lang.IllegalArgumentException: Result Maps collection already contains value for com.resources.dao.AttachmentsMapper.BaseResultMap
	at org.apache.ibatis.builder.xml.XMLMapperBuilder.configurationElement(XMLMapperBuilder.java:117)
	at org.apache.ibatis.builder.xml.XMLMapperBuilder.parse(XMLMapperBuilder.java:89)
	at org.mybatis.spring.SqlSessionFactoryBean.buildSqlSessionFactory(SqlSessionFactoryBean.java:460)
	... 44 more
Caused by: java.lang.IllegalArgumentException: Result Maps collection already contains value for com.resources.dao.AttachmentsMapper.BaseResultMap
	at org.apache.ibatis.session.Configuration$StrictMap.put(Configuration.java:782)
	at org.apache.ibatis.session.Configuration$StrictMap.put(Configuration.java:754)
	at org.apache.ibatis.session.Configuration.addResultMap(Configuration.java:536)
	at org.apache.ibatis.builder.MapperBuilderAssistant.addResultMap(MapperBuilderAssistant.java:204)
	at org.apache.ibatis.builder.ResultMapResolver.resolve(ResultMapResolver.java:44)
	at org.apache.ibatis.builder.xml.XMLMapperBuilder.resultMapElement(XMLMapperBuilder.java:281)
	at org.apache.ibatis.builder.xml.XMLMapperBuilder.resultMapElement(XMLMapperBuilder.java:248)
	at org.apache.ibatis.builder.xml.XMLMapperBuilder.resultMapElements(XMLMapperBuilder.java:240)
	at org.apache.ibatis.builder.xml.XMLMapperBuilder.configurationElement(XMLMapperBuilder.java:113)
	... 46 more
]]></system-out>
  </testcase>
</testsuite>