<?xml version="1.0" encoding="UTF-8"?>
<testsuite xmlns:xsi="http://www.w3.org/2001/XMLSchema-instance" xsi:schemaLocation="https://maven.apache.org/surefire/maven-surefire-plugin/xsd/surefire-test-report.xsd" name="com.framework.resources.dao.AttachmentsMapperTest" time="8.141" tests="5" errors="5" skipped="0" failures="0">
  <properties>
[...]
</properties>
  <testcase name="testDeleteByPrimaryKey" classname="com.framework.resources.dao.AttachmentsMapperTest" time="0.005">
    <error message="Failed to load ApplicationContext" type="java.lang.IllegalStateException">java.lang.IllegalStateException: Failed to load ApplicationContext
Caused by: org.springframework.beans.factory.BeanCreationException: Error creating bean with name 'sqlSessionFactory' defined in class path resource [config/application-core.xml]: Invocation of init method failed; nested exception is org.springframework.core.NestedIOException: Failed to parse mapping resource: 'file [D:\workspace\framework-root\framework-resources\target\classes\context\mapper\AttachmentsMapper.xml]'; nested exception is org.apache.ibatis.builder.BuilderException: Error parsing Mapper XML. Cause: java.lang.IllegalArgumentException: Result Maps collection already contains value for com.resources.dao.AttachmentsMapper.BaseResultMap
Caused by: org.springframework.core.NestedIOException: Failed to parse mapping resource: 'file [D:\workspace\framework-root\framework-resources\target\classes\context\mapper\AttachmentsMapper.xml]'; nested exception is org.apache.ibatis.builder.BuilderException: Error parsing Mapper XML. Cause: java.lang.IllegalArgumentException: Result Maps collection already contains value for com.resources.dao.AttachmentsMapper.BaseResultMap
Caused by: org.apache.ibatis.builder.BuilderException: Error parsing Mapper XML. Cause: java.lang.IllegalArgumentException: Result Maps collection already contains value for com.resources.dao.AttachmentsMapper.BaseResultMap
Caused by: java.lang.IllegalArgumentException: Result Maps collection already contains value for com.resources.dao.AttachmentsMapper.BaseResultMap
</error>
    <system-out><![CDATA[16:07:30,273 DEBUG SpringJUnit4ClassRunner:112 - SpringJUnit4ClassRunner constructor called with [class com.framework.resources.dao.AttachmentsMapperTest].
16:07:30,292 DEBUG BootstrapUtils:77 - Instantiating TestContextBootstrapper from class [org.springframework.test.context.support.DefaultTestContextBootstrapper]
16:07:30,314 DEBUG AbstractDelegatingSmartContextLoader:96 - Delegating to GenericXmlContextLoader to process context configuration [ContextConfigurationAttributes@718503e4 declaringClass = 'com.framework.resources.BaseMybatisTest', classes = '{}', locations = '{classpath:config/application-resources.xml}', inheritLocations = true, initializers = '{}', inheritInitializers = true, name = [null], contextLoaderClass = 'org.springframework.test.context.ContextLoader'].
16:07:30,320 DEBUG DefaultTestContextBootstrapper:112 - @TestExecutionListeners is not present for class [com.framework.resources.dao.AttachmentsMapperTest]: using defaults.
16:07:30,326  INFO DefaultTestContextBootstrapper:255 - Loaded default TestExecutionListener class names from location [META-INF/spring.factories]: [org.springframework.test.context.web.ServletTestExecutionListener, org.springframework.test.context.support.DependencyInjectionTestExecutionListener, org.springframework.test.context.support.DirtiesContextTestExecutionListener, org.springframework.test.context.transaction.TransactionalTestExecutionListener, org.springframework.test.context.jdbc.SqlScriptsTestExecutionListener]
16:07:30,341  INFO DefaultTestContextBootstrapper:181 - Using TestExecutionListeners: [org.springframework.test.context.web.ServletTestExecutionListener@602f958, org.springframework.test.context.support.DependencyInjectionTestExecutionListener@2d40037d, org.springframework.test.context.support.DirtiesContextTestExecutionListener@45a51ac0, org.springframework.test.context.transaction.TransactionalTestExecutionListener@5a7f56f8, org.springframework.test.context.jdbc.SqlScriptsTestExecutionListener@5e26e232]
16:07:30,344 DEBUG SpringJUnit4ClassRunner:112 - SpringJUnit4ClassRunner constructor called with [class com.framework.resources.services.AttachmentsServiceTest].
16:07:30,344 DEBUG BootstrapUtils:77 - Instantiating TestContextBootstrapper from class [org.springframework.test.context.support.DefaultTestContextBootstrapper]
16:07:30,345 DEBUG AbstractDelegatingSmartContextLoader:96 - Delegating to GenericXmlContextLoader to process context configuration [ContextConfigurationAttributes@29c114f2 declaringClass = 'com.framework.resources.BaseMybatisTest', classes = '{}', locations = '{classpath:config/application-resources.xml}', inheritLocations = true, initializers = '{}', inheritInitializers = true, name = [null], contextLoaderClass = 'org.springframework.test.context.ContextLoader'].
16:07:30,346 DEBUG DefaultTestContextBootstrapper:112 - @TestExecutionListeners is not present for class [com.framework.resources.services.AttachmentsServiceTest]: using defaults.
16:07:30,348  INFO DefaultTestContextBootstrapper:255 - Loaded default TestExecutionListener class names from location [META-INF/spring.factories]: [org.springframework.test.context.web.ServletTestExecutionListener, org.springframework.test.context.support.DependencyInjectionTestExecutionListener, org.springframework.test.context.support.DirtiesContextTestExecutionListener, org.springframework.test.context.transaction.TransactionalTestExecutionListener, org.springframework.test.context.jdbc.SqlScriptsTestExecutionListener]
16:07:30,348  INFO DefaultTestContextBootstrapper:181 - Using TestExecutionListeners: [org.springframework.test.context.web.ServletTestExecutionListener@1a966bcb, org.springframework.test.context.support.DependencyInjectionTestExecutionListener@97eea10, org.springframework.test.context.support.DirtiesContextTestExecutionListener@6b38c54e, org.springframework.test.context.transaction.TransactionalTestExecutionListener@5c21bae0, org.springframework.test.context.jdbc.SqlScriptsTestExecutionListener@2a73f761]
16:07:30,352 DEBUG ProfileValueUtils:70 - Retrieved @ProfileValueSourceConfiguration [null] for test class [com.framework.resources.dao.AttachmentsMapperTest]
16:07:30,352 DEBUG ProfileValueUtils:82 - Retrieved ProfileValueSource type [class org.springframework.test.annotation.SystemProfileValueSource] for class [com.framework.resources.dao.AttachmentsMapperTest]
16:07:30,353 DEBUG ProfileValueUtils:70 - Retrieved @ProfileValueSourceConfiguration [null] for test class [com.framework.resources.services.AttachmentsServiceTest]
16:07:30,354 DEBUG ProfileValueUtils:82 - Retrieved ProfileValueSource type [class org.springframework.test.annotation.SystemProfileValueSource] for class [com.framework.resources.services.AttachmentsServiceTest]
16:07:30,359 DEBUG SpringJUnit4ClassRunner:112 - SpringJUnit4ClassRunner constructor called with [class com.framework.resources.dao.AttachmentsMapperTest].
16:07:30,359 DEBUG BootstrapUtils:77 - Instantiating TestContextBootstrapper from class [org.springframework.test.context.support.DefaultTestContextBootstrapper]
16:07:30,360 DEBUG AbstractDelegatingSmartContextLoader:96 - Delegating to GenericXmlContextLoader to process context configuration [ContextConfigurationAttributes@78334ba0 declaringClass = 'com.framework.resources.BaseMybatisTest', classes = '{}', locations = '{classpath:config/application-resources.xml}', inheritLocations = true, initializers = '{}', inheritInitializers = true, name = [null], contextLoaderClass = 'org.springframework.test.context.ContextLoader'].
16:07:30,361 DEBUG DefaultTestContextBootstrapper:112 - @TestExecutionListeners is not present for class [com.framework.resources.dao.AttachmentsMapperTest]: using defaults.
16:07:30,363  INFO DefaultTestContextBootstrapper:255 - Loaded default TestExecutionListener class names from location [META-INF/spring.factories]: [org.springframework.test.context.web.ServletTestExecutionListener, org.springframework.test.context.support.DependencyInjectionTestExecutionListener, org.springframework.test.context.support.DirtiesContextTestExecutionListener, org.springframework.test.context.transaction.TransactionalTestExecutionListener, org.springframework.test.context.jdbc.SqlScriptsTestExecutionListener]
16:07:30,363  INFO DefaultTestContextBootstrapper:181 - Using TestExecutionListeners: [org.springframework.test.context.web.ServletTestExecutionListener@6ec5b763, org.springframework.test.context.support.DependencyInjectionTestExecutionListener@768afd65, org.springframework.test.context.support.DirtiesContextTestExecutionListener@1f022eb0, org.springframework.test.context.transaction.TransactionalTestExecutionListener@484734b7, org.springframework.test.context.jdbc.SqlScriptsTestExecutionListener@3ad5ff73]
16:07:30,364 DEBUG ProfileValueUtils:70 - Retrieved @ProfileValueSourceConfiguration [null] for test class [com.framework.resources.dao.AttachmentsMapperTest]
16:07:30,364 DEBUG ProfileValueUtils:82 - Retrieved ProfileValueSource type [class org.springframework.test.annotation.SystemProfileValueSource] for class [com.framework.resources.dao.AttachmentsMapperTest]
16:07:30,365 DEBUG ProfileValueUtils:70 - Retrieved @ProfileValueSourceConfiguration [null] for test class [com.framework.resources.dao.AttachmentsMapperTest]
16:07:30,365 DEBUG ProfileValueUtils:82 - Retrieved ProfileValueSource type [class org.springframework.test.annotation.SystemProfileValueSource] for class [com.framework.resources.dao.AttachmentsMapperTest]
16:07:30,366 DEBUG ProfileValueUtils:70 - Retrieved @ProfileValueSourceConfiguration [null] for test class [com.framework.resources.dao.AttachmentsMapperTest]
16:07:30,366 DEBUG ProfileValueUtils:82 - Retrieved ProfileValueSource type [class org.springframework.test.annotation.SystemProfileValueSource] for class [com.framework.resources.dao.AttachmentsMapperTest]
16:07:30,368 DEBUG ProfileValueUtils:70 - Retrieved @ProfileValueSourceConfiguration [null] for test class [com.framework.resources.dao.AttachmentsMapperTest]
16:07:30,368 DEBUG ProfileValueUtils:82 - Retrieved ProfileValueSource type [class org.springframework.test.annotation.SystemProfileValueSource] for class [com.framework.resources.dao.AttachmentsMapperTest]
16:07:30,370 DEBUG DependencyInjectionTestExecutionListener:80 - Performing dependency injection for test context [[DefaultTestContext@7a0eab2e testClass = AttachmentsMapperTest, testInstance = com.framework.resources.dao.AttachmentsMapperTest@5908979c, testMethod = [null], testException = [null], mergedContextConfiguration = [MergedContextConfiguration@4319b06e testClass = AttachmentsMapperTest, locations = '{classpath:config/application-resources.xml}', classes = '{}', contextInitializerClasses = '[]', activeProfiles = '{mybatis}', propertySourceLocations = '{}', propertySourceProperties = '{}', contextLoader = 'org.springframework.test.context.support.DelegatingSmartContextLoader', parent = [null]]]].
16:07:30,371 DEBUG AbstractDelegatingSmartContextLoader:106 - Delegating to GenericXmlContextLoader to load context from [MergedContextConfiguration@4319b06e testClass = AttachmentsMapperTest, locations = '{classpath:config/application-resources.xml}', classes = '{}', contextInitializerClasses = '[]', activeProfiles = '{mybatis}', propertySourceLocations = '{}', propertySourceProperties = '{}', contextLoader = 'org.springframework.test.context.support.DelegatingSmartContextLoader', parent = [null]].
16:07:30,371 DEBUG AbstractGenericContextLoader:107 - Loading ApplicationContext for merged context configuration [[MergedContextConfiguration@4319b06e testClass = AttachmentsMapperTest, locations = '{classpath:config/application-resources.xml}', classes = '{}', contextInitializerClasses = '[]', activeProfiles = '{mybatis}', propertySourceLocations = '{}', propertySourceProperties = '{}', contextLoader = 'org.springframework.test.context.support.DelegatingSmartContextLoader', parent = [null]]].
16:07:30,459  INFO XmlBeanDefinitionReader:316 - Loading XML bean definitions from class path resource [config/application-resources.xml]
16:07:30,480 DEBUG DefaultDocumentLoader:73 - Using JAXP provider [com.sun.org.apache.xerces.internal.jaxp.DocumentBuilderFactoryImpl]
16:07:30,509 DEBUG PluggableSchemaResolver:141 - Loading schema mappings from [META-INF/spring.schemas]
16:07:30,512 DEBUG PluggableSchemaResolver:147 - Loaded schema mappings: {http://www.springframework.org/schema/tx/spring-tx-2.5.xsd=org/springframework/transaction/config/spring-tx-2.5.xsd, http://www.springframework.org/schema/aop/spring-aop-4.1.xsd=org/springframework/aop/config/spring-aop-4.1.xsd, http://www.springframework.org/schema/context/spring-context-3.1.xsd=org/springframework/context/config/spring-context-3.1.xsd, http://www.springframework.org/schema/data/repository/spring-repository-1.4.xsd=org/springframework/data/repository/config/spring-repository-1.4.xsd, http://www.springframework.org/schema/jdbc/spring-jdbc-4.1.xsd=org/springframework/jdbc/config/spring-jdbc-4.1.xsd, http://www.springframework.org/schema/mvc/spring-mvc-4.1.xsd=org/springframework/web/servlet/config/spring-mvc-4.1.xsd, http://www.springframework.org/schema/util/spring-util-3.0.xsd=org/springframework/beans/factory/xml/spring-util-3.0.xsd, http://mybatis.org/schema/mybatis-spring-1.2.xsd=org/mybatis/spring/config/mybatis-spring-1.2.xsd, http://www.springframework.org/schema/tool/spring-tool.xsd=org/springframework/beans/factory/xml/spring-tool-4.1.xsd, http://www.springframework.org/schema/aop/spring-aop-3.2.xsd=org/springframework/aop/config/spring-aop-3.2.xsd, http://www.springframework.org/schema/lang/spring-lang-4.1.xsd=org/springframework/scripting/config/spring-lang-4.1.xsd, http://www.springframework.org/schema/context/spring-context-4.0.xsd=org/springframework/context/config/spring-context-4.0.xsd, http://www.springframework.org/schema/mvc/spring-mvc-3.2.xsd=org/springframework/web/servlet/config/spring-mvc-3.2.xsd, http://www.springframework.org/schema/tool/spring-tool-4.1.xsd=org/springframework/beans/factory/xml/spring-tool-4.1.xsd, http://www.springframework.org/schema/lang/spring-lang-3.2.xsd=org/springframework/scripting/config/spring-lang-3.2.xsd, http://www.springframework.org/schema/cache/spring-cache-3.2.xsd=org/springframework/cache/config/spring-cache-3.2.xsd, http://www.springframework.org/schema/jee/spring-jee-4.1.xsd=org/springframework/ejb/config/spring-jee-4.1.xsd, http://www.springframework.org/schema/jdbc/spring-jdbc-3.1.xsd=org/springframework/jdbc/config/spring-jdbc-3.1.xsd, http://www.springframework.org/schema/util/spring-util-2.0.xsd=org/springframework/beans/factory/xml/spring-util-2.0.xsd, http://www.springframework.org/schema/tool/spring-tool-3.2.xsd=org/springframework/beans/factory/xml/spring-tool-3.2.xsd, http://www.springframework.org/schema/context/spring-context.xsd=org/springframework/context/config/spring-context-4.1.xsd, http://www.springframework.org/schema/cache/spring-cache-4.1.xsd=org/springframework/cache/config/spring-cache-4.1.xsd, http://www.springframework.org/schema/aop/spring-aop-4.0.xsd=org/springframework/aop/config/spring-aop-4.0.xsd, http://www.springframework.org/schema/jee/spring-jee-3.2.xsd=org/springframework/ejb/config/spring-jee-3.2.xsd, http://www.springframework.org/schema/context/spring-context-3.0.xsd=org/springframework/context/config/spring-context-3.0.xsd, http://www.springframework.org/schema/jdbc/spring-jdbc-4.0.xsd=org/springframework/jdbc/config/spring-jdbc-4.0.xsd, http://www.springframework.org/schema/mvc/spring-mvc-4.0.xsd=org/springframework/web/servlet/config/spring-mvc-4.0.xsd, http://www.springframework.org/schema/util/spring-util-2.5.xsd=org/springframework/beans/factory/xml/spring-util-2.5.xsd, http://www.springframework.org/schema/beans/spring-beans-3.2.xsd=org/springframework/beans/factory/xml/spring-beans-3.2.xsd, http://www.springframework.org/schema/aop/spring-aop-3.1.xsd=org/springframework/aop/config/spring-aop-3.1.xsd, http://www.springframework.org/schema/lang/spring-lang-4.0.xsd=org/springframework/scripting/config/spring-lang-4.0.xsd, http://www.springframework.org/schema/mvc/spring-mvc.xsd=org/springframework/web/servlet/config/spring-mvc-4.1.xsd, http://www.springframework.org/schema/mvc/spring-mvc-3.1.xsd=org/springframework/web/servlet/config/spring-mvc-3.1.xsd, http://www.springframework.org/schema/beans/spring-beans-4.1.xsd=org/springframework/beans/factory/xml/spring-beans-4.1.xsd, http://www.springframework.org/schema/tool/spring-tool-4.0.xsd=org/springframework/beans/factory/xml/spring-tool-4.0.xsd, http://www.springframework.org/schema/tx/spring-tx-3.2.xsd=org/springframework/transaction/config/spring-tx-3.2.xsd, http://www.springframework.org/schema/lang/spring-lang-3.1.xsd=org/springframework/scripting/config/spring-lang-3.1.xsd, http://www.springframework.org/schema/cache/spring-cache-3.1.xsd=org/springframework/cache/config/spring-cache-3.1.xsd, http://www.springframework.org/schema/jee/spring-jee-4.0.xsd=org/springframework/ejb/config/spring-jee-4.0.xsd, http://www.springframework.org/schema/jdbc/spring-jdbc-3.0.xsd=org/springframework/jdbc/config/spring-jdbc-3.0.xsd, http://www.springframework.org/schema/task/spring-task-4.1.xsd=org/springframework/scheduling/config/spring-task-4.1.xsd, http://www.springframework.org/schema/jdbc/spring-jdbc.xsd=org/springframework/jdbc/config/spring-jdbc-4.1.xsd, http://www.springframework.org/schema/tool/spring-tool-3.1.xsd=org/springframework/beans/factory/xml/spring-tool-3.1.xsd, http://www.springframework.org/schema/tx/spring-tx-4.1.xsd=org/springframework/transaction/config/spring-tx-4.1.xsd, http://www.springframework.org/schema/cache/spring-cache-4.0.xsd=org/springframework/cache/config/spring-cache-4.0.xsd, http://www.springframework.org/schema/jee/spring-jee-3.1.xsd=org/springframework/ejb/config/spring-jee-3.1.xsd, http://www.springframework.org/schema/task/spring-task-3.2.xsd=org/springframework/scheduling/config/spring-task-3.2.xsd, http://www.springframework.org/schema/beans/spring-beans-3.1.xsd=org/springframework/beans/factory/xml/spring-beans-3.1.xsd, http://www.springframework.org/schema/util/spring-util.xsd=org/springframework/beans/factory/xml/spring-util-4.1.xsd, http://www.springframework.org/schema/aop/spring-aop-3.0.xsd=org/springframework/aop/config/spring-aop-3.0.xsd, http://www.springframework.org/schema/data/repository/spring-repository.xsd=org/springframework/data/repository/config/spring-repository-1.7.xsd, http://www.springframework.org/schema/data/repository/spring-repository-1.7.xsd=org/springframework/data/repository/config/spring-repository-1.7.xsd, http://www.springframework.org/schema/mvc/spring-mvc-3.0.xsd=org/springframework/web/servlet/config/spring-mvc-3.0.xsd, http://www.springframework.org/schema/beans/spring-beans-4.0.xsd=org/springframework/beans/factory/xml/spring-beans-4.0.xsd, http://www.springframework.org/schema/beans/spring-beans.xsd=org/springframework/beans/factory/xml/spring-beans-4.1.xsd, http://mybatis.org/schema/mybatis-spring.xsd=org/mybatis/spring/config/mybatis-spring-1.2.xsd, http://www.springframework.org/schema/tx/spring-tx-3.1.xsd=org/springframework/transaction/config/spring-tx-3.1.xsd, http://www.springframework.org/schema/lang/spring-lang-3.0.xsd=org/springframework/scripting/config/spring-lang-3.0.xsd, http://www.springframework.org/schema/context/spring-context-2.5.xsd=org/springframework/context/config/spring-context-2.5.xsd, http://www.springframework.org/schema/task/spring-task-4.0.xsd=org/springframework/scheduling/config/spring-task-4.0.xsd, http://www.springframework.org/schema/tool/spring-tool-3.0.xsd=org/springframework/beans/factory/xml/spring-tool-3.0.xsd, http://www.springframework.org/schema/tx/spring-tx-4.0.xsd=org/springframework/transaction/config/spring-tx-4.0.xsd, http://ehcache-spring-annotations.googlecode.com/svn/schema/ehcache-spring/ehcache-spring-1.2.xsd=com/googlecode/ehcache/annotations/ehcache-spring-1.2.xsd, http://www.springframework.org/schema/aop/spring-aop-2.0.xsd=org/springframework/aop/config/spring-aop-2.0.xsd, http://www.springframework.org/schema/jee/spring-jee-3.0.xsd=org/springframework/ejb/config/spring-jee-3.0.xsd, http://www.springframework.org/schema/util/spring-util-4.1.xsd=org/springframework/beans/factory/xml/spring-util-4.1.xsd, http://www.springframework.org/schema/task/spring-task-3.1.xsd=org/springframework/scheduling/config/spring-task-3.1.xsd, http://www.springframework.org/schema/beans/spring-beans-3.0.xsd=org/springframework/beans/factory/xml/spring-beans-3.0.xsd, http://www.springframework.org/schema/jee/spring-jee.xsd=org/springframework/ejb/config/spring-jee-4.1.xsd, http://www.springframework.org/schema/aop/spring-aop-2.5.xsd=org/springframework/aop/config/spring-aop-2.5.xsd, http://www.springframework.org/schema/lang/spring-lang-2.0.xsd=org/springframework/scripting/config/spring-lang-2.0.xsd, http://www.springframework.org/schema/data/repository/spring-repository-1.6.xsd=org/springframework/data/repository/config/spring-repository-1.6.xsd, http://www.springframework.org/schema/util/spring-util-3.2.xsd=org/springframework/beans/factory/xml/spring-util-3.2.xsd, http://www.springframework.org/schema/task/spring-task.xsd=org/springframework/scheduling/config/spring-task-4.1.xsd, http://www.springframework.org/schema/tool/spring-tool-2.0.xsd=org/springframework/beans/factory/xml/spring-tool-2.0.xsd, http://www.springframework.org/schema/tx/spring-tx-3.0.xsd=org/springframework/transaction/config/spring-tx-3.0.xsd, http://www.springframework.org/schema/lang/spring-lang-2.5.xsd=org/springframework/scripting/config/spring-lang-2.5.xsd, http://www.springframework.org/schema/jee/spring-jee-2.0.xsd=org/springframework/ejb/config/spring-jee-2.0.xsd, http://www.springframework.org/schema/tool/spring-tool-2.5.xsd=org/springframework/beans/factory/xml/spring-tool-2.5.xsd, http://ehcache-spring-annotations.googlecode.com/svn/schema/ehcache-spring/ehcache-spring-1.1.xsd=com/googlecode/ehcache/annotations/ehcache-spring-1.1.xsd, http://www.springframework.org/schema/jee/spring-jee-2.5.xsd=org/springframework/ejb/config/spring-jee-2.5.xsd, http://www.springframework.org/schema/data/repository/spring-repository-1.0.xsd=org/springframework/data/repository/config/spring-repository-1.0.xsd, http://www.springframework.org/schema/util/spring-util-4.0.xsd=org/springframework/beans/factory/xml/spring-util-4.0.xsd, http://www.springframework.org/schema/task/spring-task-3.0.xsd=org/springframework/scheduling/config/spring-task-3.0.xsd, http://www.springframework.org/schema/lang/spring-lang.xsd=org/springframework/scripting/config/spring-lang-4.1.xsd, http://www.springframework.org/schema/context/spring-context-3.2.xsd=org/springframework/context/config/spring-context-3.2.xsd, http://www.springframework.org/schema/data/repository/spring-repository-1.5.xsd=org/springframework/data/repository/config/spring-repository-1.5.xsd, http://www.springframework.org/schema/util/spring-util-3.1.xsd=org/springframework/beans/factory/xml/spring-util-3.1.xsd, http://www.springframework.org/schema/beans/spring-beans-2.0.xsd=org/springframework/beans/factory/xml/spring-beans-2.0.xsd, http://www.springframework.org/schema/cache/spring-cache.xsd=org/springframework/cache/config/spring-cache-4.1.xsd, http://www.springframework.org/schema/tx/spring-tx.xsd=org/springframework/transaction/config/spring-tx-4.1.xsd, http://www.springframework.org/schema/context/spring-context-4.1.xsd=org/springframework/context/config/spring-context-4.1.xsd, http://www.springframework.org/schema/beans/spring-beans-2.5.xsd=org/springframework/beans/factory/xml/spring-beans-2.5.xsd, http://www.springframework.org/schema/tx/spring-tx-2.0.xsd=org/springframework/transaction/config/spring-tx-2.0.xsd, http://ehcache-spring-annotations.googlecode.com/svn/schema/ehcache-spring/ehcache-spring-1.0.xsd=com/googlecode/ehcache/annotations/ehcache-spring-1.0.xsd, http://www.springframework.org/schema/jdbc/spring-jdbc-3.2.xsd=org/springframework/jdbc/config/spring-jdbc-3.2.xsd, http://www.springframework.org/schema/aop/spring-aop.xsd=org/springframework/aop/config/spring-aop-4.1.xsd}
16:07:30,514 DEBUG PluggableSchemaResolver:119 - Found XML schema [http://www.springframework.org/schema/beans/spring-beans.xsd] in classpath: org/springframework/beans/factory/xml/spring-beans-4.1.xsd
16:07:30,555 DEBUG PluggableSchemaResolver:119 - Found XML schema [http://www.springframework.org/schema/context/spring-context.xsd] in classpath: org/springframework/context/config/spring-context-4.1.xsd
16:07:30,562 DEBUG PluggableSchemaResolver:119 - Found XML schema [http://www.springframework.org/schema/tool/spring-tool-4.1.xsd] in classpath: org/springframework/beans/factory/xml/spring-tool-4.1.xsd
16:07:30,571 DEBUG DefaultBeanDefinitionDocumentReader:108 - Loading bean definitions
16:07:30,591  INFO XmlBeanDefinitionReader:316 - Loading XML bean definitions from class path resource [config/application-core.xml]
16:07:30,604 DEBUG DefaultDocumentLoader:73 - Using JAXP provider [com.sun.org.apache.xerces.internal.jaxp.DocumentBuilderFactoryImpl]
16:07:30,606 DEBUG PluggableSchemaResolver:119 - Found XML schema [http://www.springframework.org/schema/beans/spring-beans.xsd] in classpath: org/springframework/beans/factory/xml/spring-beans-4.1.xsd
16:07:30,624 DEBUG PluggableSchemaResolver:119 - Found XML schema [http://www.springframework.org/schema/context/spring-context.xsd] in classpath: org/springframework/context/config/spring-context-4.1.xsd
16:07:30,628 DEBUG PluggableSchemaResolver:119 - Found XML schema [http://www.springframework.org/schema/tool/spring-tool-4.1.xsd] in classpath: org/springframework/beans/factory/xml/spring-tool-4.1.xsd
16:07:30,635 DEBUG PluggableSchemaResolver:119 - Found XML schema [http://www.springframework.org/schema/tx/spring-tx.xsd] in classpath: org/springframework/transaction/config/spring-tx-4.1.xsd
16:07:30,640 DEBUG PluggableSchemaResolver:119 - Found XML schema [http://www.springframework.org/schema/aop/spring-aop.xsd] in classpath: org/springframework/aop/config/spring-aop-4.1.xsd
16:07:30,648 DEBUG DefaultBeanDefinitionDocumentReader:108 - Loading bean definitions
16:07:30,649  INFO XmlBeanDefinitionReader:316 - Loading XML bean definitions from class path resource [config/datasource-config.xml]
16:07:30,651 DEBUG DefaultDocumentLoader:73 - Using JAXP provider [com.sun.org.apache.xerces.internal.jaxp.DocumentBuilderFactoryImpl]
16:07:30,652 DEBUG PluggableSchemaResolver:119 - Found XML schema [http://www.springframework.org/schema/beans/spring-beans.xsd] in classpath: org/springframework/beans/factory/xml/spring-beans-4.1.xsd
16:07:30,666 DEBUG PluggableSchemaResolver:119 - Found XML schema [http://www.springframework.org/schema/context/spring-context.xsd] in classpath: org/springframework/context/config/spring-context-4.1.xsd
16:07:30,670 DEBUG PluggableSchemaResolver:119 - Found XML schema [http://www.springframework.org/schema/tool/spring-tool-4.1.xsd] in classpath: org/springframework/beans/factory/xml/spring-tool-4.1.xsd
16:07:30,675 DEBUG DefaultBeanDefinitionDocumentReader:108 - Loading bean definitions
16:07:30,678 DEBUG DefaultNamespaceHandlerResolver:157 - Loaded NamespaceHandler mappings: {http://www.springframework.org/schema/p=org.springframework.beans.factory.xml.SimplePropertyNamespaceHandler, http://www.springframework.org/schema/mvc=org.springframework.web.servlet.config.MvcNamespaceHandler, http://www.springframework.org/schema/util=org.springframework.beans.factory.xml.UtilNamespaceHandler, http://www.springframework.org/schema/jee=org.springframework.ejb.config.JeeNamespaceHandler, http://www.springframework.org/schema/aop=org.springframework.aop.config.AopNamespaceHandler, http://www.springframework.org/schema/data/repository=org.springframework.data.repository.config.RepositoryNameSpaceHandler, http://www.springframework.org/schema/jdbc=org.springframework.jdbc.config.JdbcNamespaceHandler, http://ehcache-spring-annotations.googlecode.com/svn/schema/ehcache-spring=com.googlecode.ehcache.annotations.config.AnnotationDrivenEhCacheNamespaceHandler, http://www.springframework.org/schema/cache=org.springframework.cache.config.CacheNamespaceHandler, http://mybatis.org/schema/mybatis-spring=org.mybatis.spring.config.NamespaceHandler, http://www.springframework.org/schema/c=org.springframework.beans.factory.xml.SimpleConstructorNamespaceHandler, http://www.springframework.org/schema/tx=org.springframework.transaction.config.TxNamespaceHandler, http://www.springframework.org/schema/task=org.springframework.scheduling.config.TaskNamespaceHandler, http://www.springframework.org/schema/lang=org.springframework.scripting.config.LangNamespaceHandler, http://www.springframework.org/schema/data/keyvalue=org.springframework.data.keyvalue.repository.config.KeyValueRepositoryNameSpaceHandler, http://www.springframework.org/schema/context=org.springframework.context.config.ContextNamespaceHandler}
16:07:30,698 DEBUG DefaultBeanDefinitionDocumentReader:269 - Imported 2 bean definitions from relative location [datasource-config.xml]
16:07:30,699  INFO XmlBeanDefinitionReader:316 - Loading XML bean definitions from class path resource [config/bean-defined.xml]
16:07:30,701 DEBUG DefaultDocumentLoader:73 - Using JAXP provider [com.sun.org.apache.xerces.internal.jaxp.DocumentBuilderFactoryImpl]
16:07:30,704 DEBUG PluggableSchemaResolver:119 - Found XML schema [http://www.springframework.org/schema/beans/spring-beans.xsd] in classpath: org/springframework/beans/factory/xml/spring-beans-4.1.xsd
16:07:30,718 DEBUG DefaultBeanDefinitionDocumentReader:108 - Loading bean definitions
16:07:30,719 DEBUG DefaultBeanDefinitionDocumentReader:269 - Imported 1 bean definitions from relative location [bean-defined.xml]
16:07:30,728 DEBUG ClassPathBeanDefinitionScanner:250 - JSR-330 'javax.inject.Named' annotation found and supported for component scanning
16:07:30,770 DEBUG ClassPathBeanDefinitionScanner:284 - Identified candidate component class: URL [jar:file:/d:/maven/repository/com/framework/framework-core/0.0.1-SNAPSHOT/framework-core-0.0.1-SNAPSHOT.jar!/com/framework/web/advice/ControlAdvice.class]
16:07:30,786 DEBUG ClassPathBeanDefinitionScanner:284 - Identified candidate component class: URL [jar:file:/d:/maven/repository/com/framework/framework-core/0.0.1-SNAPSHOT/framework-core-0.0.1-SNAPSHOT.jar!/com/framework/web/util/SessionManager.class]
16:07:30,806 DEBUG ClassPathBeanDefinitionScanner:250 - JSR-330 'javax.inject.Named' annotation found and supported for component scanning
16:07:30,811 DEBUG ClassPathBeanDefinitionScanner:284 - Identified candidate component class: URL [jar:file:/d:/maven/repository/com/framework/framework-core/0.0.1-SNAPSHOT/framework-core-0.0.1-SNAPSHOT.jar!/com/framework/common/aspect/QueryParamAop.class]
16:07:30,826 DEBUG BeanDefinitionParserDelegate:495 - Neither XML 'id' nor 'name' specified - using generated bean name [org.mybatis.spring.mapper.MapperScannerConfigurer#0]
16:07:30,827 DEBUG ClassPathBeanDefinitionScanner:250 - JSR-330 'javax.inject.Named' annotation found and supported for component scanning
16:07:30,834 DEBUG ClassPathBeanDefinitionScanner:290 - Ignored because not a concrete top-level class: URL [jar:file:/d:/maven/repository/com/framework/framework-core/0.0.1-SNAPSHOT/framework-core-0.0.1-SNAPSHOT.jar!/com/system/mybatis/dao/SysDeptMapper.class]
16:07:30,836 DEBUG ClassPathBeanDefinitionScanner:290 - Ignored because not a concrete top-level class: URL [jar:file:/d:/maven/repository/com/framework/framework-core/0.0.1-SNAPSHOT/framework-core-0.0.1-SNAPSHOT.jar!/com/system/mybatis/dao/SysLogMapper.class]
16:07:30,838 DEBUG ClassPathBeanDefinitionScanner:290 - Ignored because not a concrete top-level class: URL [jar:file:/d:/maven/repository/com/framework/framework-core/0.0.1-SNAPSHOT/framework-core-0.0.1-SNAPSHOT.jar!/com/system/mybatis/service/IIndexItemService.class]
16:07:30,840 DEBUG ClassPathBeanDefinitionScanner:284 - Identified candidate component class: URL [jar:file:/d:/maven/repository/com/framework/framework-core/0.0.1-SNAPSHOT/framework-core-0.0.1-SNAPSHOT.jar!/com/system/mybatis/service/impl/IndexItemService.class]
16:07:30,842 DEBUG ClassPathBeanDefinitionScanner:284 - Identified candidate component class: URL [jar:file:/d:/maven/repository/com/framework/framework-core/0.0.1-SNAPSHOT/framework-core-0.0.1-SNAPSHOT.jar!/com/system/mybatis/service/impl/SysCodeService.class]
16:07:30,843 DEBUG ClassPathBeanDefinitionScanner:284 - Identified candidate component class: URL [jar:file:/d:/maven/repository/com/framework/framework-core/0.0.1-SNAPSHOT/framework-core-0.0.1-SNAPSHOT.jar!/com/system/mybatis/service/impl/SysDeptServiceImpl.class]
16:07:30,844 DEBUG ClassPathBeanDefinitionScanner:284 - Identified candidate component class: URL [jar:file:/d:/maven/repository/com/framework/framework-core/0.0.1-SNAPSHOT/framework-core-0.0.1-SNAPSHOT.jar!/com/system/mybatis/service/impl/SysModuleServiceImpl.class]
16:07:30,845 DEBUG ClassPathBeanDefinitionScanner:284 - Identified candidate component class: URL [jar:file:/d:/maven/repository/com/framework/framework-core/0.0.1-SNAPSHOT/framework-core-0.0.1-SNAPSHOT.jar!/com/system/mybatis/service/impl/SystemLogServiceImpl.class]
16:07:30,847 DEBUG ClassPathBeanDefinitionScanner:284 - Identified candidate component class: URL [jar:file:/d:/maven/repository/com/framework/framework-core/0.0.1-SNAPSHOT/framework-core-0.0.1-SNAPSHOT.jar!/com/system/mybatis/service/impl/SystemRoleServiceImpl.class]
16:07:30,849 DEBUG ClassPathBeanDefinitionScanner:284 - Identified candidate component class: URL [jar:file:/d:/maven/repository/com/framework/framework-core/0.0.1-SNAPSHOT/framework-core-0.0.1-SNAPSHOT.jar!/com/system/mybatis/service/impl/SystemUserServiceImpl.class]
16:07:30,849 DEBUG ClassPathBeanDefinitionScanner:290 - Ignored because not a concrete top-level class: URL [jar:file:/d:/maven/repository/com/framework/framework-core/0.0.1-SNAPSHOT/framework-core-0.0.1-SNAPSHOT.jar!/com/system/mybatis/service/ISysCodeService.class]
16:07:30,850 DEBUG ClassPathBeanDefinitionScanner:290 - Ignored because not a concrete top-level class: URL [jar:file:/d:/maven/repository/com/framework/framework-core/0.0.1-SNAPSHOT/framework-core-0.0.1-SNAPSHOT.jar!/com/system/mybatis/service/ISysModuleService.class]
16:07:30,851 DEBUG ClassPathBeanDefinitionScanner:290 - Ignored because not a concrete top-level class: URL [jar:file:/d:/maven/repository/com/framework/framework-core/0.0.1-SNAPSHOT/framework-core-0.0.1-SNAPSHOT.jar!/com/system/mybatis/service/ISystemLogService.class]
16:07:30,852 DEBUG ClassPathBeanDefinitionScanner:290 - Ignored because not a concrete top-level class: URL [jar:file:/d:/maven/repository/com/framework/framework-core/0.0.1-SNAPSHOT/framework-core-0.0.1-SNAPSHOT.jar!/com/system/mybatis/service/ISystemRoleService.class]
16:07:30,853 DEBUG ClassPathBeanDefinitionScanner:290 - Ignored because not a concrete top-level class: URL [jar:file:/d:/maven/repository/com/framework/framework-core/0.0.1-SNAPSHOT/framework-core-0.0.1-SNAPSHOT.jar!/com/system/mybatis/service/ISystemUserService.class]
16:07:30,854 DEBUG ClassPathBeanDefinitionScanner:250 - JSR-330 'javax.inject.Named' annotation found and supported for component scanning
16:07:30,860 DEBUG ClassPathBeanDefinitionScanner:284 - Identified candidate component class: URL [jar:file:/d:/maven/repository/com/framework/framework-core/0.0.1-SNAPSHOT/framework-core-0.0.1-SNAPSHOT.jar!/com/framework/mybatis/aspect/SystemLogAOP.class]
16:07:30,866 DEBUG ClassPathBeanDefinitionScanner:290 - Ignored because not a concrete top-level class: URL [jar:file:/d:/maven/repository/com/framework/framework-core/0.0.1-SNAPSHOT/framework-core-0.0.1-SNAPSHOT.jar!/com/framework/mybatis/service/ICommonService.class]
16:07:30,868 DEBUG ClassPathBeanDefinitionScanner:284 - Identified candidate component class: URL [jar:file:/d:/maven/repository/com/framework/framework-core/0.0.1-SNAPSHOT/framework-core-0.0.1-SNAPSHOT.jar!/com/framework/mybatis/service/impl/CommonServiceImpl.class]
16:07:30,879 DEBUG DefaultBeanDefinitionDocumentReader:269 - Imported 28 bean definitions from relative location [application-core.xml]
16:07:30,882 DEBUG ClassPathBeanDefinitionScanner:250 - JSR-330 'javax.inject.Named' annotation found and supported for component scanning
16:07:30,889 DEBUG ClassPathBeanDefinitionScanner:284 - Identified candidate component class: file [D:\workspace\framework-root\framework-resources\target\classes\com\resources\services\impl\AttachmentsServiceImpl.class]
16:07:30,891 DEBUG ClassPathBeanDefinitionScanner:284 - Identified candidate component class: file [D:\workspace\framework-root\framework-resources\target\classes\com\resources\web\AttachmentsController.class]
16:07:30,893 DEBUG ClassPathBeanDefinitionScanner:284 - Identified candidate component class: file [D:\workspace\framework-root\framework-resources\target\classes\com\resources\web\ShareResources.class]
16:07:30,894 DEBUG ClassPathBeanDefinitionScanner:250 - JSR-330 'javax.inject.Named' annotation found and supported for component scanning
16:07:30,900 DEBUG ClassPathBeanDefinitionScanner:284 - Identified candidate component class: file [D:\workspace\framework-root\framework-resources\target\classes\com\framework\image\handler\impl\IM4ImageHandler.class]
16:07:30,902 DEBUG ClassPathBeanDefinitionScanner:284 - Identified candidate component class: file [D:\workspace\framework-root\framework-resources\target\classes\com\framework\image\ImageService.class]
16:07:30,904 DEBUG BeanDefinitionParserDelegate:495 - Neither XML 'id' nor 'name' specified - using generated bean name [org.mybatis.spring.mapper.MapperScannerConfigurer#1]
16:07:30,905 DEBUG XmlBeanDefinitionReader:223 - Loaded 35 bean definitions from location pattern [classpath:config/application-resources.xml]
16:07:30,909  INFO GenericApplicationContext:510 - Refreshing org.springframework.context.support.GenericApplicationContext@276ac534: startup date [Mon Sep 18 16:07:30 CST 2017]; root of context hierarchy
16:07:30,910 DEBUG GenericApplicationContext:540 - Bean factory for org.springframework.context.support.GenericApplicationContext@276ac534: org.springframework.beans.factory.support.DefaultListableBeanFactory@724873df: defining beans [org.springframework.beans.factory.config.PropertyPlaceholderConfigurer#0,dataSource,validator,controlAdvice,sessionManager,org.springframework.context.annotation.internalConfigurationAnnotationProcessor,org.springframework.context.annotation.internalAutowiredAnnotationProcessor,org.springframework.context.annotation.internalRequiredAnnotationProcessor,org.springframework.context.annotation.internalCommonAnnotationProcessor,org.springframework.context.annotation.internalPersistenceAnnotationProcessor,queryParamAop,org.springframework.aop.config.internalAutoProxyCreator,org.springframework.transaction.annotation.AnnotationTransactionAttributeSource#0,org.springframework.transaction.interceptor.TransactionInterceptor#0,org.springframework.transaction.config.internalTransactionAdvisor,sqlSessionFactory,myBatisExceptionTranslator,org.mybatis.spring.mapper.MapperScannerConfigurer#0,transactionManager,indexItemService,sysCodeService,sysDeptServiceImpl,sysModuleServiceImpl,systemLogServiceImpl,systemRoleServiceImpl,systemUserServiceImpl,systemLogAOP,commonServiceImpl,configProperties,attachmentsServiceImpl,attachmentsController,shareResources,iM4ImageHandler,imageService,org.mybatis.spring.mapper.MapperScannerConfigurer#1]; root of factory hierarchy
16:07:30,947 DEBUG DefaultListableBeanFactory:220 - Creating shared instance of singleton bean 'org.springframework.context.annotation.internalConfigurationAnnotationProcessor'
16:07:30,947 DEBUG DefaultListableBeanFactory:450 - Creating instance of bean 'org.springframework.context.annotation.internalConfigurationAnnotationProcessor'
16:07:30,967 DEBUG DefaultListableBeanFactory:524 - Eagerly caching bean 'org.springframework.context.annotation.internalConfigurationAnnotationProcessor' to allow for resolving potential circular references
16:07:30,969 DEBUG DefaultListableBeanFactory:478 - Finished creating instance of bean 'org.springframework.context.annotation.internalConfigurationAnnotationProcessor'
16:07:31,044 DEBUG DefaultListableBeanFactory:220 - Creating shared instance of singleton bean 'org.mybatis.spring.mapper.MapperScannerConfigurer#0'
16:07:31,044 DEBUG DefaultListableBeanFactory:450 - Creating instance of bean 'org.mybatis.spring.mapper.MapperScannerConfigurer#0'
16:07:31,045 DEBUG DefaultListableBeanFactory:524 - Eagerly caching bean 'org.mybatis.spring.mapper.MapperScannerConfigurer#0' to allow for resolving potential circular references
16:07:31,076 DEBUG DefaultListableBeanFactory:1610 - Invoking afterPropertiesSet() on bean with name 'org.mybatis.spring.mapper.MapperScannerConfigurer#0'
16:07:31,076 DEBUG DefaultListableBeanFactory:478 - Finished creating instance of bean 'org.mybatis.spring.mapper.MapperScannerConfigurer#0'
16:07:31,092 DEBUG ClassPathMapperScanner:284 - Identified candidate component class: URL [jar:file:/d:/maven/repository/com/framework/framework-core/0.0.1-SNAPSHOT/framework-core-0.0.1-SNAPSHOT.jar!/com/system/common/SysConstant.class]
16:07:31,093 DEBUG ClassPathMapperScanner:284 - Identified candidate component class: URL [jar:file:/d:/maven/repository/com/framework/framework-core/0.0.1-SNAPSHOT/framework-core-0.0.1-SNAPSHOT.jar!/com/system/jpa/repository/ISysDeptDao.class]
16:07:31,094 DEBUG ClassPathMapperScanner:290 - Ignored because not a concrete top-level class: URL [jar:file:/d:/maven/repository/com/framework/framework-core/0.0.1-SNAPSHOT/framework-core-0.0.1-SNAPSHOT.jar!/com/system/jpa/repository/jpa/SysDeptDaoImpl.class]
16:07:31,095 DEBUG ClassPathMapperScanner:290 - Ignored because not a concrete top-level class: URL [jar:file:/d:/maven/repository/com/framework/framework-core/0.0.1-SNAPSHOT/framework-core-0.0.1-SNAPSHOT.jar!/com/system/model/DataIndexTree.class]
16:07:31,096 DEBUG ClassPathMapperScanner:290 - Ignored because not a concrete top-level class: URL [jar:file:/d:/maven/repository/com/framework/framework-core/0.0.1-SNAPSHOT/framework-core-0.0.1-SNAPSHOT.jar!/com/system/model/SysCode.class]
16:07:31,097 DEBUG ClassPathMapperScanner:290 - Ignored because not a concrete top-level class: URL [jar:file:/d:/maven/repository/com/framework/framework-core/0.0.1-SNAPSHOT/framework-core-0.0.1-SNAPSHOT.jar!/com/system/model/SysCodeTree.class]
16:07:31,098 DEBUG ClassPathMapperScanner:290 - Ignored because not a concrete top-level class: URL [jar:file:/d:/maven/repository/com/framework/framework-core/0.0.1-SNAPSHOT/framework-core-0.0.1-SNAPSHOT.jar!/com/system/model/SysDepartmentTree.class]
16:07:31,113 DEBUG ClassPathMapperScanner:290 - Ignored because not a concrete top-level class: URL [jar:file:/d:/maven/repository/com/framework/framework-core/0.0.1-SNAPSHOT/framework-core-0.0.1-SNAPSHOT.jar!/com/system/model/SysDept.class]
16:07:31,114 DEBUG ClassPathMapperScanner:290 - Ignored because not a concrete top-level class: URL [jar:file:/d:/maven/repository/com/framework/framework-core/0.0.1-SNAPSHOT/framework-core-0.0.1-SNAPSHOT.jar!/com/system/model/SysDeptUser.class]
16:07:31,115 DEBUG ClassPathMapperScanner:290 - Ignored because not a concrete top-level class: URL [jar:file:/d:/maven/repository/com/framework/framework-core/0.0.1-SNAPSHOT/framework-core-0.0.1-SNAPSHOT.jar!/com/system/model/SysIndexitem.class]
16:07:31,116 DEBUG ClassPathMapperScanner:290 - Ignored because not a concrete top-level class: URL [jar:file:/d:/maven/repository/com/framework/framework-core/0.0.1-SNAPSHOT/framework-core-0.0.1-SNAPSHOT.jar!/com/system/model/SysLog.class]
16:07:31,116 DEBUG ClassPathMapperScanner:290 - Ignored because not a concrete top-level class: URL [jar:file:/d:/maven/repository/com/framework/framework-core/0.0.1-SNAPSHOT/framework-core-0.0.1-SNAPSHOT.jar!/com/system/model/SysModule.class]
16:07:31,117 DEBUG ClassPathMapperScanner:290 - Ignored because not a concrete top-level class: URL [jar:file:/d:/maven/repository/com/framework/framework-core/0.0.1-SNAPSHOT/framework-core-0.0.1-SNAPSHOT.jar!/com/system/model/SysRole.class]
16:07:31,118 DEBUG ClassPathMapperScanner:290 - Ignored because not a concrete top-level class: URL [jar:file:/d:/maven/repository/com/framework/framework-core/0.0.1-SNAPSHOT/framework-core-0.0.1-SNAPSHOT.jar!/com/system/model/SysRoleFuncKey.class]
16:07:31,118 DEBUG ClassPathMapperScanner:290 - Ignored because not a concrete top-level class: URL [jar:file:/d:/maven/repository/com/framework/framework-core/0.0.1-SNAPSHOT/framework-core-0.0.1-SNAPSHOT.jar!/com/system/model/SysRoleUser.class]
16:07:31,119 DEBUG ClassPathMapperScanner:290 - Ignored because not a concrete top-level class: URL [jar:file:/d:/maven/repository/com/framework/framework-core/0.0.1-SNAPSHOT/framework-core-0.0.1-SNAPSHOT.jar!/com/system/model/SysUser.class]
16:07:31,119 DEBUG ClassPathMapperScanner:284 - Identified candidate component class: URL [jar:file:/d:/maven/repository/com/framework/framework-core/0.0.1-SNAPSHOT/framework-core-0.0.1-SNAPSHOT.jar!/com/system/mybatis/dao/CommSeqMapper.class]
16:07:31,120 DEBUG ClassPathMapperScanner:284 - Identified candidate component class: URL [jar:file:/d:/maven/repository/com/framework/framework-core/0.0.1-SNAPSHOT/framework-core-0.0.1-SNAPSHOT.jar!/com/system/mybatis/dao/SysCodeMapper.class]
16:07:31,121 DEBUG ClassPathMapperScanner:284 - Identified candidate component class: URL [jar:file:/d:/maven/repository/com/framework/framework-core/0.0.1-SNAPSHOT/framework-core-0.0.1-SNAPSHOT.jar!/com/system/mybatis/dao/SysDeptMapper.class]
16:07:31,121 DEBUG ClassPathMapperScanner:284 - Identified candidate component class: URL [jar:file:/d:/maven/repository/com/framework/framework-core/0.0.1-SNAPSHOT/framework-core-0.0.1-SNAPSHOT.jar!/com/system/mybatis/dao/SysDeptUserMapper.class]
16:07:31,122 DEBUG ClassPathMapperScanner:284 - Identified candidate component class: URL [jar:file:/d:/maven/repository/com/framework/framework-core/0.0.1-SNAPSHOT/framework-core-0.0.1-SNAPSHOT.jar!/com/system/mybatis/dao/SysIndexitemMapper.class]
16:07:31,122 DEBUG ClassPathMapperScanner:284 - Identified candidate component class: URL [jar:file:/d:/maven/repository/com/framework/framework-core/0.0.1-SNAPSHOT/framework-core-0.0.1-SNAPSHOT.jar!/com/system/mybatis/dao/SysLogMapper.class]
16:07:31,123 DEBUG ClassPathMapperScanner:284 - Identified candidate component class: URL [jar:file:/d:/maven/repository/com/framework/framework-core/0.0.1-SNAPSHOT/framework-core-0.0.1-SNAPSHOT.jar!/com/system/mybatis/dao/SysModuleMapper.class]
16:07:31,123 DEBUG ClassPathMapperScanner:284 - Identified candidate component class: URL [jar:file:/d:/maven/repository/com/framework/framework-core/0.0.1-SNAPSHOT/framework-core-0.0.1-SNAPSHOT.jar!/com/system/mybatis/dao/SysRoleFuncMapper.class]
16:07:31,124 DEBUG ClassPathMapperScanner:284 - Identified candidate component class: URL [jar:file:/d:/maven/repository/com/framework/framework-core/0.0.1-SNAPSHOT/framework-core-0.0.1-SNAPSHOT.jar!/com/system/mybatis/dao/SysRoleMapper.class]
16:07:31,124 DEBUG ClassPathMapperScanner:284 - Identified candidate component class: URL [jar:file:/d:/maven/repository/com/framework/framework-core/0.0.1-SNAPSHOT/framework-core-0.0.1-SNAPSHOT.jar!/com/system/mybatis/dao/SysRoleUserMapper.class]
16:07:31,124 DEBUG ClassPathMapperScanner:284 - Identified candidate component class: URL [jar:file:/d:/maven/repository/com/framework/framework-core/0.0.1-SNAPSHOT/framework-core-0.0.1-SNAPSHOT.jar!/com/system/mybatis/dao/SysUserMapper.class]
16:07:31,125 DEBUG ClassPathMapperScanner:284 - Identified candidate component class: URL [jar:file:/d:/maven/repository/com/framework/framework-core/0.0.1-SNAPSHOT/framework-core-0.0.1-SNAPSHOT.jar!/com/system/mybatis/service/IIndexItemService.class]
16:07:31,126 DEBUG ClassPathMapperScanner:290 - Ignored because not a concrete top-level class: URL [jar:file:/d:/maven/repository/com/framework/framework-core/0.0.1-SNAPSHOT/framework-core-0.0.1-SNAPSHOT.jar!/com/system/mybatis/service/impl/IndexItemService.class]
16:07:31,128 DEBUG ClassPathMapperScanner:290 - Ignored because not a concrete top-level class: URL [jar:file:/d:/maven/repository/com/framework/framework-core/0.0.1-SNAPSHOT/framework-core-0.0.1-SNAPSHOT.jar!/com/system/mybatis/service/impl/SysCodeService.class]
16:07:31,128 DEBUG ClassPathMapperScanner:290 - Ignored because not a concrete top-level class: URL [jar:file:/d:/maven/repository/com/framework/framework-core/0.0.1-SNAPSHOT/framework-core-0.0.1-SNAPSHOT.jar!/com/system/mybatis/service/impl/SysDeptServiceImpl.class]
16:07:31,129 DEBUG ClassPathMapperScanner:290 - Ignored because not a concrete top-level class: URL [jar:file:/d:/maven/repository/com/framework/framework-core/0.0.1-SNAPSHOT/framework-core-0.0.1-SNAPSHOT.jar!/com/system/mybatis/service/impl/SysModuleServiceImpl.class]
16:07:31,130 DEBUG ClassPathMapperScanner:290 - Ignored because not a concrete top-level class: URL [jar:file:/d:/maven/repository/com/framework/framework-core/0.0.1-SNAPSHOT/framework-core-0.0.1-SNAPSHOT.jar!/com/system/mybatis/service/impl/SystemLogServiceImpl.class]
16:07:31,132 DEBUG ClassPathMapperScanner:290 - Ignored because not a concrete top-level class: URL [jar:file:/d:/maven/repository/com/framework/framework-core/0.0.1-SNAPSHOT/framework-core-0.0.1-SNAPSHOT.jar!/com/system/mybatis/service/impl/SystemRoleServiceImpl.class]
16:07:31,134 DEBUG ClassPathMapperScanner:290 - Ignored because not a concrete top-level class: URL [jar:file:/d:/maven/repository/com/framework/framework-core/0.0.1-SNAPSHOT/framework-core-0.0.1-SNAPSHOT.jar!/com/system/mybatis/service/impl/SystemUserServiceImpl.class]
16:07:31,135 DEBUG ClassPathMapperScanner:284 - Identified candidate component class: URL [jar:file:/d:/maven/repository/com/framework/framework-core/0.0.1-SNAPSHOT/framework-core-0.0.1-SNAPSHOT.jar!/com/system/mybatis/service/ISysCodeService.class]
16:07:31,135 DEBUG ClassPathMapperScanner:284 - Identified candidate component class: URL [jar:file:/d:/maven/repository/com/framework/framework-core/0.0.1-SNAPSHOT/framework-core-0.0.1-SNAPSHOT.jar!/com/system/mybatis/service/ISysDeptService.class]
16:07:31,136 DEBUG ClassPathMapperScanner:284 - Identified candidate component class: URL [jar:file:/d:/maven/repository/com/framework/framework-core/0.0.1-SNAPSHOT/framework-core-0.0.1-SNAPSHOT.jar!/com/system/mybatis/service/ISysModuleService.class]
16:07:31,136 DEBUG ClassPathMapperScanner:284 - Identified candidate component class: URL [jar:file:/d:/maven/repository/com/framework/framework-core/0.0.1-SNAPSHOT/framework-core-0.0.1-SNAPSHOT.jar!/com/system/mybatis/service/ISystemLogService.class]
16:07:31,137 DEBUG ClassPathMapperScanner:284 - Identified candidate component class: URL [jar:file:/d:/maven/repository/com/framework/framework-core/0.0.1-SNAPSHOT/framework-core-0.0.1-SNAPSHOT.jar!/com/system/mybatis/service/ISystemRoleService.class]
16:07:31,137 DEBUG ClassPathMapperScanner:284 - Identified candidate component class: URL [jar:file:/d:/maven/repository/com/framework/framework-core/0.0.1-SNAPSHOT/framework-core-0.0.1-SNAPSHOT.jar!/com/system/mybatis/service/ISystemUserService.class]
16:07:31,140 DEBUG ClassPathMapperScanner:290 - Ignored because not a concrete top-level class: URL [jar:file:/d:/maven/repository/com/framework/framework-core/0.0.1-SNAPSHOT/framework-core-0.0.1-SNAPSHOT.jar!/com/system/web/code/CodeController.class]
16:07:31,141 DEBUG ClassPathMapperScanner:290 - Ignored because not a concrete top-level class: URL [jar:file:/d:/maven/repository/com/framework/framework-core/0.0.1-SNAPSHOT/framework-core-0.0.1-SNAPSHOT.jar!/com/system/web/custom/CustomController.class]
16:07:31,143 DEBUG ClassPathMapperScanner:290 - Ignored because not a concrete top-level class: URL [jar:file:/d:/maven/repository/com/framework/framework-core/0.0.1-SNAPSHOT/framework-core-0.0.1-SNAPSHOT.jar!/com/system/web/dataindex/IndexItemController.class]
16:07:31,144 DEBUG ClassPathMapperScanner:290 - Ignored because not a concrete top-level class: URL [jar:file:/d:/maven/repository/com/framework/framework-core/0.0.1-SNAPSHOT/framework-core-0.0.1-SNAPSHOT.jar!/com/system/web/DepartmentController.class]
16:07:31,146 DEBUG ClassPathMapperScanner:290 - Ignored because not a concrete top-level class: URL [jar:file:/d:/maven/repository/com/framework/framework-core/0.0.1-SNAPSHOT/framework-core-0.0.1-SNAPSHOT.jar!/com/system/web/RoleController.class]
16:07:31,149 DEBUG ClassPathMapperScanner:290 - Ignored because not a concrete top-level class: URL [jar:file:/d:/maven/repository/com/framework/framework-core/0.0.1-SNAPSHOT/framework-core-0.0.1-SNAPSHOT.jar!/com/system/web/user/UserController.class]
16:07:31,150 DEBUG ClassPathMapperScanner:161 - Creating MapperFactoryBean with name 'sysConstant' and 'com.system.common.SysConstant' mapperInterface
16:07:31,151 DEBUG ClassPathMapperScanner:161 - Creating MapperFactoryBean with name 'ISysDeptDao' and 'com.system.jpa.repository.ISysDeptDao' mapperInterface
16:07:31,151 DEBUG ClassPathMapperScanner:161 - Creating MapperFactoryBean with name 'commSeqMapper' and 'com.system.mybatis.dao.CommSeqMapper' mapperInterface
16:07:31,151 DEBUG ClassPathMapperScanner:161 - Creating MapperFactoryBean with name 'sysCodeMapper' and 'com.system.mybatis.dao.SysCodeMapper' mapperInterface
16:07:31,152 DEBUG ClassPathMapperScanner:161 - Creating MapperFactoryBean with name 'sysDeptMapper' and 'com.system.mybatis.dao.SysDeptMapper' mapperInterface
16:07:31,152 DEBUG ClassPathMapperScanner:161 - Creating MapperFactoryBean with name 'sysDeptUserMapper' and 'com.system.mybatis.dao.SysDeptUserMapper' mapperInterface
16:07:31,152 DEBUG ClassPathMapperScanner:161 - Creating MapperFactoryBean with name 'sysIndexitemMapper' and 'com.system.mybatis.dao.SysIndexitemMapper' mapperInterface
16:07:31,152 DEBUG ClassPathMapperScanner:161 - Creating MapperFactoryBean with name 'sysLogMapper' and 'com.system.mybatis.dao.SysLogMapper' mapperInterface
16:07:31,152 DEBUG ClassPathMapperScanner:161 - Creating MapperFactoryBean with name 'sysModuleMapper' and 'com.system.mybatis.dao.SysModuleMapper' mapperInterface
16:07:31,152 DEBUG ClassPathMapperScanner:161 - Creating MapperFactoryBean with name 'sysRoleFuncMapper' and 'com.system.mybatis.dao.SysRoleFuncMapper' mapperInterface
16:07:31,152 DEBUG ClassPathMapperScanner:161 - Creating MapperFactoryBean with name 'sysRoleMapper' and 'com.system.mybatis.dao.SysRoleMapper' mapperInterface
16:07:31,153 DEBUG ClassPathMapperScanner:161 - Creating MapperFactoryBean with name 'sysRoleUserMapper' and 'com.system.mybatis.dao.SysRoleUserMapper' mapperInterface
16:07:31,153 DEBUG ClassPathMapperScanner:161 - Creating MapperFactoryBean with name 'sysUserMapper' and 'com.system.mybatis.dao.SysUserMapper' mapperInterface
16:07:31,153 DEBUG ClassPathMapperScanner:161 - Creating MapperFactoryBean with name 'IIndexItemService' and 'com.system.mybatis.service.IIndexItemService' mapperInterface
16:07:31,153 DEBUG ClassPathMapperScanner:161 - Creating MapperFactoryBean with name 'ISysCodeService' and 'com.system.mybatis.service.ISysCodeService' mapperInterface
16:07:31,153 DEBUG ClassPathMapperScanner:161 - Creating MapperFactoryBean with name 'ISysDeptService' and 'com.system.mybatis.service.ISysDeptService' mapperInterface
16:07:31,153 DEBUG ClassPathMapperScanner:161 - Creating MapperFactoryBean with name 'ISysModuleService' and 'com.system.mybatis.service.ISysModuleService' mapperInterface
16:07:31,154 DEBUG ClassPathMapperScanner:161 - Creating MapperFactoryBean with name 'ISystemLogService' and 'com.system.mybatis.service.ISystemLogService' mapperInterface
16:07:31,154 DEBUG ClassPathMapperScanner:161 - Creating MapperFactoryBean with name 'ISystemRoleService' and 'com.system.mybatis.service.ISystemRoleService' mapperInterface
16:07:31,154 DEBUG ClassPathMapperScanner:161 - Creating MapperFactoryBean with name 'ISystemUserService' and 'com.system.mybatis.service.ISystemUserService' mapperInterface
16:07:31,154 DEBUG DefaultListableBeanFactory:220 - Creating shared instance of singleton bean 'org.mybatis.spring.mapper.MapperScannerConfigurer#1'
16:07:31,155 DEBUG DefaultListableBeanFactory:450 - Creating instance of bean 'org.mybatis.spring.mapper.MapperScannerConfigurer#1'
16:07:31,155 DEBUG DefaultListableBeanFactory:524 - Eagerly caching bean 'org.mybatis.spring.mapper.MapperScannerConfigurer#1' to allow for resolving potential circular references
16:07:31,155 DEBUG DefaultListableBeanFactory:1610 - Invoking afterPropertiesSet() on bean with name 'org.mybatis.spring.mapper.MapperScannerConfigurer#1'
16:07:31,156 DEBUG DefaultListableBeanFactory:478 - Finished creating instance of bean 'org.mybatis.spring.mapper.MapperScannerConfigurer#1'
16:07:31,162 DEBUG ClassPathMapperScanner:284 - Identified candidate component class: URL [jar:file:/d:/maven/repository/com/framework/framework-core/0.0.1-SNAPSHOT/framework-core-0.0.1-SNAPSHOT.jar!/com/system/common/SysConstant.class]
16:07:31,163 DEBUG ClassPathMapperScanner:284 - Identified candidate component class: URL [jar:file:/d:/maven/repository/com/framework/framework-core/0.0.1-SNAPSHOT/framework-core-0.0.1-SNAPSHOT.jar!/com/system/jpa/repository/ISysDeptDao.class]
16:07:31,164 DEBUG ClassPathMapperScanner:290 - Ignored because not a concrete top-level class: URL [jar:file:/d:/maven/repository/com/framework/framework-core/0.0.1-SNAPSHOT/framework-core-0.0.1-SNAPSHOT.jar!/com/system/jpa/repository/jpa/SysDeptDaoImpl.class]
16:07:31,164 DEBUG ClassPathMapperScanner:290 - Ignored because not a concrete top-level class: URL [jar:file:/d:/maven/repository/com/framework/framework-core/0.0.1-SNAPSHOT/framework-core-0.0.1-SNAPSHOT.jar!/com/system/model/DataIndexTree.class]
16:07:31,165 DEBUG ClassPathMapperScanner:290 - Ignored because not a concrete top-level class: URL [jar:file:/d:/maven/repository/com/framework/framework-core/0.0.1-SNAPSHOT/framework-core-0.0.1-SNAPSHOT.jar!/com/system/model/SysCode.class]
16:07:31,165 DEBUG ClassPathMapperScanner:290 - Ignored because not a concrete top-level class: URL [jar:file:/d:/maven/repository/com/framework/framework-core/0.0.1-SNAPSHOT/framework-core-0.0.1-SNAPSHOT.jar!/com/system/model/SysCodeTree.class]
16:07:31,166 DEBUG ClassPathMapperScanner:290 - Ignored because not a concrete top-level class: URL [jar:file:/d:/maven/repository/com/framework/framework-core/0.0.1-SNAPSHOT/framework-core-0.0.1-SNAPSHOT.jar!/com/system/model/SysDepartmentTree.class]
16:07:31,167 DEBUG ClassPathMapperScanner:290 - Ignored because not a concrete top-level class: URL [jar:file:/d:/maven/repository/com/framework/framework-core/0.0.1-SNAPSHOT/framework-core-0.0.1-SNAPSHOT.jar!/com/system/model/SysDept.class]
16:07:31,167 DEBUG ClassPathMapperScanner:290 - Ignored because not a concrete top-level class: URL [jar:file:/d:/maven/repository/com/framework/framework-core/0.0.1-SNAPSHOT/framework-core-0.0.1-SNAPSHOT.jar!/com/system/model/SysDeptUser.class]
16:07:31,168 DEBUG ClassPathMapperScanner:290 - Ignored because not a concrete top-level class: URL [jar:file:/d:/maven/repository/com/framework/framework-core/0.0.1-SNAPSHOT/framework-core-0.0.1-SNAPSHOT.jar!/com/system/model/SysIndexitem.class]
16:07:31,169 DEBUG ClassPathMapperScanner:290 - Ignored because not a concrete top-level class: URL [jar:file:/d:/maven/repository/com/framework/framework-core/0.0.1-SNAPSHOT/framework-core-0.0.1-SNAPSHOT.jar!/com/system/model/SysLog.class]
16:07:31,169 DEBUG ClassPathMapperScanner:290 - Ignored because not a concrete top-level class: URL [jar:file:/d:/maven/repository/com/framework/framework-core/0.0.1-SNAPSHOT/framework-core-0.0.1-SNAPSHOT.jar!/com/system/model/SysModule.class]
16:07:31,170 DEBUG ClassPathMapperScanner:290 - Ignored because not a concrete top-level class: URL [jar:file:/d:/maven/repository/com/framework/framework-core/0.0.1-SNAPSHOT/framework-core-0.0.1-SNAPSHOT.jar!/com/system/model/SysRole.class]
16:07:31,170 DEBUG ClassPathMapperScanner:290 - Ignored because not a concrete top-level class: URL [jar:file:/d:/maven/repository/com/framework/framework-core/0.0.1-SNAPSHOT/framework-core-0.0.1-SNAPSHOT.jar!/com/system/model/SysRoleFuncKey.class]
16:07:31,171 DEBUG ClassPathMapperScanner:290 - Ignored because not a concrete top-level class: URL [jar:file:/d:/maven/repository/com/framework/framework-core/0.0.1-SNAPSHOT/framework-core-0.0.1-SNAPSHOT.jar!/com/system/model/SysRoleUser.class]
16:07:31,171 DEBUG ClassPathMapperScanner:290 - Ignored because not a concrete top-level class: URL [jar:file:/d:/maven/repository/com/framework/framework-core/0.0.1-SNAPSHOT/framework-core-0.0.1-SNAPSHOT.jar!/com/system/model/SysUser.class]
16:07:31,172 DEBUG ClassPathMapperScanner:284 - Identified candidate component class: URL [jar:file:/d:/maven/repository/com/framework/framework-core/0.0.1-SNAPSHOT/framework-core-0.0.1-SNAPSHOT.jar!/com/system/mybatis/dao/CommSeqMapper.class]
16:07:31,172 DEBUG ClassPathMapperScanner:284 - Identified candidate component class: URL [jar:file:/d:/maven/repository/com/framework/framework-core/0.0.1-SNAPSHOT/framework-core-0.0.1-SNAPSHOT.jar!/com/system/mybatis/dao/SysCodeMapper.class]
16:07:31,173 DEBUG ClassPathMapperScanner:284 - Identified candidate component class: URL [jar:file:/d:/maven/repository/com/framework/framework-core/0.0.1-SNAPSHOT/framework-core-0.0.1-SNAPSHOT.jar!/com/system/mybatis/dao/SysDeptMapper.class]
16:07:31,173 DEBUG ClassPathMapperScanner:284 - Identified candidate component class: URL [jar:file:/d:/maven/repository/com/framework/framework-core/0.0.1-SNAPSHOT/framework-core-0.0.1-SNAPSHOT.jar!/com/system/mybatis/dao/SysDeptUserMapper.class]
16:07:31,174 DEBUG ClassPathMapperScanner:284 - Identified candidate component class: URL [jar:file:/d:/maven/repository/com/framework/framework-core/0.0.1-SNAPSHOT/framework-core-0.0.1-SNAPSHOT.jar!/com/system/mybatis/dao/SysIndexitemMapper.class]
16:07:31,174 DEBUG ClassPathMapperScanner:284 - Identified candidate component class: URL [jar:file:/d:/maven/repository/com/framework/framework-core/0.0.1-SNAPSHOT/framework-core-0.0.1-SNAPSHOT.jar!/com/system/mybatis/dao/SysLogMapper.class]
16:07:31,175 DEBUG ClassPathMapperScanner:284 - Identified candidate component class: URL [jar:file:/d:/maven/repository/com/framework/framework-core/0.0.1-SNAPSHOT/framework-core-0.0.1-SNAPSHOT.jar!/com/system/mybatis/dao/SysModuleMapper.class]
16:07:31,176 DEBUG ClassPathMapperScanner:284 - Identified candidate component class: URL [jar:file:/d:/maven/repository/com/framework/framework-core/0.0.1-SNAPSHOT/framework-core-0.0.1-SNAPSHOT.jar!/com/system/mybatis/dao/SysRoleFuncMapper.class]
16:07:31,176 DEBUG ClassPathMapperScanner:284 - Identified candidate component class: URL [jar:file:/d:/maven/repository/com/framework/framework-core/0.0.1-SNAPSHOT/framework-core-0.0.1-SNAPSHOT.jar!/com/system/mybatis/dao/SysRoleMapper.class]
16:07:31,176 DEBUG ClassPathMapperScanner:284 - Identified candidate component class: URL [jar:file:/d:/maven/repository/com/framework/framework-core/0.0.1-SNAPSHOT/framework-core-0.0.1-SNAPSHOT.jar!/com/system/mybatis/dao/SysRoleUserMapper.class]
16:07:31,177 DEBUG ClassPathMapperScanner:284 - Identified candidate component class: URL [jar:file:/d:/maven/repository/com/framework/framework-core/0.0.1-SNAPSHOT/framework-core-0.0.1-SNAPSHOT.jar!/com/system/mybatis/dao/SysUserMapper.class]
16:07:31,177 DEBUG ClassPathMapperScanner:284 - Identified candidate component class: URL [jar:file:/d:/maven/repository/com/framework/framework-core/0.0.1-SNAPSHOT/framework-core-0.0.1-SNAPSHOT.jar!/com/system/mybatis/service/IIndexItemService.class]
16:07:31,179 DEBUG ClassPathMapperScanner:290 - Ignored because not a concrete top-level class: URL [jar:file:/d:/maven/repository/com/framework/framework-core/0.0.1-SNAPSHOT/framework-core-0.0.1-SNAPSHOT.jar!/com/system/mybatis/service/impl/IndexItemService.class]
16:07:31,180 DEBUG ClassPathMapperScanner:290 - Ignored because not a concrete top-level class: URL [jar:file:/d:/maven/repository/com/framework/framework-core/0.0.1-SNAPSHOT/framework-core-0.0.1-SNAPSHOT.jar!/com/system/mybatis/service/impl/SysCodeService.class]
16:07:31,181 DEBUG ClassPathMapperScanner:290 - Ignored because not a concrete top-level class: URL [jar:file:/d:/maven/repository/com/framework/framework-core/0.0.1-SNAPSHOT/framework-core-0.0.1-SNAPSHOT.jar!/com/system/mybatis/service/impl/SysDeptServiceImpl.class]
16:07:31,181 DEBUG ClassPathMapperScanner:290 - Ignored because not a concrete top-level class: URL [jar:file:/d:/maven/repository/com/framework/framework-core/0.0.1-SNAPSHOT/framework-core-0.0.1-SNAPSHOT.jar!/com/system/mybatis/service/impl/SysModuleServiceImpl.class]
16:07:31,182 DEBUG ClassPathMapperScanner:290 - Ignored because not a concrete top-level class: URL [jar:file:/d:/maven/repository/com/framework/framework-core/0.0.1-SNAPSHOT/framework-core-0.0.1-SNAPSHOT.jar!/com/system/mybatis/service/impl/SystemLogServiceImpl.class]
16:07:31,183 DEBUG ClassPathMapperScanner:290 - Ignored because not a concrete top-level class: URL [jar:file:/d:/maven/repository/com/framework/framework-core/0.0.1-SNAPSHOT/framework-core-0.0.1-SNAPSHOT.jar!/com/system/mybatis/service/impl/SystemRoleServiceImpl.class]
16:07:31,184 DEBUG ClassPathMapperScanner:290 - Ignored because not a concrete top-level class: URL [jar:file:/d:/maven/repository/com/framework/framework-core/0.0.1-SNAPSHOT/framework-core-0.0.1-SNAPSHOT.jar!/com/system/mybatis/service/impl/SystemUserServiceImpl.class]
16:07:31,185 DEBUG ClassPathMapperScanner:284 - Identified candidate component class: URL [jar:file:/d:/maven/repository/com/framework/framework-core/0.0.1-SNAPSHOT/framework-core-0.0.1-SNAPSHOT.jar!/com/system/mybatis/service/ISysCodeService.class]
16:07:31,185 DEBUG ClassPathMapperScanner:284 - Identified candidate component class: URL [jar:file:/d:/maven/repository/com/framework/framework-core/0.0.1-SNAPSHOT/framework-core-0.0.1-SNAPSHOT.jar!/com/system/mybatis/service/ISysDeptService.class]
16:07:31,186 DEBUG ClassPathMapperScanner:284 - Identified candidate component class: URL [jar:file:/d:/maven/repository/com/framework/framework-core/0.0.1-SNAPSHOT/framework-core-0.0.1-SNAPSHOT.jar!/com/system/mybatis/service/ISysModuleService.class]
16:07:31,186 DEBUG ClassPathMapperScanner:284 - Identified candidate component class: URL [jar:file:/d:/maven/repository/com/framework/framework-core/0.0.1-SNAPSHOT/framework-core-0.0.1-SNAPSHOT.jar!/com/system/mybatis/service/ISystemLogService.class]
16:07:31,186 DEBUG ClassPathMapperScanner:284 - Identified candidate component class: URL [jar:file:/d:/maven/repository/com/framework/framework-core/0.0.1-SNAPSHOT/framework-core-0.0.1-SNAPSHOT.jar!/com/system/mybatis/service/ISystemRoleService.class]
16:07:31,187 DEBUG ClassPathMapperScanner:284 - Identified candidate component class: URL [jar:file:/d:/maven/repository/com/framework/framework-core/0.0.1-SNAPSHOT/framework-core-0.0.1-SNAPSHOT.jar!/com/system/mybatis/service/ISystemUserService.class]
16:07:31,188 DEBUG ClassPathMapperScanner:290 - Ignored because not a concrete top-level class: URL [jar:file:/d:/maven/repository/com/framework/framework-core/0.0.1-SNAPSHOT/framework-core-0.0.1-SNAPSHOT.jar!/com/system/web/code/CodeController.class]
16:07:31,189 DEBUG ClassPathMapperScanner:290 - Ignored because not a concrete top-level class: URL [jar:file:/d:/maven/repository/com/framework/framework-core/0.0.1-SNAPSHOT/framework-core-0.0.1-SNAPSHOT.jar!/com/system/web/custom/CustomController.class]
16:07:31,190 DEBUG ClassPathMapperScanner:290 - Ignored because not a concrete top-level class: URL [jar:file:/d:/maven/repository/com/framework/framework-core/0.0.1-SNAPSHOT/framework-core-0.0.1-SNAPSHOT.jar!/com/system/web/dataindex/IndexItemController.class]
16:07:31,191 DEBUG ClassPathMapperScanner:290 - Ignored because not a concrete top-level class: URL [jar:file:/d:/maven/repository/com/framework/framework-core/0.0.1-SNAPSHOT/framework-core-0.0.1-SNAPSHOT.jar!/com/system/web/DepartmentController.class]
16:07:31,192 DEBUG ClassPathMapperScanner:290 - Ignored because not a concrete top-level class: URL [jar:file:/d:/maven/repository/com/framework/framework-core/0.0.1-SNAPSHOT/framework-core-0.0.1-SNAPSHOT.jar!/com/system/web/RoleController.class]
16:07:31,194 DEBUG ClassPathMapperScanner:290 - Ignored because not a concrete top-level class: URL [jar:file:/d:/maven/repository/com/framework/framework-core/0.0.1-SNAPSHOT/framework-core-0.0.1-SNAPSHOT.jar!/com/system/web/user/UserController.class]
16:07:31,195  WARN ClassPathMapperScanner:223 - Skipping MapperFactoryBean with name 'sysConstant' and 'com.system.common.SysConstant' mapperInterface. Bean already defined with the same name!
16:07:31,195  WARN ClassPathMapperScanner:223 - Skipping MapperFactoryBean with name 'ISysDeptDao' and 'com.system.jpa.repository.ISysDeptDao' mapperInterface. Bean already defined with the same name!
16:07:31,195  WARN ClassPathMapperScanner:223 - Skipping MapperFactoryBean with name 'commSeqMapper' and 'com.system.mybatis.dao.CommSeqMapper' mapperInterface. Bean already defined with the same name!
16:07:31,195  WARN ClassPathMapperScanner:223 - Skipping MapperFactoryBean with name 'sysCodeMapper' and 'com.system.mybatis.dao.SysCodeMapper' mapperInterface. Bean already defined with the same name!
16:07:31,195  WARN ClassPathMapperScanner:223 - Skipping MapperFactoryBean with name 'sysDeptMapper' and 'com.system.mybatis.dao.SysDeptMapper' mapperInterface. Bean already defined with the same name!
16:07:31,195  WARN ClassPathMapperScanner:223 - Skipping MapperFactoryBean with name 'sysDeptUserMapper' and 'com.system.mybatis.dao.SysDeptUserMapper' mapperInterface. Bean already defined with the same name!
16:07:31,195  WARN ClassPathMapperScanner:223 - Skipping MapperFactoryBean with name 'sysIndexitemMapper' and 'com.system.mybatis.dao.SysIndexitemMapper' mapperInterface. Bean already defined with the same name!
16:07:31,196  WARN ClassPathMapperScanner:223 - Skipping MapperFactoryBean with name 'sysLogMapper' and 'com.system.mybatis.dao.SysLogMapper' mapperInterface. Bean already defined with the same name!
16:07:31,196  WARN ClassPathMapperScanner:223 - Skipping MapperFactoryBean with name 'sysModuleMapper' and 'com.system.mybatis.dao.SysModuleMapper' mapperInterface. Bean already defined with the same name!
16:07:31,196  WARN ClassPathMapperScanner:223 - Skipping MapperFactoryBean with name 'sysRoleFuncMapper' and 'com.system.mybatis.dao.SysRoleFuncMapper' mapperInterface. Bean already defined with the same name!
16:07:31,196  WARN ClassPathMapperScanner:223 - Skipping MapperFactoryBean with name 'sysRoleMapper' and 'com.system.mybatis.dao.SysRoleMapper' mapperInterface. Bean already defined with the same name!
16:07:31,196  WARN ClassPathMapperScanner:223 - Skipping MapperFactoryBean with name 'sysRoleUserMapper' and 'com.system.mybatis.dao.SysRoleUserMapper' mapperInterface. Bean already defined with the same name!
16:07:31,196  WARN ClassPathMapperScanner:223 - Skipping MapperFactoryBean with name 'sysUserMapper' and 'com.system.mybatis.dao.SysUserMapper' mapperInterface. Bean already defined with the same name!
16:07:31,197  WARN ClassPathMapperScanner:223 - Skipping MapperFactoryBean with name 'IIndexItemService' and 'com.system.mybatis.service.IIndexItemService' mapperInterface. Bean already defined with the same name!
16:07:31,197  WARN ClassPathMapperScanner:223 - Skipping MapperFactoryBean with name 'ISysCodeService' and 'com.system.mybatis.service.ISysCodeService' mapperInterface. Bean already defined with the same name!
16:07:31,197  WARN ClassPathMapperScanner:223 - Skipping MapperFactoryBean with name 'ISysDeptService' and 'com.system.mybatis.service.ISysDeptService' mapperInterface. Bean already defined with the same name!
16:07:31,197  WARN ClassPathMapperScanner:223 - Skipping MapperFactoryBean with name 'ISysModuleService' and 'com.system.mybatis.service.ISysModuleService' mapperInterface. Bean already defined with the same name!
16:07:31,197  WARN ClassPathMapperScanner:223 - Skipping MapperFactoryBean with name 'ISystemLogService' and 'com.system.mybatis.service.ISystemLogService' mapperInterface. Bean already defined with the same name!
16:07:31,198  WARN ClassPathMapperScanner:223 - Skipping MapperFactoryBean with name 'ISystemRoleService' and 'com.system.mybatis.service.ISystemRoleService' mapperInterface. Bean already defined with the same name!
16:07:31,198  WARN ClassPathMapperScanner:223 - Skipping MapperFactoryBean with name 'ISystemUserService' and 'com.system.mybatis.service.ISystemUserService' mapperInterface. Bean already defined with the same name!
16:07:31,200 DEBUG ClassPathMapperScanner:284 - Identified candidate component class: file [D:\workspace\framework-root\framework-resources\target\classes\com\resources\dao\AttachmentsMapper.class]
16:07:31,200 DEBUG ClassPathMapperScanner:284 - Identified candidate component class: file [D:\workspace\framework-root\framework-resources\target\classes\com\resources\dao\AttaThumbnailMapper.class]
16:07:31,201 DEBUG ClassPathMapperScanner:290 - Ignored because not a concrete top-level class: file [D:\workspace\framework-root\framework-resources\target\classes\com\resources\model\CommAttachments.class]
16:07:31,201 DEBUG ClassPathMapperScanner:290 - Ignored because not a concrete top-level class: file [D:\workspace\framework-root\framework-resources\target\classes\com\resources\model\CommAttaThumbnail.class]
16:07:31,201 DEBUG ClassPathMapperScanner:284 - Identified candidate component class: file [D:\workspace\framework-root\framework-resources\target\classes\com\resources\ResConstant.class]
16:07:31,202 DEBUG ClassPathMapperScanner:284 - Identified candidate component class: file [D:\workspace\framework-root\framework-resources\target\classes\com\resources\services\AttachmentsService.class]
16:07:31,202 DEBUG ClassPathMapperScanner:290 - Ignored because not a concrete top-level class: file [D:\workspace\framework-root\framework-resources\target\classes\com\resources\services\impl\AttachmentsServiceImpl$1.class]
16:07:31,203 DEBUG ClassPathMapperScanner:290 - Ignored because not a concrete top-level class: file [D:\workspace\framework-root\framework-resources\target\classes\com\resources\services\impl\AttachmentsServiceImpl.class]
16:07:31,204 DEBUG ClassPathMapperScanner:290 - Ignored because not a concrete top-level class: file [D:\workspace\framework-root\framework-resources\target\classes\com\resources\web\AttachmentsController.class]
16:07:31,205 DEBUG ClassPathMapperScanner:290 - Ignored because not a concrete top-level class: file [D:\workspace\framework-root\framework-resources\target\classes\com\resources\web\ShareResources.class]
16:07:31,206 DEBUG ClassPathMapperScanner:161 - Creating MapperFactoryBean with name 'attachmentsMapper' and 'com.resources.dao.AttachmentsMapper' mapperInterface
16:07:31,206 DEBUG ClassPathMapperScanner:161 - Creating MapperFactoryBean with name 'attaThumbnailMapper' and 'com.resources.dao.AttaThumbnailMapper' mapperInterface
16:07:31,206 DEBUG ClassPathMapperScanner:161 - Creating MapperFactoryBean with name 'resConstant' and 'com.resources.ResConstant' mapperInterface
16:07:31,206 DEBUG ClassPathMapperScanner:161 - Creating MapperFactoryBean with name 'attachmentsService' and 'com.resources.services.AttachmentsService' mapperInterface
16:07:31,213 DEBUG DefaultListableBeanFactory:220 - Creating shared instance of singleton bean 'org.springframework.beans.factory.config.PropertyPlaceholderConfigurer#0'
16:07:31,213 DEBUG DefaultListableBeanFactory:450 - Creating instance of bean 'org.springframework.beans.factory.config.PropertyPlaceholderConfigurer#0'
16:07:31,215 DEBUG DefaultListableBeanFactory:524 - Eagerly caching bean 'org.springframework.beans.factory.config.PropertyPlaceholderConfigurer#0' to allow for resolving potential circular references
16:07:31,225 DEBUG DefaultListableBeanFactory:478 - Finished creating instance of bean 'org.springframework.beans.factory.config.PropertyPlaceholderConfigurer#0'
16:07:31,225  INFO PropertyPlaceholderConfigurer:172 - Loading properties file from class path resource [config/db.properties]
16:07:31,233 DEBUG DefaultListableBeanFactory:220 - Creating shared instance of singleton bean 'org.springframework.context.annotation.internalAutowiredAnnotationProcessor'
16:07:31,234 DEBUG DefaultListableBeanFactory:450 - Creating instance of bean 'org.springframework.context.annotation.internalAutowiredAnnotationProcessor'
16:07:31,234  INFO AutowiredAnnotationBeanPostProcessor:153 - JSR-330 'javax.inject.Inject' annotation found and supported for autowiring
16:07:31,235 DEBUG DefaultListableBeanFactory:524 - Eagerly caching bean 'org.springframework.context.annotation.internalAutowiredAnnotationProcessor' to allow for resolving potential circular references
16:07:31,235 DEBUG DefaultListableBeanFactory:478 - Finished creating instance of bean 'org.springframework.context.annotation.internalAutowiredAnnotationProcessor'
16:07:31,235 DEBUG DefaultListableBeanFactory:220 - Creating shared instance of singleton bean 'org.springframework.context.annotation.internalRequiredAnnotationProcessor'
16:07:31,235 DEBUG DefaultListableBeanFactory:450 - Creating instance of bean 'org.springframework.context.annotation.internalRequiredAnnotationProcessor'
16:07:31,236 DEBUG DefaultListableBeanFactory:524 - Eagerly caching bean 'org.springframework.context.annotation.internalRequiredAnnotationProcessor' to allow for resolving potential circular references
16:07:31,236 DEBUG DefaultListableBeanFactory:478 - Finished creating instance of bean 'org.springframework.context.annotation.internalRequiredAnnotationProcessor'
16:07:31,236 DEBUG DefaultListableBeanFactory:220 - Creating shared instance of singleton bean 'org.springframework.context.annotation.internalCommonAnnotationProcessor'
16:07:31,236 DEBUG DefaultListableBeanFactory:450 - Creating instance of bean 'org.springframework.context.annotation.internalCommonAnnotationProcessor'
16:07:31,240 DEBUG DefaultListableBeanFactory:524 - Eagerly caching bean 'org.springframework.context.annotation.internalCommonAnnotationProcessor' to allow for resolving potential circular references
16:07:31,240 DEBUG DefaultListableBeanFactory:478 - Finished creating instance of bean 'org.springframework.context.annotation.internalCommonAnnotationProcessor'
16:07:31,240 DEBUG DefaultListableBeanFactory:220 - Creating shared instance of singleton bean 'org.springframework.context.annotation.internalPersistenceAnnotationProcessor'
16:07:31,240 DEBUG DefaultListableBeanFactory:450 - Creating instance of bean 'org.springframework.context.annotation.internalPersistenceAnnotationProcessor'
16:07:31,242 DEBUG DefaultListableBeanFactory:524 - Eagerly caching bean 'org.springframework.context.annotation.internalPersistenceAnnotationProcessor' to allow for resolving potential circular references
16:07:31,242 DEBUG DefaultListableBeanFactory:478 - Finished creating instance of bean 'org.springframework.context.annotation.internalPersistenceAnnotationProcessor'
16:07:31,242 DEBUG DefaultListableBeanFactory:220 - Creating shared instance of singleton bean 'org.springframework.context.annotation.ConfigurationClassPostProcessor.importAwareProcessor'
[...]
16:07:38,353 DEBUG SqlSessionFactoryBean:468 - Parsed mapper file: 'file [D:\workspace\framework-root\framework-resources\target\test-classes\context\mapper\SysDeptUserMapper.xml]'
16:07:38,377 DEBUG SqlSessionFactoryBean:468 - Parsed mapper file: 'file [D:\workspace\framework-root\framework-resources\target\test-classes\context\mapper\SysIndexitemMapper.xml]'
16:07:38,396 DEBUG SqlSessionFactoryBean:468 - Parsed mapper file: 'file [D:\workspace\framework-root\framework-resources\target\test-classes\context\mapper\SysLogMapper.xml]'
16:07:38,421 DEBUG SqlSessionFactoryBean:468 - Parsed mapper file: 'file [D:\workspace\framework-root\framework-resources\target\test-classes\context\mapper\SysModuleMapper.xml]'
16:07:38,435 DEBUG SqlSessionFactoryBean:468 - Parsed mapper file: 'file [D:\workspace\framework-root\framework-resources\target\test-classes\context\mapper\SysRoleFuncMapper.xml]'
16:07:38,450 DEBUG SqlSessionFactoryBean:468 - Parsed mapper file: 'file [D:\workspace\framework-root\framework-resources\target\test-classes\context\mapper\SysRoleMapper.xml]'
16:07:38,460 DEBUG SqlSessionFactoryBean:468 - Parsed mapper file: 'file [D:\workspace\framework-root\framework-resources\target\test-classes\context\mapper\SysRoleUserMapper.xml]'
16:07:38,485 DEBUG SqlSessionFactoryBean:468 - Parsed mapper file: 'file [D:\workspace\framework-root\framework-resources\target\test-classes\context\mapper\SysUserMapper.xml]'
16:07:38,492  WARN GenericApplicationContext:487 - Exception encountered during context initialization - cancelling refresh attempt
org.springframework.beans.factory.BeanCreationException: Error creating bean with name 'sqlSessionFactory' defined in class path resource [config/application-core.xml]: Invocation of init method failed; nested exception is org.springframework.core.NestedIOException: Failed to parse mapping resource: 'file [D:\workspace\framework-root\framework-resources\target\classes\context\mapper\AttachmentsMapper.xml]'; nested exception is org.apache.ibatis.builder.BuilderException: Error parsing Mapper XML. Cause: java.lang.IllegalArgumentException: Result Maps collection already contains value for com.resources.dao.AttachmentsMapper.BaseResultMap
	at org.springframework.beans.factory.support.AbstractAutowireCapableBeanFactory.initializeBean(AbstractAutowireCapableBeanFactory.java:1568)
	at org.springframework.beans.factory.support.AbstractAutowireCapableBeanFactory.doCreateBean(AbstractAutowireCapableBeanFactory.java:540)
	at org.springframework.beans.factory.support.AbstractAutowireCapableBeanFactory.createBean(AbstractAutowireCapableBeanFactory.java:476)
	at org.springframework.beans.factory.support.AbstractBeanFactory$1.getObject(AbstractBeanFactory.java:302)
	at org.springframework.beans.factory.support.DefaultSingletonBeanRegistry.getSingleton(DefaultSingletonBeanRegistry.java:229)
	at org.springframework.beans.factory.support.AbstractBeanFactory.doGetBean(AbstractBeanFactory.java:298)
	at org.springframework.beans.factory.support.AbstractBeanFactory.getBean(AbstractBeanFactory.java:193)
	at org.springframework.beans.factory.support.DefaultListableBeanFactory.preInstantiateSingletons(DefaultListableBeanFactory.java:706)
	at org.springframework.context.support.AbstractApplicationContext.finishBeanFactoryInitialization(AbstractApplicationContext.java:757)
	at org.springframework.context.support.AbstractApplicationContext.refresh(AbstractApplicationContext.java:480)
	at org.springframework.test.context.support.AbstractGenericContextLoader.loadContext(AbstractGenericContextLoader.java:125)
	at org.springframework.test.context.support.AbstractGenericContextLoader.loadContext(AbstractGenericContextLoader.java:60)
	at org.springframework.test.context.support.AbstractDelegatingSmartContextLoader.delegateLoading(AbstractDelegatingSmartContextLoader.java:108)
	at org.springframework.test.context.support.AbstractDelegatingSmartContextLoader.loadContext(AbstractDelegatingSmartContextLoader.java:260)
	at org.springframework.test.context.DefaultCacheAwareContextLoaderDelegate.loadContextInternal(DefaultCacheAwareContextLoaderDelegate.java:63)
	at org.springframework.test.context.DefaultCacheAwareContextLoaderDelegate.loadContext(DefaultCacheAwareContextLoaderDelegate.java:83)
	at org.springframework.test.context.DefaultTestContext.getApplicationContext(DefaultTestContext.java:74)
	at org.springframework.test.context.support.DependencyInjectionTestExecutionListener.injectDependencies(DependencyInjectionTestExecutionListener.java:116)
	at org.springframework.test.context.support.DependencyInjectionTestExecutionListener.prepareTestInstance(DependencyInjectionTestExecutionListener.java:82)
	at org.springframework.test.context.TestContextManager.prepareTestInstance(TestContextManager.java:212)
	at org.springframework.test.context.junit4.SpringJUnit4ClassRunner.createTest(SpringJUnit4ClassRunner.java:199)
	at org.springframework.test.context.junit4.SpringJUnit4ClassRunner$1.runReflectiveCall(SpringJUnit4ClassRunner.java:251)
	at org.junit.internal.runners.model.ReflectiveCallable.run(ReflectiveCallable.java:12)
	at org.springframework.test.context.junit4.SpringJUnit4ClassRunner.methodBlock(SpringJUnit4ClassRunner.java:253)
	at org.springframework.test.context.junit4.SpringJUnit4ClassRunner.runChild(SpringJUnit4ClassRunner.java:216)
	at org.springframework.test.context.junit4.SpringJUnit4ClassRunner.runChild(SpringJUnit4ClassRunner.java:82)
	at org.junit.runners.ParentRunner$3.run(ParentRunner.java:238)
	at org.junit.runners.ParentRunner$1.schedule(ParentRunner.java:63)
	at org.junit.runners.ParentRunner.runChildren(ParentRunner.java:236)
	at org.junit.runners.ParentRunner.access$000(ParentRunner.java:53)
	at org.junit.runners.ParentRunner$2.evaluate(ParentRunner.java:229)
	at org.springframework.test.context.junit4.statements.RunBeforeTestClassCallbacks.evaluate(RunBeforeTestClassCallbacks.java:60)
	at org.springframework.test.context.junit4.statements.RunAfterTestClassCallbacks.evaluate(RunAfterTestClassCallbacks.java:67)
	at org.junit.runners.ParentRunner.run(ParentRunner.java:309)
	at org.springframework.test.context.junit4.SpringJUnit4ClassRunner.run(SpringJUnit4ClassRunner.java:162)
	at org.apache.maven.surefire.junit4.JUnit4Provider.execute(JUnit4Provider.java:344)
	at org.apache.maven.surefire.junit4.JUnit4Provider.executeWithRerun(JUnit4Provider.java:269)
	at org.apache.maven.surefire.junit4.JUnit4Provider.executeTestSet(JUnit4Provider.java:240)
	at org.apache.maven.surefire.junit4.JUnit4Provider.invoke(JUnit4Provider.java:184)
	at org.apache.maven.surefire.booter.ForkedBooter.invokeProviderInSameClassLoader(ForkedBooter.java:286)
	at org.apache.maven.surefire.booter.ForkedBooter.runSuitesInProcess(ForkedBooter.java:240)
	at org.apache.maven.surefire.booter.ForkedBooter.main(ForkedBooter.java:121)
Caused by: org.springframework.core.NestedIOException: Failed to parse mapping resource: 'file [D:\workspace\framework-root\framework-resources\target\classes\context\mapper\AttachmentsMapper.xml]'; nested exception is org.apache.ibatis.builder.BuilderException: Error parsing Mapper XML. Cause: java.lang.IllegalArgumentException: Result Maps collection already contains value for com.resources.dao.AttachmentsMapper.BaseResultMap
	at org.mybatis.spring.SqlSessionFactoryBean.buildSqlSessionFactory(SqlSessionFactoryBean.java:462)
	at org.mybatis.spring.SqlSessionFactoryBean.afterPropertiesSet(SqlSessionFactoryBean.java:336)
	at org.springframework.beans.factory.support.AbstractAutowireCapableBeanFactory.invokeInitMethods(AbstractAutowireCapableBeanFactory.java:1627)
	at org.springframework.beans.factory.support.AbstractAutowireCapableBeanFactory.initializeBean(AbstractAutowireCapableBeanFactory.java:1564)
	... 41 more
Caused by: org.apache.ibatis.builder.BuilderException: Error parsing Mapper XML. Cause: java.lang.IllegalArgumentException: Result Maps collection already contains value for com.resources.dao.AttachmentsMapper.BaseResultMap
	at org.apache.ibatis.builder.xml.XMLMapperBuilder.configurationElement(XMLMapperBuilder.java:117)
	at org.apache.ibatis.builder.xml.XMLMapperBuilder.parse(XMLMapperBuilder.java:89)
	at org.mybatis.spring.SqlSessionFactoryBean.buildSqlSessionFactory(SqlSessionFactoryBean.java:460)
	... 44 more
Caused by: java.lang.IllegalArgumentException: Result Maps collection already contains value for com.resources.dao.AttachmentsMapper.BaseResultMap
	at org.apache.ibatis.session.Configuration$StrictMap.put(Configuration.java:782)
	at org.apache.ibatis.session.Configuration$StrictMap.put(Configuration.java:754)
	at org.apache.ibatis.session.Configuration.addResultMap(Configuration.java:536)
	at org.apache.ibatis.builder.MapperBuilderAssistant.addResultMap(MapperBuilderAssistant.java:204)
	at org.apache.ibatis.builder.ResultMapResolver.resolve(ResultMapResolver.java:44)
	at org.apache.ibatis.builder.xml.XMLMapperBuilder.resultMapElement(XMLMapperBuilder.java:281)
	at org.apache.ibatis.builder.xml.XMLMapperBuilder.resultMapElement(XMLMapperBuilder.java:248)
	at org.apache.ibatis.builder.xml.XMLMapperBuilder.resultMapElements(XMLMapperBuilder.java:240)
	at org.apache.ibatis.builder.xml.XMLMapperBuilder.configurationElement(XMLMapperBuilder.java:113)
	... 46 more
16:07:38,493 DEBUG DefaultListableBeanFactory:499 - Destroying singletons in org.springframework.beans.factory.support.DefaultListableBeanFactory@375b2146: defining beans [org.springframework.beans.factory.config.PropertyPlaceholderConfigurer#0,dataSource,validator,controlAdvice,sessionManager,org.springframework.context.annotation.internalConfigurationAnnotationProcessor,org.springframework.context.annotation.internalAutowiredAnnotationProcessor,org.springframework.context.annotation.internalRequiredAnnotationProcessor,org.springframework.context.annotation.internalCommonAnnotationProcessor,org.springframework.context.annotation.internalPersistenceAnnotationProcessor,queryParamAop,org.springframework.aop.config.internalAutoProxyCreator,org.springframework.transaction.annotation.AnnotationTransactionAttributeSource#0,org.springframework.transaction.interceptor.TransactionInterceptor#0,org.springframework.transaction.config.internalTransactionAdvisor,sqlSessionFactory,myBatisExceptionTranslator,org.mybatis.spring.mapper.MapperScannerConfigurer#0,transactionManager,indexItemService,sysCodeService,sysDeptServiceImpl,sysModuleServiceImpl,systemLogServiceImpl,systemRoleServiceImpl,systemUserServiceImpl,systemLogAOP,commonServiceImpl,configProperties,attachmentsServiceImpl,attachmentsController,shareResources,iM4ImageHandler,imageService,org.mybatis.spring.mapper.MapperScannerConfigurer#1,org.springframework.context.annotation.ConfigurationClassPostProcessor.importAwareProcessor,org.springframework.context.annotation.ConfigurationClassPostProcessor.enhancedConfigurationProcessor,sysConstant,ISysDeptDao,commSeqMapper,sysCodeMapper,sysDeptMapper,sysDeptUserMapper,sysIndexitemMapper,sysLogMapper,sysModuleMapper,sysRoleFuncMapper,sysRoleMapper,sysRoleUserMapper,sysUserMapper,IIndexItemService,ISysCodeService,ISysDeptService,ISysModuleService,ISystemLogService,ISystemRoleService,ISystemUserService,attachmentsMapper,attaThumbnailMapper,resConstant,attachmentsService]; root of factory hierarchy
16:07:38,493 DEBUG DisposableBeanAdapter:245 - Invoking destroy() on bean with name 'validator'
16:07:38,494 DEBUG DisposableBeanAdapter:323 - Invoking destroy method 'close' on bean with name 'dataSource'
16:07:38,495 ERROR TestContextManager:215 - Caught exception while allowing TestExecutionListener [org.springframework.test.context.support.DependencyInjectionTestExecutionListener@768afd65] to prepare test instance [com.framework.resources.dao.AttachmentsMapperTest@227ef8d0]
java.lang.IllegalStateException: Failed to load ApplicationContext
	at org.springframework.test.context.DefaultCacheAwareContextLoaderDelegate.loadContext(DefaultCacheAwareContextLoaderDelegate.java:91)
	at org.springframework.test.context.DefaultTestContext.getApplicationContext(DefaultTestContext.java:74)
	at org.springframework.test.context.support.DependencyInjectionTestExecutionListener.injectDependencies(DependencyInjectionTestExecutionListener.java:116)
	at org.springframework.test.context.support.DependencyInjectionTestExecutionListener.prepareTestInstance(DependencyInjectionTestExecutionListener.java:82)
	at org.springframework.test.context.TestContextManager.prepareTestInstance(TestContextManager.java:212)
	at org.springframework.test.context.junit4.SpringJUnit4ClassRunner.createTest(SpringJUnit4ClassRunner.java:199)
	at org.springframework.test.context.junit4.SpringJUnit4ClassRunner$1.runReflectiveCall(SpringJUnit4ClassRunner.java:251)
	at org.junit.internal.runners.model.ReflectiveCallable.run(ReflectiveCallable.java:12)
	at org.springframework.test.context.junit4.SpringJUnit4ClassRunner.methodBlock(SpringJUnit4ClassRunner.java:253)
	at org.springframework.test.context.junit4.SpringJUnit4ClassRunner.runChild(SpringJUnit4ClassRunner.java:216)
	at org.springframework.test.context.junit4.SpringJUnit4ClassRunner.runChild(SpringJUnit4ClassRunner.java:82)
	at org.junit.runners.ParentRunner$3.run(ParentRunner.java:238)
	at org.junit.runners.ParentRunner$1.schedule(ParentRunner.java:63)
	at org.junit.runners.ParentRunner.runChildren(ParentRunner.java:236)
	at org.junit.runners.ParentRunner.access$000(ParentRunner.java:53)
	at org.junit.runners.ParentRunner$2.evaluate(ParentRunner.java:229)
	at org.springframework.test.context.junit4.statements.RunBeforeTestClassCallbacks.evaluate(RunBeforeTestClassCallbacks.java:60)
	at org.springframework.test.context.junit4.statements.RunAfterTestClassCallbacks.evaluate(RunAfterTestClassCallbacks.java:67)
	at org.junit.runners.ParentRunner.run(ParentRunner.java:309)
	at org.springframework.test.context.junit4.SpringJUnit4ClassRunner.run(SpringJUnit4ClassRunner.java:162)
	at org.apache.maven.surefire.junit4.JUnit4Provider.execute(JUnit4Provider.java:344)
	at org.apache.maven.surefire.junit4.JUnit4Provider.executeWithRerun(JUnit4Provider.java:269)
	at org.apache.maven.surefire.junit4.JUnit4Provider.executeTestSet(JUnit4Provider.java:240)
	at org.apache.maven.surefire.junit4.JUnit4Provider.invoke(JUnit4Provider.java:184)
	at org.apache.maven.surefire.booter.ForkedBooter.invokeProviderInSameClassLoader(ForkedBooter.java:286)
	at org.apache.maven.surefire.booter.ForkedBooter.runSuitesInProcess(ForkedBooter.java:240)
	at org.apache.maven.surefire.booter.ForkedBooter.main(ForkedBooter.java:121)
Caused by: org.springframework.beans.factory.BeanCreationException: Error creating bean with name 'sqlSessionFactory' defined in class path resource [config/application-core.xml]: Invocation of init method failed; nested exception is org.springframework.core.NestedIOException: Failed to parse mapping resource: 'file [D:\workspace\framework-root\framework-resources\target\classes\context\mapper\AttachmentsMapper.xml]'; nested exception is org.apache.ibatis.builder.BuilderException: Error parsing Mapper XML. Cause: java.lang.IllegalArgumentException: Result Maps collection already contains value for com.resources.dao.AttachmentsMapper.BaseResultMap
	at org.springframework.beans.factory.support.AbstractAutowireCapableBeanFactory.initializeBean(AbstractAutowireCapableBeanFactory.java:1568)
	at org.springframework.beans.factory.support.AbstractAutowireCapableBeanFactory.doCreateBean(AbstractAutowireCapableBeanFactory.java:540)
	at org.springframework.beans.factory.support.AbstractAutowireCapableBeanFactory.createBean(AbstractAutowireCapableBeanFactory.java:476)
	at org.springframework.beans.factory.support.AbstractBeanFactory$1.getObject(AbstractBeanFactory.java:302)
	at org.springframework.beans.factory.support.DefaultSingletonBeanRegistry.getSingleton(DefaultSingletonBeanRegistry.java:229)
	at org.springframework.beans.factory.support.AbstractBeanFactory.doGetBean(AbstractBeanFactory.java:298)
	at org.springframework.beans.factory.support.AbstractBeanFactory.getBean(AbstractBeanFactory.java:193)
	at org.springframework.beans.factory.support.DefaultListableBeanFactory.preInstantiateSingletons(DefaultListableBeanFactory.java:706)
	at org.springframework.context.support.AbstractApplicationContext.finishBeanFactoryInitialization(AbstractApplicationContext.java:757)
	at org.springframework.context.support.AbstractApplicationContext.refresh(AbstractApplicationContext.java:480)
	at org.springframework.test.context.support.AbstractGenericContextLoader.loadContext(AbstractGenericContextLoader.java:125)
	at org.springframework.test.context.support.AbstractGenericContextLoader.loadContext(AbstractGenericContextLoader.java:60)
	at org.springframework.test.context.support.AbstractDelegatingSmartContextLoader.delegateLoading(AbstractDelegatingSmartContextLoader.java:108)
	at org.springframework.test.context.support.AbstractDelegatingSmartContextLoader.loadContext(AbstractDelegatingSmartContextLoader.java:260)
	at org.springframework.test.context.DefaultCacheAwareContextLoaderDelegate.loadContextInternal(DefaultCacheAwareContextLoaderDelegate.java:63)
	at org.springframework.test.context.DefaultCacheAwareContextLoaderDelegate.loadContext(DefaultCacheAwareContextLoaderDelegate.java:83)
	... 26 more
Caused by: org.springframework.core.NestedIOException: Failed to parse mapping resource: 'file [D:\workspace\framework-root\framework-resources\target\classes\context\mapper\AttachmentsMapper.xml]'; nested exception is org.apache.ibatis.builder.BuilderException: Error parsing Mapper XML. Cause: java.lang.IllegalArgumentException: Result Maps collection already contains value for com.resources.dao.AttachmentsMapper.BaseResultMap
	at org.mybatis.spring.SqlSessionFactoryBean.buildSqlSessionFactory(SqlSessionFactoryBean.java:462)
	at org.mybatis.spring.SqlSessionFactoryBean.afterPropertiesSet(SqlSessionFactoryBean.java:336)
	at org.springframework.beans.factory.support.AbstractAutowireCapableBeanFactory.invokeInitMethods(AbstractAutowireCapableBeanFactory.java:1627)
	at org.springframework.beans.factory.support.AbstractAutowireCapableBeanFactory.initializeBean(AbstractAutowireCapableBeanFactory.java:1564)
	... 41 more
Caused by: org.apache.ibatis.builder.BuilderException: Error parsing Mapper XML. Cause: java.lang.IllegalArgumentException: Result Maps collection already contains value for com.resources.dao.AttachmentsMapper.BaseResultMap
	at org.apache.ibatis.builder.xml.XMLMapperBuilder.configurationElement(XMLMapperBuilder.java:117)
	at org.apache.ibatis.builder.xml.XMLMapperBuilder.parse(XMLMapperBuilder.java:89)
	at org.mybatis.spring.SqlSessionFactoryBean.buildSqlSessionFactory(SqlSessionFactoryBean.java:460)
	... 44 more
Caused by: java.lang.IllegalArgumentException: Result Maps collection already contains value for com.resources.dao.AttachmentsMapper.BaseResultMap
	at org.apache.ibatis.session.Configuration$StrictMap.put(Configuration.java:782)
	at org.apache.ibatis.session.Configuration$StrictMap.put(Configuration.java:754)
	at org.apache.ibatis.session.Configuration.addResultMap(Configuration.java:536)
	at org.apache.ibatis.builder.MapperBuilderAssistant.addResultMap(MapperBuilderAssistant.java:204)
	at org.apache.ibatis.builder.ResultMapResolver.resolve(ResultMapResolver.java:44)
	at org.apache.ibatis.builder.xml.XMLMapperBuilder.resultMapElement(XMLMapperBuilder.java:281)
	at org.apache.ibatis.builder.xml.XMLMapperBuilder.resultMapElement(XMLMapperBuilder.java:248)
	at org.apache.ibatis.builder.xml.XMLMapperBuilder.resultMapElements(XMLMapperBuilder.java:240)
	at org.apache.ibatis.builder.xml.XMLMapperBuilder.configurationElement(XMLMapperBuilder.java:113)
	... 46 more
]]></system-out>
  </testcase>
</testsuite>